@@@@@@@icfp_105_100-anytime@@@@@@@

$*$*$*$*/python3 solvers.py --anytime 3600 icfp ../benchmarks/icfp/icfp_105_100.sl$*$*$*$[solvers.main]: Started icfp ../benchmarks/icfp/icfp_105_100.sl , running anytime version.
[solvers.main]: Setting time limit to 3600 seconds
[solvers.main]: Memory limit is 2147483648 bytes.
----------------------------------------------
Solution Size                : 16
Solution Time from start (s) : 3.147050
DT Size                      : 5
Num Dist. Terms Enumerated   : 3
Num Dist. Preds Enumerated   : 5
Max Term Size Enumerated     : 3
Max Pred Size Enumerated     : 5
Num Points                   : 7
Solution                     : (ite (is1 (bvand (shr16 _arg_0) #x0000000000000001)) (shl1 _arg_0) (ite (is1 (bvand (bvnot _arg_0) #x0000000000000001)) #x0000000000000000 #x0000000000000001))
----------------------------------------------
----------------------------------------------
Solution Size                : 12
Solution Time from start (s) : 9.075823
DT Size                      : 3
Num Dist. Terms Enumerated   : 4
Num Dist. Preds Enumerated   : 14
Max Term Size Enumerated     : 3
Max Pred Size Enumerated     : 6
Num Points                   : 7
Solution                     : (ite (is1 (bvand (shr16 (bvnot _arg_0)) #x0000000000000001)) (bvand #x0000000000000001 _arg_0) (shl1 _arg_0))
----------------------------------------------
[solvers.main: Memory out!
[solvers.main: Trying to exit gracefully...
[solvers.main: Memory out!
[solvers.main: Trying to exit gracefully...
