@@@@@@@icfp_39_100-anytime@@@@@@@

$*$*$*$*/python3 solvers.py --anytime 3600 icfp ../benchmarks/icfp/icfp_39_100.sl$*$*$*$[solvers.main]: Started icfp ../benchmarks/icfp/icfp_39_100.sl , running anytime version.
[solvers.main]: Setting time limit to 3600 seconds
[solvers.main]: Memory limit is 2147483648 bytes.
----------------------------------------------
Solution Size                : 12
Solution Time from start (s) : 15.817193
DT Size                      : 3
Num Dist. Terms Enumerated   : 2
Num Dist. Preds Enumerated   : 1
Max Term Size Enumerated     : 4
Max Pred Size Enumerated     : 5
Num Points                   : 2
Solution                     : (ite (is1 (bvand (shr4 _arg_0) #x0000000000000001)) (bvxor (shl1 #x0000000000000001) _arg_0) (shl1 #x0000000000000001))
----------------------------------------------
----------------------------------------------
Solution Size                : 13
Solution Time from start (s) : 37.290781
DT Size                      : 3
Num Dist. Terms Enumerated   : 4
Num Dist. Preds Enumerated   : 8
Max Term Size Enumerated     : 4
Max Pred Size Enumerated     : 6
Num Points                   : 4
Solution                     : (ite (is1 (bvand (shr4 (bvnot _arg_0)) #x0000000000000001)) (shl1 #x0000000000000001) (bvxor (shl1 #x0000000000000001) _arg_0))
----------------------------------------------
[solvers.main: Memory out!
[solvers.main: Trying to exit gracefully...
[solvers.main: Memory out!
[solvers.main: Trying to exit gracefully...
