@@@@@@@icfp_96_1000-anytime@@@@@@@

$*$*$*$*/python3 solvers.py --anytime 3600 icfp ../benchmarks/icfp/icfp_96_1000.sl$*$*$*$[solvers.main]: Started icfp ../benchmarks/icfp/icfp_96_1000.sl , running anytime version.
[solvers.main]: Setting time limit to 3600 seconds
[solvers.main]: Memory limit is 2147483648 bytes.
----------------------------------------------
Solution Size                : 49
Solution Time from start (s) : 2162.293792
DT Size                      : 11
Num Dist. Terms Enumerated   : 10
Num Dist. Preds Enumerated   : 13
Max Term Size Enumerated     : 5
Max Pred Size Enumerated     : 6
Num Points                   : 22
Solution                     : (ite (is1 (bvand (shr4 (shr16 _arg_0)) #x0000000000000001)) (ite (is1 (bvand (shr4 (shl1 _arg_0)) #x0000000000000001)) (ite (is1 (bvand (shr1 (shr1 _arg_0)) #x0000000000000001)) (ite (is1 (bvand (shr1 _arg_0) #x0000000000000001)) (bvadd (shr4 _arg_0) #x0000000000000001) (shr1 (shr4 (shl1 _arg_0)))) (shr4 _arg_0)) (shr4 _arg_0)) (ite (is1 (bvand (bvnot _arg_0) #x0000000000000001)) _arg_0 (bvadd #x0000000000000001 _arg_0)))
----------------------------------------------
----------------------------------------------
Solution Size                : 49
Solution Time from start (s) : 2774.392651
DT Size                      : 11
Num Dist. Terms Enumerated   : 10
Num Dist. Preds Enumerated   : 13
Max Term Size Enumerated     : 5
Max Pred Size Enumerated     : 6
Num Points                   : 29
Solution                     : (ite (is1 (bvand (shr4 (shr16 _arg_0)) #x0000000000000001)) (ite (is1 (bvand (shr1 _arg_0) #x0000000000000001)) (ite (is1 (bvand (shr4 (shl1 _arg_0)) #x0000000000000001)) (ite (is1 (bvand (shr1 (shr1 _arg_0)) #x0000000000000001)) (bvadd (shr4 _arg_0) #x0000000000000001) (shr1 (shr4 (shl1 _arg_0)))) (shr4 _arg_0)) (shr4 _arg_0)) (ite (is1 (bvand (bvnot _arg_0) #x0000000000000001)) _arg_0 (bvadd #x0000000000000001 _arg_0)))
----------------------------------------------
----------------------------------------------
Solution Size                : 47
Solution Time from start (s) : 2984.008047
DT Size                      : 11
Num Dist. Terms Enumerated   : 10
Num Dist. Preds Enumerated   : 13
Max Term Size Enumerated     : 5
Max Pred Size Enumerated     : 6
Num Points                   : 32
Solution                     : (ite (is1 (bvand (shr4 (shr16 _arg_0)) #x0000000000000001)) (ite (is1 (bvand (shr1 _arg_0) #x0000000000000001)) (ite (is1 (bvand (shr4 (shl1 _arg_0)) #x0000000000000001)) (ite (is1 (bvand (shr1 (shr1 _arg_0)) #x0000000000000001)) (bvadd (shr4 _arg_0) #x0000000000000001) (shr4 _arg_0)) (shr4 _arg_0)) (shr4 _arg_0)) (ite (is1 (bvand (bvnot _arg_0) #x0000000000000001)) _arg_0 (bvadd #x0000000000000001 _arg_0)))
----------------------------------------------
----------------------------------------------
Solution Size                : 49
Solution Time from start (s) : 3135.254095
DT Size                      : 11
Num Dist. Terms Enumerated   : 10
Num Dist. Preds Enumerated   : 19
Max Term Size Enumerated     : 5
Max Pred Size Enumerated     : 7
Num Points                   : 32
Solution                     : (ite (is1 (bvand (shr4 (shr16 _arg_0)) #x0000000000000001)) (ite (is1 (bvnot (bvor (shl1 (bvnot #x0000000000000001)) _arg_0))) (ite (is1 (bvand (shr4 (shl1 _arg_0)) #x0000000000000001)) (ite (is1 (bvand (shr1 (shr1 _arg_0)) #x0000000000000001)) (bvadd (shr4 _arg_0) #x0000000000000001) (shr4 _arg_0)) (shr4 _arg_0)) (shr4 _arg_0)) (ite (is1 (bvand (bvnot _arg_0) #x0000000000000001)) _arg_0 (bvadd #x0000000000000001 _arg_0)))
----------------------------------------------
[solvers.main]: Timed out!
[solvers.main]: Trying to exit gracefully...
