@@@@@@@icfp_94_100-anytime@@@@@@@

$*$*$*$*/python3 solvers.py --anytime 3600 icfp ../benchmarks/icfp/icfp_94_100.sl$*$*$*$[solvers.main]: Started icfp ../benchmarks/icfp/icfp_94_100.sl , running anytime version.
[solvers.main]: Setting time limit to 3600 seconds
[solvers.main]: Memory limit is 2147483648 bytes.
----------------------------------------------
Solution Size                : 17
Solution Time from start (s) : 2.496133
DT Size                      : 5
Num Dist. Terms Enumerated   : 3
Num Dist. Preds Enumerated   : 4
Max Term Size Enumerated     : 3
Max Pred Size Enumerated     : 5
Num Points                   : 4
Solution                     : (ite (is1 (bvand (shr16 _arg_0) #x0000000000000001)) (shr16 _arg_0) (ite (is1 (bvand #x0000000000000001 _arg_0)) (bvnot #x0000000000000000) (bvnot #x0000000000000001)))
----------------------------------------------
----------------------------------------------
Solution Size                : 18
Solution Time from start (s) : 9.856917
DT Size                      : 5
Num Dist. Terms Enumerated   : 3
Num Dist. Preds Enumerated   : 13
Max Term Size Enumerated     : 3
Max Pred Size Enumerated     : 6
Num Points                   : 6
Solution                     : (ite (is1 (bvand (shr16 _arg_0) #x0000000000000001)) (shr16 _arg_0) (ite (is1 (bvand (bvnot _arg_0) #x0000000000000001)) (bvnot #x0000000000000001) (bvnot #x0000000000000000)))
----------------------------------------------
----------------------------------------------
Solution Size                : 20
Solution Time from start (s) : 336.098299
DT Size                      : 5
Num Dist. Terms Enumerated   : 3
Num Dist. Preds Enumerated   : 40
Max Term Size Enumerated     : 4
Max Pred Size Enumerated     : 7
Num Points                   : 8
Solution                     : (ite (is1 (bvand (bvor (shr16 _arg_0) _arg_0) #x0000000000000001)) (ite (is1 (bvand (shr16 _arg_0) #x0000000000000001)) (shr16 _arg_0) (bvnot #x0000000000000000)) (bvnot #x0000000000000001))
----------------------------------------------
----------------------------------------------
Solution Size                : 18
Solution Time from start (s) : 392.296599
DT Size                      : 5
Num Dist. Terms Enumerated   : 3
Num Dist. Preds Enumerated   : 44
Max Term Size Enumerated     : 4
Max Pred Size Enumerated     : 8
Num Points                   : 8
Solution                     : (ite (is1 (bvand (shr16 (bvnot _arg_0)) #x0000000000000001)) (ite (is1 (bvand #x0000000000000001 _arg_0)) (bvnot #x0000000000000000) (bvnot #x0000000000000001)) (shr16 _arg_0))
----------------------------------------------
----------------------------------------------
Solution Size                : 13
Solution Time from start (s) : 498.772112
DT Size                      : 3
Num Dist. Terms Enumerated   : 4
Num Dist. Preds Enumerated   : 79
Max Term Size Enumerated     : 4
Max Pred Size Enumerated     : 8
Num Points                   : 8
Solution                     : (ite (is1 (bvand (shr16 (bvnot _arg_0)) #x0000000000000001)) (bvor (bvnot #x0000000000000001) _arg_0) (shr16 _arg_0))
----------------------------------------------
[solvers.main: Memory out!
[solvers.main: Trying to exit gracefully...
[solvers.main: Memory out!
[solvers.main: Trying to exit gracefully...
