@@@@@@@icfp_7_10-anytime@@@@@@@

$*$*$*$*/python3 solvers.py --anytime 3600 icfp ../benchmarks/icfp/icfp_7_10.sl$*$*$*$[solvers.main]: Started icfp ../benchmarks/icfp/icfp_7_10.sl , running anytime version.
[solvers.main]: Setting time limit to 3600 seconds
[solvers.main]: Memory limit is 2147483648 bytes.
----------------------------------------------
Solution Size                : 16
Solution Time from start (s) : 0.659356
DT Size                      : 5
Num Dist. Terms Enumerated   : 3
Num Dist. Preds Enumerated   : 3
Max Term Size Enumerated     : 3
Max Pred Size Enumerated     : 5
Num Points                   : 6
Solution                     : (ite (is1 (bvand #x0000000000000001 _arg_0)) (ite (is1 (bvand (shr1 _arg_0) #x0000000000000001)) (shl1 _arg_0) _arg_0) (bvnot _arg_0))
----------------------------------------------
----------------------------------------------
Solution Size                : 17
Solution Time from start (s) : 0.738396
DT Size                      : 5
Num Dist. Terms Enumerated   : 3
Num Dist. Preds Enumerated   : 5
Max Term Size Enumerated     : 3
Max Pred Size Enumerated     : 5
Num Points                   : 6
Solution                     : (ite (is1 (bvand (bvnot _arg_0) #x0000000000000001)) (bvnot _arg_0) (ite (is1 (bvand (shr1 _arg_0) #x0000000000000001)) (shl1 _arg_0) _arg_0))
----------------------------------------------
----------------------------------------------
Solution Size                : 18
Solution Time from start (s) : 20.516976
DT Size                      : 5
Num Dist. Terms Enumerated   : 3
Num Dist. Preds Enumerated   : 18
Max Term Size Enumerated     : 3
Max Pred Size Enumerated     : 7
Num Points                   : 8
Solution                     : (ite (is1 (bvand #x0000000000000001 _arg_0)) (ite (is1 (shr16 (shr16 (shr16 (shl1 (shr16 _arg_0)))))) _arg_0 (shl1 _arg_0)) (bvnot _arg_0))
----------------------------------------------
----------------------------------------------
Solution Size                : 18
Solution Time from start (s) : 36.761545
DT Size                      : 5
Num Dist. Terms Enumerated   : 4
Num Dist. Preds Enumerated   : 22
Max Term Size Enumerated     : 4
Max Pred Size Enumerated     : 7
Num Points                   : 8
Solution                     : (ite (is1 (bvand #x0000000000000001 _arg_0)) (ite (is1 (bvand (bvand (shr1 _arg_0) #x0000000000000001) _arg_0)) (shl1 _arg_0) _arg_0) (bvnot _arg_0))
----------------------------------------------
----------------------------------------------
Solution Size                : 18
Solution Time from start (s) : 37.348069
DT Size                      : 5
Num Dist. Terms Enumerated   : 4
Num Dist. Preds Enumerated   : 29
Max Term Size Enumerated     : 4
Max Pred Size Enumerated     : 7
Num Points                   : 8
Solution                     : (ite (is1 (bvand #x0000000000000001 _arg_0)) (ite (is1 (bvand (shr1 (bvadd #x0000000000000001 _arg_0)) #x0000000000000001)) _arg_0 (shl1 _arg_0)) (bvnot _arg_0))
----------------------------------------------
[solvers.main: Memory out!
[solvers.main: Trying to exit gracefully...
