@@@@@@@icfp_104_10-anytime@@@@@@@

$*$*$*$*/python3 solvers.py --anytime 3600 icfp ../benchmarks/icfp/icfp_104_10.sl$*$*$*$[solvers.main]: Started icfp ../benchmarks/icfp/icfp_104_10.sl , running anytime version.
[solvers.main]: Setting time limit to 3600 seconds
[solvers.main]: Memory limit is 2147483648 bytes.
----------------------------------------------
Solution Size                : 17
Solution Time from start (s) : 1.080825
DT Size                      : 5
Num Dist. Terms Enumerated   : 3
Num Dist. Preds Enumerated   : 5
Max Term Size Enumerated     : 3
Max Pred Size Enumerated     : 5
Num Points                   : 6
Solution                     : (ite (is1 (bvand (shr16 _arg_0) #x0000000000000001)) (shr1 _arg_0) (ite (is1 (bvand (bvnot _arg_0) #x0000000000000001)) (shl1 _arg_0) #x0000000000000000))
----------------------------------------------
----------------------------------------------
Solution Size                : 17
Solution Time from start (s) : 30.894826
DT Size                      : 5
Num Dist. Terms Enumerated   : 3
Num Dist. Preds Enumerated   : 5
Max Term Size Enumerated     : 3
Max Pred Size Enumerated     : 5
Num Points                   : 7
Solution                     : (ite (is1 (bvand (bvnot _arg_0) #x0000000000000001)) (shl1 _arg_0) (ite (is1 (bvand (shr16 _arg_0) #x0000000000000001)) (shr1 _arg_0) #x0000000000000000))
----------------------------------------------
----------------------------------------------
Solution Size                : 19
Solution Time from start (s) : 316.497665
DT Size                      : 5
Num Dist. Terms Enumerated   : 5
Num Dist. Preds Enumerated   : 44
Max Term Size Enumerated     : 4
Max Pred Size Enumerated     : 8
Num Points                   : 7
Solution                     : (ite (is1 (bvand (bvnot _arg_0) #x0000000000000001)) (shl1 _arg_0) (ite (is1 (bvand (shr4 (shr4 (shl1 _arg_0))) #x0000000000000001)) (shr1 _arg_0) #x0000000000000000))
----------------------------------------------
----------------------------------------------
Solution Size                : 18
Solution Time from start (s) : 354.242813
DT Size                      : 5
Num Dist. Terms Enumerated   : 6
Num Dist. Preds Enumerated   : 87
Max Term Size Enumerated     : 4
Max Pred Size Enumerated     : 8
Num Points                   : 7
Solution                     : (ite (is1 (bvand #x0000000000000001 _arg_0)) (ite (is1 (bvand (shr4 (shr4 (shl1 _arg_0))) #x0000000000000001)) (shr1 _arg_0) #x0000000000000000) (shl1 _arg_0))
----------------------------------------------
[solvers.main: Memory out!
[solvers.main: Trying to exit gracefully...
[solvers.main: Memory out!
[solvers.main: Trying to exit gracefully...
