@@@@@@@icfp_105_1000-anytime@@@@@@@

$*$*$*$*/python3 solvers.py --anytime 3600 icfp ../benchmarks/icfp/icfp_105_1000.sl$*$*$*$[solvers.main]: Started icfp ../benchmarks/icfp/icfp_105_1000.sl , running anytime version.
[solvers.main]: Setting time limit to 3600 seconds
[solvers.main]: Memory limit is 2147483648 bytes.
----------------------------------------------
Solution Size                : 15
Solution Time from start (s) : 35.981817
DT Size                      : 5
Num Dist. Terms Enumerated   : 3
Num Dist. Preds Enumerated   : 4
Max Term Size Enumerated     : 3
Max Pred Size Enumerated     : 5
Num Points                   : 4
Solution                     : (ite (is1 (bvand (shr16 _arg_0) #x0000000000000001)) (shl1 _arg_0) (ite (is1 (bvand #x0000000000000001 _arg_0)) #x0000000000000001 #x0000000000000000))
----------------------------------------------
----------------------------------------------
Solution Size                : 11
Solution Time from start (s) : 134.912868
DT Size                      : 3
Num Dist. Terms Enumerated   : 4
Num Dist. Preds Enumerated   : 15
Max Term Size Enumerated     : 3
Max Pred Size Enumerated     : 6
Num Points                   : 6
Solution                     : (ite (is1 (bvand (shr16 _arg_0) #x0000000000000001)) (shl1 _arg_0) (bvand #x0000000000000001 _arg_0))
----------------------------------------------
----------------------------------------------
Solution Size                : 12
Solution Time from start (s) : 875.946877
DT Size                      : 3
Num Dist. Terms Enumerated   : 5
Num Dist. Preds Enumerated   : 44
Max Term Size Enumerated     : 4
Max Pred Size Enumerated     : 8
Num Points                   : 6
Solution                     : (ite (is1 (bvand (shr16 (bvnot _arg_0)) #x0000000000000001)) (bvand #x0000000000000001 _arg_0) (shl1 _arg_0))
----------------------------------------------
[solvers.main: Memory out!
[solvers.main: Trying to exit gracefully...
[solvers.main: Memory out!
[solvers.main: Trying to exit gracefully...
