@@@@@@@icfp_118_10-anytime@@@@@@@

$*$*$*$*/python3 solvers.py --anytime 3600 icfp ../benchmarks/icfp/icfp_118_10.sl$*$*$*$[solvers.main]: Started icfp ../benchmarks/icfp/icfp_118_10.sl , running anytime version.
[solvers.main]: Setting time limit to 3600 seconds
[solvers.main]: Memory limit is 2147483648 bytes.
----------------------------------------------
Solution Size                : 32
Solution Time from start (s) : 4.043165
DT Size                      : 7
Num Dist. Terms Enumerated   : 3
Num Dist. Preds Enumerated   : 3
Max Term Size Enumerated     : 4
Max Pred Size Enumerated     : 5
Num Points                   : 6
Solution                     : (ite (is1 (bvand (shr1 _arg_0) #x0000000000000001)) (ite (is1 (bvand #x0000000000000001 _arg_0)) (shr4 (shr4 (shr16 _arg_0))) (shl1 (shl1 (shr1 _arg_0)))) (ite (is1 (bvand #x0000000000000001 _arg_0)) (shl1 (shl1 (shr1 _arg_0))) (shr4 (shr4 (shr16 _arg_0)))))
----------------------------------------------
----------------------------------------------
Solution Size                : 34
Solution Time from start (s) : 4.180662
DT Size                      : 7
Num Dist. Terms Enumerated   : 3
Num Dist. Preds Enumerated   : 5
Max Term Size Enumerated     : 4
Max Pred Size Enumerated     : 5
Num Points                   : 6
Solution                     : (ite (is1 (bvand (shr1 _arg_0) #x0000000000000001)) (ite (is1 (bvand (bvnot _arg_0) #x0000000000000001)) (shl1 (shl1 (shr1 _arg_0))) (shr4 (shr4 (shr16 _arg_0)))) (ite (is1 (bvand (bvnot _arg_0) #x0000000000000001)) (shr4 (shr4 (shr16 _arg_0))) (shl1 (shl1 (shr1 _arg_0)))))
----------------------------------------------
----------------------------------------------
Solution Size                : 15
Solution Time from start (s) : 9.053905
DT Size                      : 3
Num Dist. Terms Enumerated   : 4
Num Dist. Preds Enumerated   : 12
Max Term Size Enumerated     : 4
Max Pred Size Enumerated     : 6
Num Points                   : 7
Solution                     : (ite (is1 (bvand (shr4 (shl1 _arg_0)) #x0000000000000001)) (shl1 (shl1 (shr1 _arg_0))) (shr4 (shr4 (shr16 _arg_0))))
----------------------------------------------
----------------------------------------------
Solution Size                : 16
Solution Time from start (s) : 331.287837
DT Size                      : 3
Num Dist. Terms Enumerated   : 4
Num Dist. Preds Enumerated   : 44
Max Term Size Enumerated     : 4
Max Pred Size Enumerated     : 8
Num Points                   : 7
Solution                     : (ite (is1 (bvand (shr4 (shl1 (bvnot _arg_0))) #x0000000000000001)) (shr4 (shr4 (shr16 _arg_0))) (shl1 (shl1 (shr1 _arg_0))))
----------------------------------------------
[solvers.main: Memory out!
[solvers.main: Trying to exit gracefully...
[solvers.main: Memory out!
[solvers.main: Trying to exit gracefully...
