@@@@@@@icfp_82_10-anytime@@@@@@@

$*$*$*$*/python3 solvers.py --anytime 3600 icfp ../benchmarks/icfp/icfp_82_10.sl$*$*$*$[solvers.main]: Started icfp ../benchmarks/icfp/icfp_82_10.sl , running anytime version.
[solvers.main]: Setting time limit to 3600 seconds
[solvers.main]: Memory limit is 2147483648 bytes.
----------------------------------------------
Solution Size                : 13
Solution Time from start (s) : 3.855237
DT Size                      : 3
Num Dist. Terms Enumerated   : 4
Num Dist. Preds Enumerated   : 9
Max Term Size Enumerated     : 3
Max Pred Size Enumerated     : 6
Num Points                   : 7
Solution                     : (ite (is1 (bvand (shr1 (shr4 _arg_0)) #x0000000000000001)) (bvand #x0000000000000001 _arg_0) (shr4 (shr16 _arg_0)))
----------------------------------------------
----------------------------------------------
Solution Size                : 14
Solution Time from start (s) : 33.137386
DT Size                      : 3
Num Dist. Terms Enumerated   : 4
Num Dist. Preds Enumerated   : 24
Max Term Size Enumerated     : 4
Max Pred Size Enumerated     : 7
Num Points                   : 7
Solution                     : (ite (is1 (bvand (shr1 (shr4 (bvnot _arg_0))) #x0000000000000001)) (shr4 (shr16 _arg_0)) (bvand #x0000000000000001 _arg_0))
----------------------------------------------
[solvers.main: Memory out!
[solvers.main: Trying to exit gracefully...
[solvers.main: Memory out!
[solvers.main: Trying to exit gracefully...
