@@@@@@@icfp_94_1000-anytime@@@@@@@

$*$*$*$*/python3 solvers.py --anytime 3600 icfp ../benchmarks/icfp/icfp_94_1000.sl$*$*$*$[solvers.main]: Started icfp ../benchmarks/icfp/icfp_94_1000.sl , running anytime version.
[solvers.main]: Setting time limit to 3600 seconds
[solvers.main]: Memory limit is 2147483648 bytes.
----------------------------------------------
Solution Size                : 17
Solution Time from start (s) : 46.836541
DT Size                      : 5
Num Dist. Terms Enumerated   : 3
Num Dist. Preds Enumerated   : 4
Max Term Size Enumerated     : 3
Max Pred Size Enumerated     : 5
Num Points                   : 4
Solution                     : (ite (is1 (bvand (shr16 _arg_0) #x0000000000000001)) (shr16 _arg_0) (ite (is1 (bvand #x0000000000000001 _arg_0)) (bvnot #x0000000000000000) (bvnot #x0000000000000001)))
----------------------------------------------
----------------------------------------------
Solution Size                : 20
Solution Time from start (s) : 424.305565
DT Size                      : 5
Num Dist. Terms Enumerated   : 4
Num Dist. Preds Enumerated   : 33
Max Term Size Enumerated     : 4
Max Pred Size Enumerated     : 7
Num Points                   : 6
Solution                     : (ite (is1 (bvand (shr16 _arg_0) #x0000000000000001)) (shr16 _arg_0) (ite (is1 (bvand (bvor (shr16 _arg_0) _arg_0) #x0000000000000001)) (bvnot #x0000000000000000) (bvnot #x0000000000000001)))
----------------------------------------------
----------------------------------------------
Solution Size                : 21
Solution Time from start (s) : 861.970046
DT Size                      : 5
Num Dist. Terms Enumerated   : 4
Num Dist. Preds Enumerated   : 44
Max Term Size Enumerated     : 4
Max Pred Size Enumerated     : 8
Num Points                   : 6
Solution                     : (ite (is1 (bvand (shr16 (bvnot _arg_0)) #x0000000000000001)) (ite (is1 (bvand (bvxor (shr16 _arg_0) _arg_0) #x0000000000000001)) (bvnot #x0000000000000000) (bvnot #x0000000000000001)) (shr16 _arg_0))
----------------------------------------------
[solvers.main: Memory out!
[solvers.main: Trying to exit gracefully...
