434
56
results/greedy:not_hackers.model.per_size/benchmarks_custom@hackers_delight@hd-06-d0-prog.sl_340620617
37 [33.17461030320567] hackers
results/greedy:not_hackers.model.per_size/benchmarks_custom@hackers_delight@hd-04-d5-prog.sl_209506456
124 [274.92290551369945] hackers
results/greedy:not_hackers.model.per_size/benchmarks_custom@hackers_delight@hd-10-d1-prog.sl_048350508
results/greedy:not_hackers.model.per_size/benchmarks_custom@hackers_delight@hd-07-d5-prog.sl_497329779
505 [1511.1628940765868] hackers
results/greedy:not_hackers.model.per_size/benchmarks_custom@hackers_delight@hd-01-d1-prog.sl_450786486
39 [41.28883857823398] hackers
results/greedy:not_hackers.model.per_size/benchmarks_custom@hackers_delight@hd-02-d0-prog.sl_476588984
8 [13.547914852947054] hackers
results/greedy:not_hackers.model.per_size/benchmarks_custom@hackers_delight@hd-05-d5-prog.sl_024317840
179 [234.67997826022807] hackers
results/greedy:not_hackers.model.per_size/benchmarks_custom@hackers_delight@hd-09-d0-prog.sl_301429867
114 [116.38870651406666] hackers
results/greedy:not_hackers.model.per_size/benchmarks_custom@hackers_delight@hd-07-d0-prog.sl_834313224
48 [53.41618705792747] hackers
results/greedy:not_hackers.model.per_size/benchmarks_custom@hackers_delight@hd-18-d5-prog.sl_469017632
results/greedy:not_hackers.model.per_size/benchmarks_custom@hackers_delight@hd-05-d0-prog.sl_764677481
11 [21.653271657906107] hackers
results/greedy:not_hackers.model.per_size/benchmarks_custom@hackers_delight@hd-04-d0-prog.sl_398015115
15 [19.953082427327114] hackers
results/greedy:not_hackers.model.per_size/benchmarks_custom@hackers_delight@hd-12-d0-prog.sl_110588501
results/greedy:not_hackers.model.per_size/benchmarks_custom@hackers_delight@hd-12-d5-prog.sl_440884953
results/greedy:not_hackers.model.per_size/benchmarks_custom@hackers_delight@hd-09-d5-prog.sl_168183695
102 [51.4230498104616] hackers
results/greedy:not_hackers.model.per_size/benchmarks_custom@hackers_delight@hd-07-d1-prog.sl_589435228
100 [146.4133796165058] hackers
results/greedy:not_hackers.model.per_size/benchmarks_custom@hackers_delight@hd-10-d5-prog.sl_255688107
results/greedy:not_hackers.model.per_size/benchmarks_custom@hackers_delight@hd-20-d0-prog.sl_759776664
results/greedy:not_hackers.model.per_size/benchmarks_custom@hackers_delight@hd-10-d0-prog.sl_064127715
results/greedy:not_hackers.model.per_size/benchmarks_custom@hackers_delight@hd-01-d5-prog.sl_039567851
136 [187.58614999401073] hackers
results/greedy:not_hackers.model.per_size/benchmarks_custom@hackers_delight@hd-15-d5-prog.sl_832842302
results/greedy:not_hackers.model.per_size/benchmarks_custom@hackers_delight@hd-11-d5-prog.sl_770055637
results/greedy:not_hackers.model.per_size/benchmarks_custom@hackers_delight@hd-18-d0-prog.sl_318351807
results/greedy:not_hackers.model.per_size/benchmarks_custom@hackers_delight@hd-02-d1-prog.sl_357525706
26 [52.80565213622834] hackers
results/greedy:not_hackers.model.per_size/benchmarks_custom@hackers_delight@hd-17-d1-prog.sl_549726184
926 [1114.0652110548606] hackers
results/greedy:not_hackers.model.per_size/benchmarks_custom@hackers_delight@hd-08-d5-prog.sl_120999297
131 [170.24495194290353] hackers
results/greedy:not_hackers.model.per_size/benchmarks_custom@hackers_delight@hd-03-d0-prog.sl_358751269
4 [4.0] hackers
results/greedy:not_hackers.model.per_size/benchmarks_custom@hackers_delight@hd-19-d0-prog.sl_057449613
results/greedy:not_hackers.model.per_size/benchmarks_custom@hackers_delight@hd-13-d1-prog.sl_911909233
37 [38.11576419738886] hackers
results/greedy:not_hackers.model.per_size/benchmarks_custom@hackers_delight@hd-17-d5-prog.sl_222601889
results/greedy:not_hackers.model.per_size/benchmarks_custom@hackers_delight@hd-08-d0-prog.sl_180888269
32 [45.23060597654513] hackers
results/greedy:not_hackers.model.per_size/benchmarks_custom@hackers_delight@hd-14-d1-prog.sl_881493528
skip, forbidden
results/greedy:not_hackers.model.per_size/benchmarks_custom@hackers_delight@hd-05-d1-prog.sl_838212447
60 [55.25165502314504] hackers
results/greedy:not_hackers.model.per_size/benchmarks_custom@hackers_delight@hd-19-d1-prog.sl_929813277
results/greedy:not_hackers.model.per_size/benchmarks_custom@hackers_delight@hd-13-d5-prog.sl_904304649
39 [52.46432976960532] hackers
results/greedy:not_hackers.model.per_size/benchmarks_custom@hackers_delight@hd-17-d0-prog.sl_066292488
427 [499.52382162294134] hackers
results/greedy:not_hackers.model.per_size/benchmarks_custom@hackers_delight@hd-11-d0-prog.sl_979522438
results/greedy:not_hackers.model.per_size/benchmarks_custom@hackers_delight@hd-08-d1-prog.sl_119812792
66 [57.09119641632274] hackers
results/greedy:not_hackers.model.per_size/benchmarks_custom@hackers_delight@hd-14-d0-prog.sl_561839239
4760 [2724.2825119388294] hackers
results/greedy:not_hackers.model.per_size/benchmarks_custom@hackers_delight@hd-11-d1-prog.sl_409925304
results/greedy:not_hackers.model.per_size/benchmarks_custom@hackers_delight@hd-15-d1-prog.sl_559065661
results/greedy:not_hackers.model.per_size/benchmarks_custom@hackers_delight@hd-03-d5-prog.sl_066306311
37 [60.27314960825695] hackers
results/greedy:not_hackers.model.per_size/benchmarks_custom@hackers_delight@hd-14-d5-prog.sl_772888478
results/greedy:not_hackers.model.per_size/benchmarks_custom@hackers_delight@hd-02-d5-prog.sl_230101772
162 [223.61049007923873] hackers
results/greedy:not_hackers.model.per_size/benchmarks_custom@hackers_delight@hd-06-d1-prog.sl_674587679
130 [122.91422729565919] hackers
results/greedy:not_hackers.model.per_size/benchmarks_custom@hackers_delight@hd-12-d1-prog.sl_895757706
results/greedy:not_hackers.model.per_size/benchmarks_custom@hackers_delight@hd-06-d5-prog.sl_635154791
279 [341.583880406398] hackers
results/greedy:not_hackers.model.per_size/benchmarks_custom@hackers_delight@hd-13-d0-prog.sl_422124342
25 [38.1421594887902] hackers
results/greedy:not_hackers.model.per_size/benchmarks_custom@hackers_delight@hd-09-d1-prog.sl_175092143
73 [54.000118146207946] hackers
results/greedy:not_hackers.model.per_size/benchmarks_custom@hackers_delight@hd-15-d0-prog.sl_342164658
results/greedy:not_hackers.model.per_size/benchmarks_custom@hackers_delight@hd-19-d5-prog.sl_734594885
results/greedy:not_hackers.model.per_size/benchmarks_custom@hackers_delight@hd-04-d1-prog.sl_244794732
103 [98.7977462356773] hackers
results/greedy:not_hackers.model.per_size/benchmarks_custom@hackers_delight@hd-20-d5-prog.sl_233883748
results/greedy:not_hackers.model.per_size/benchmarks_custom@hackers_delight@hd-20-d1-prog.sl_461191790
results/greedy:not_hackers.model.per_size/benchmarks_custom@hackers_delight@hd-03-d1-prog.sl_313290995
24 [26.429835057556687] hackers
results/greedy:not_hackers.model.per_size/benchmarks_custom@hackers_delight@hd-18-d1-prog.sl_381124332
Global stats:
A: 0.9686537589975638
G: 1.209156718158536
hackers
A: 0.7354895885728737
G: 1.209156718158536
