434
14
results/greedy:not_max.model.global/benchmarks@max@max_10.sl_974408575
results/greedy:not_max.model.global/benchmarks@max@max_4.sl_899541946
359 [667.0460647337999] max
results/greedy:not_max.model.global/benchmarks@max@max_3.sl_926458542
140 [184.26202618124205] max
results/greedy:not_max.model.global/benchmarks@max@max_12.sl_205185223
results/greedy:not_max.model.global/benchmarks@max@max_14.sl_864116423
results/greedy:not_max.model.global/benchmarks@max@max_8.sl_703830508
results/greedy:not_max.model.global/benchmarks@max@max_11.sl_659062667
results/greedy:not_max.model.global/benchmarks@max@max_7.sl_471747206
results/greedy:not_max.model.global/benchmarks@max@max_13.sl_114140048
results/greedy:not_max.model.global/benchmarks@max@max_2.sl_484418838
9 [39.72151109620335] max
results/greedy:not_max.model.global/benchmarks@max@max_6.sl_619096652
results/greedy:not_max.model.global/benchmarks@max@max_9.sl_236567230
results/greedy:not_max.model.global/benchmarks@max@max_5.sl_483542340
2897 [2211.8586283687787] max
results/greedy:not_max.model.global/benchmarks@max@max_15.sl_690140529
Global stats:
A: 0.9112740764699042
G: 1.6943000621150002
max
A: 0.9273429958304432
G: 1.6943000621150002
