434
14
results/greedy:not_array.model.per_size/benchmarks_se@arrays@array_search_11.sl_574290936
296 [322.14288813096437] arrays
results/greedy:not_array.model.per_size/benchmarks_se@arrays@array_search_4.sl_625245922
62 [134.06644104405711] arrays
results/greedy:not_array.model.per_size/benchmarks_se@arrays@array_search_5.sl_834295701
96 [134.3806932297147] arrays
results/greedy:not_array.model.per_size/benchmarks_se@arrays@array_search_12.sl_526181806
330 [314.97403293525065] arrays
results/greedy:not_array.model.per_size/benchmarks_se@arrays@array_search_15.sl_838004518
480 [442.3188691415842] arrays
results/greedy:not_array.model.per_size/benchmarks_se@arrays@array_search_7.sl_584922769
140 [210.02021016330366] arrays
results/greedy:not_array.model.per_size/benchmarks_se@arrays@array_search_14.sl_262648125
630 [476.4792596494115] arrays
results/greedy:not_array.model.per_size/benchmarks_se@arrays@array_search_2.sl_574324024
47 [77.47454895927362] arrays
results/greedy:not_array.model.per_size/benchmarks_se@arrays@array_search_13.sl_348441935
391 [346.7286513153009] arrays
results/greedy:not_array.model.per_size/benchmarks_se@arrays@array_search_9.sl_981286755
207 [474.292327859049] arrays
results/greedy:not_array.model.per_size/benchmarks_se@arrays@array_search_3.sl_978747105
52 [95.66007110102726] arrays
results/greedy:not_array.model.per_size/benchmarks_se@arrays@array_search_10.sl_981608269
245 [298.0483417222324] arrays
results/greedy:not_array.model.per_size/benchmarks_se@arrays@array_search_8.sl_078193811
298 [226.2104202054027] arrays
results/greedy:not_array.model.per_size/benchmarks_se@arrays@array_search_6.sl_284218523
135 [181.396351856465] arrays
Global stats:
A: 1.0953925219457428
G: 1.2589733351458823
arrays
A: 0.796512017182873
G: 1.2589733351458823
