434
350
results/greedy:not_icfp.model.per_size/benchmarks@icfp_generated@icfp_gen_11.16.sl_162204780
2190 [3353.78286932107] icfp
results/greedy:not_icfp.model.per_size/benchmarks@icfp_generated@icfp_gen_3.20.sl_153035198
1017 [2583.9441500704634] icfp
results/greedy:not_icfp.model.per_size/benchmarks@icfp_generated@icfp_gen_12.13.sl_640689921
5003 [9188.517891995565] icfp
results/greedy:not_icfp.model.per_size/benchmarks@icfp@icfp_5_1000.sl_181027395
134 [217.59399911661893] icfp
results/greedy:not_icfp.model.per_size/benchmarks@icfp_generated@icfp_gen_3.7.sl_647118883
1248 [2132.8445637700984] icfp
results/greedy:not_icfp.model.per_size/benchmarks@icfp_generated@icfp_gen_11.10.sl_473698850
1383 [2403.1223591579005] icfp
results/greedy:not_icfp.model.per_size/benchmarks@icfp_generated@icfp_gen_15.13.sl_869269644
625 [499.21421305815727] icfp
results/greedy:not_icfp.model.per_size/benchmarks@icfp_generated@icfp_gen_1.8.sl_426963265
1206 [2291.8209945083813] icfp
results/greedy:not_icfp.model.per_size/benchmarks@icfp_generated@icfp_gen_3.11.sl_802297865
152 [396.24420504164794] icfp
results/greedy:not_icfp.model.per_size/benchmarks@icfp_generated@icfp_gen_13.16.sl_087790993
2678 [5242.8029623797775] icfp
results/greedy:not_icfp.model.per_size/benchmarks@icfp_generated@icfp_gen_15.6.sl_853022614
2141 [2801.0921728546336] icfp
results/greedy:not_icfp.model.per_size/benchmarks@icfp_generated@icfp_gen_7.9.sl_389378524
715 [1296.481359478948] icfp
results/greedy:not_icfp.model.per_size/benchmarks@icfp_generated@icfp_gen_10.13.sl_558142421
333 [1348.3778955794357] icfp
results/greedy:not_icfp.model.per_size/benchmarks@icfp_generated@icfp_gen_9.3.sl_892783890
1652 [2647.3328638607645] icfp
results/greedy:not_icfp.model.per_size/benchmarks@icfp_generated@icfp_gen_5.8.sl_504861917
2577 [3593.753791824967] icfp
results/greedy:not_icfp.model.per_size/benchmarks@icfp_generated@icfp_gen_5.19.sl_601112038
513 [528.2884044969372] icfp
results/greedy:not_icfp.model.per_size/benchmarks@icfp_generated@icfp_gen_8.20.sl_484393537
2718 [4005.724405549613] icfp
results/greedy:not_icfp.model.per_size/benchmarks@icfp@icfp_64_10.sl_396281484
528 [405.19995128394834] icfp
results/greedy:not_icfp.model.per_size/benchmarks@icfp_generated@icfp_gen_14.4.sl_687482114
887 [882.2296529152583] icfp
results/greedy:not_icfp.model.per_size/benchmarks@icfp_generated@icfp_gen_1.2.sl_082562111
1110 [1747.9430250508772] icfp
results/greedy:not_icfp.model.per_size/benchmarks@icfp_generated@icfp_gen_12.11.sl_161315167
214 [789.1937054828956] icfp
results/greedy:not_icfp.model.per_size/benchmarks@icfp_generated@icfp_gen_6.19.sl_705520060
1670 [2547.1706604629494] icfp
results/greedy:not_icfp.model.per_size/benchmarks@icfp_generated@icfp_gen_2.17.sl_000856115
4189 [3766.9671610622895] icfp
results/greedy:not_icfp.model.per_size/benchmarks@icfp_generated@icfp_gen_13.6.sl_256782147
171 [907.0991905007509] icfp
results/greedy:not_icfp.model.per_size/benchmarks@icfp@icfp_72_10.sl_494469285
410 [370.71824639335557] icfp
results/greedy:not_icfp.model.per_size/benchmarks@icfp_generated@icfp_gen_6.4.sl_027272999
765 [586.5339299576723] icfp
results/greedy:not_icfp.model.per_size/benchmarks@icfp_generated@icfp_gen_4.7.sl_097696480
11981 [9196.765556001545] icfp
results/greedy:not_icfp.model.per_size/benchmarks@icfp_generated@icfp_gen_11.20.sl_690782773
3582 [4266.28976128922] icfp
results/greedy:not_icfp.model.per_size/benchmarks@icfp_generated@icfp_gen_15.1.sl_473553047
511 [1304.407938086629] icfp
results/greedy:not_icfp.model.per_size/benchmarks@icfp@icfp_21_1000.sl_175484599
277 [223.58425073053243] icfp
results/greedy:not_icfp.model.per_size/benchmarks@icfp_generated@icfp_gen_7.2.sl_058327941
436 [1393.0457771797317] icfp
results/greedy:not_icfp.model.per_size/benchmarks@icfp@icfp_150_10.sl_024823144
523 [785.1040492524327] icfp
results/greedy:not_icfp.model.per_size/benchmarks@icfp_generated@icfp_gen_15.15.sl_850940466
1279 [1664.8870931433237] icfp
results/greedy:not_icfp.model.per_size/benchmarks@icfp_generated@icfp_gen_4.5.sl_853149507
829 [1033.1470357049996] icfp
results/greedy:not_icfp.model.per_size/benchmarks@icfp_generated@icfp_gen_8.12.sl_579182020
384 [365.4244338230893] icfp
results/greedy:not_icfp.model.per_size/benchmarks@icfp_generated@icfp_gen_1.13.sl_382860698
3391 [3057.3204101485708] icfp
results/greedy:not_icfp.model.per_size/benchmarks@icfp_generated@icfp_gen_11.6.sl_897868435
5 [7.659949856983717] icfp
results/greedy:not_icfp.model.per_size/benchmarks@icfp_generated@icfp_gen_2.5.sl_372987202
375 [654.8574575413656] icfp
results/greedy:not_icfp.model.per_size/benchmarks@icfp_generated@icfp_gen_5.15.sl_835056695
1874 [2736.2293417416918] icfp
results/greedy:not_icfp.model.per_size/benchmarks@icfp_generated@icfp_gen_15.10.sl_548322494
1572 [1242.5318286395177] icfp
results/greedy:not_icfp.model.per_size/benchmarks@icfp@icfp_28_10.sl_824561909
11 [8.349451898962183] icfp
results/greedy:not_icfp.model.per_size/benchmarks@icfp_generated@icfp_gen_11.15.sl_520682663
1052 [1819.4923872405238] icfp
results/greedy:not_icfp.model.per_size/benchmarks@icfp_generated@icfp_gen_6.8.sl_000217162
2810 [2152.1320575557615] icfp
results/greedy:not_icfp.model.per_size/benchmarks@icfp_generated@icfp_gen_11.12.sl_181627610
1412 [2239.9431158895504] icfp
results/greedy:not_icfp.model.per_size/benchmarks@icfp@icfp_118_100.sl_395963752
678 [447.18074452328005] icfp
results/greedy:not_icfp.model.per_size/benchmarks@icfp@icfp_144_100.sl_706739892
2458 [2082.8142273761437] icfp
results/greedy:not_icfp.model.per_size/benchmarks@icfp_generated@icfp_gen_7.1.sl_385398155
results/greedy:not_icfp.model.per_size/benchmarks@icfp_generated@icfp_gen_15.17.sl_812648376
4468 [6288.64468498417] icfp
results/greedy:not_icfp.model.per_size/benchmarks@icfp@icfp_81_1000.sl_984280950
188 [1702.7133700239192] icfp
results/greedy:not_icfp.model.per_size/benchmarks@icfp_generated@icfp_gen_14.13.sl_786175081
1643 [2800.4790204320734] icfp
results/greedy:not_icfp.model.per_size/benchmarks@icfp_generated@icfp_gen_10.12.sl_856703968
202 [134.39694116348426] icfp
results/greedy:not_icfp.model.per_size/benchmarks@icfp_generated@icfp_gen_7.16.sl_783347498
787 [822.8528886265965] icfp
results/greedy:not_icfp.model.per_size/benchmarks@icfp_generated@icfp_gen_4.18.sl_737466605
218 [373.5533067346098] icfp
results/greedy:not_icfp.model.per_size/benchmarks@icfp_generated@icfp_gen_12.19.sl_920515827
2476 [2653.5428877004083] icfp
results/greedy:not_icfp.model.per_size/benchmarks@icfp_generated@icfp_gen_5.20.sl_497416619
445 [242.0484178504282] icfp
results/greedy:not_icfp.model.per_size/benchmarks@icfp@icfp_69_10.sl_186774016
144 [202.31643910642077] icfp
results/greedy:not_icfp.model.per_size/benchmarks@icfp_generated@icfp_gen_7.12.sl_192555126
378 [681.946584738567] icfp
results/greedy:not_icfp.model.per_size/benchmarks@icfp_generated@icfp_gen_4.6.sl_809004237
1888 [3512.81264008622] icfp
results/greedy:not_icfp.model.per_size/benchmarks@icfp_generated@icfp_gen_11.2.sl_808276015
1871 [3890.531203695999] icfp
results/greedy:not_icfp.model.per_size/benchmarks@icfp_generated@icfp_gen_7.19.sl_228283047
293 [251.8346894670327] icfp
results/greedy:not_icfp.model.per_size/benchmarks@icfp@icfp_14_1000.sl_145839851
skip, forbidden
results/greedy:not_icfp.model.per_size/benchmarks@icfp_generated@icfp_gen_4.19.sl_577562753
9064 [5842.507568261379] icfp
results/greedy:not_icfp.model.per_size/benchmarks@icfp_generated@icfp_gen_3.19.sl_703156138
702 [590.2669984759151] icfp
results/greedy:not_icfp.model.per_size/benchmarks@icfp_generated@icfp_gen_7.3.sl_217155053
1805 [2072.3428771987587] icfp
results/greedy:not_icfp.model.per_size/benchmarks@icfp@icfp_56_1000.sl_829752018
2273 [3804.5448773666194] icfp
results/greedy:not_icfp.model.per_size/benchmarks@icfp_generated@icfp_gen_11.3.sl_128546769
1825 [3837.34465516066] icfp
results/greedy:not_icfp.model.per_size/benchmarks@icfp_generated@icfp_gen_12.14.sl_115134889
1193 [2369.350685993117] icfp
results/greedy:not_icfp.model.per_size/benchmarks@icfp_generated@icfp_gen_5.17.sl_526846502
1035 [2317.0072346399074] icfp
results/greedy:not_icfp.model.per_size/benchmarks@icfp@icfp_45_10.sl_592109959
32 [45.286129042822175] icfp
results/greedy:not_icfp.model.per_size/benchmarks@icfp_generated@icfp_gen_1.12.sl_010256028
661 [728.9327002817902] icfp
results/greedy:not_icfp.model.per_size/benchmarks@icfp_generated@icfp_gen_15.16.sl_560007698
709 [836.2936386925628] icfp
results/greedy:not_icfp.model.per_size/benchmarks@icfp_generated@icfp_gen_11.7.sl_733126209
298 [1215.4834011475618] icfp
results/greedy:not_icfp.model.per_size/benchmarks@icfp_generated@icfp_gen_8.18.sl_369988680
4205 [2645.8773584457713] icfp
results/greedy:not_icfp.model.per_size/benchmarks@icfp_generated@icfp_gen_1.4.sl_861646642
640 [1861.3201650969986] icfp
results/greedy:not_icfp.model.per_size/benchmarks@icfp@icfp_96_1000.sl_087002172
1125 [3129.7245548151095] icfp
results/greedy:not_icfp.model.per_size/benchmarks@icfp_generated@icfp_gen_12.17.sl_261885314
1034 [777.0505380905744] icfp
results/greedy:not_icfp.model.per_size/benchmarks@icfp_generated@icfp_gen_10.17.sl_629967488
672 [772.594971819657] icfp
results/greedy:not_icfp.model.per_size/benchmarks@icfp_generated@icfp_gen_1.6.sl_306244512
1493 [2816.877066013322] icfp
results/greedy:not_icfp.model.per_size/benchmarks@icfp_generated@icfp_gen_1.7.sl_851194151
1901 [1221.9007256497507] icfp
results/greedy:not_icfp.model.per_size/benchmarks@icfp_generated@icfp_gen_3.8.sl_978032964
760 [945.0504273306686] icfp
results/greedy:not_icfp.model.per_size/benchmarks@icfp_generated@icfp_gen_14.19.sl_693970497
1845 [4689.942844612569] icfp
results/greedy:not_icfp.model.per_size/benchmarks@icfp_generated@icfp_gen_4.16.sl_648179783
710 [1849.9615156558355] icfp
results/greedy:not_icfp.model.per_size/benchmarks@icfp_generated@icfp_gen_11.18.sl_037207717
2136 [1224.460952140912] icfp
results/greedy:not_icfp.model.per_size/benchmarks@icfp_generated@icfp_gen_9.12.sl_117248524
679 [1228.5840412709965] icfp
results/greedy:not_icfp.model.per_size/benchmarks@icfp_generated@icfp_gen_3.18.sl_021527254
4355 [5495.445833077082] icfp
results/greedy:not_icfp.model.per_size/benchmarks@icfp_generated@icfp_gen_3.15.sl_005356586
67 [80.30710977280974] icfp
results/greedy:not_icfp.model.per_size/benchmarks@icfp_generated@icfp_gen_9.6.sl_117367097
3770 [5461.503254091627] icfp
results/greedy:not_icfp.model.per_size/benchmarks@icfp_generated@icfp_gen_10.1.sl_999919870
517 [1431.0191642601528] icfp
results/greedy:not_icfp.model.per_size/benchmarks@icfp_generated@icfp_gen_12.6.sl_484993831
1989 [3232.444104924365] icfp
results/greedy:not_icfp.model.per_size/benchmarks@icfp_generated@icfp_gen_12.5.sl_214749251
1619 [1633.1756313300666] icfp
results/greedy:not_icfp.model.per_size/benchmarks@icfp_generated@icfp_gen_7.10.sl_995888865
1057 [1125.5825768227733] icfp
results/greedy:not_icfp.model.per_size/benchmarks@icfp_generated@icfp_gen_15.19.sl_403127998
1234 [1846.1240327150201] icfp
results/greedy:not_icfp.model.per_size/benchmarks@icfp_generated@icfp_gen_14.17.sl_204457196
96 [138.79666306605156] icfp
results/greedy:not_icfp.model.per_size/benchmarks@icfp@icfp_51_10.sl_249519189
96 [270.39977652179624] icfp
results/greedy:not_icfp.model.per_size/benchmarks@icfp_generated@icfp_gen_13.18.sl_042247084
2339 [4681.72754002556] icfp
results/greedy:not_icfp.model.per_size/benchmarks@icfp_generated@icfp_gen_9.18.sl_168518945
1803 [1849.4377606477306] icfp
results/greedy:not_icfp.model.per_size/benchmarks@icfp_generated@icfp_gen_1.19.sl_102308819
283 [282.45220615381237] icfp
results/greedy:not_icfp.model.per_size/benchmarks@icfp_generated@icfp_gen_13.15.sl_289749272
1210 [2220.1375492810294] icfp
results/greedy:not_icfp.model.per_size/benchmarks@icfp_generated@icfp_gen_9.15.sl_580376102
766 [1168.467575370147] icfp
results/greedy:not_icfp.model.per_size/benchmarks@icfp_generated@icfp_gen_4.14.sl_320973253
733 [612.5029814448142] icfp
results/greedy:not_icfp.model.per_size/benchmarks@icfp_generated@icfp_gen_15.14.sl_380079594
2110 [3776.044802197855] icfp
results/greedy:not_icfp.model.per_size/benchmarks@icfp_generated@icfp_gen_12.9.sl_547075079
869 [2577.724603313127] icfp
results/greedy:not_icfp.model.per_size/benchmarks@icfp@icfp_139_10.sl_353006696
97 [109.58871790084316] icfp
results/greedy:not_icfp.model.per_size/benchmarks@icfp_generated@icfp_gen_2.19.sl_868787090
92 [312.47317666080465] icfp
results/greedy:not_icfp.model.per_size/benchmarks@icfp_generated@icfp_gen_4.8.sl_242392301
2839 [3596.140436804101] icfp
results/greedy:not_icfp.model.per_size/benchmarks@icfp_generated@icfp_gen_2.3.sl_824234088
593 [1210.2278446294042] icfp
results/greedy:not_icfp.model.per_size/benchmarks@icfp_generated@icfp_gen_7.14.sl_384044951
1395 [1613.7132196508082] icfp
results/greedy:not_icfp.model.per_size/benchmarks@icfp_generated@icfp_gen_6.11.sl_186307382
162 [102.3920446474144] icfp
results/greedy:not_icfp.model.per_size/benchmarks@icfp_generated@icfp_gen_15.4.sl_996462124
1177 [2328.2448581632393] icfp
results/greedy:not_icfp.model.per_size/benchmarks@icfp_generated@icfp_gen_3.5.sl_183282883
268 [272.84989377867316] icfp
results/greedy:not_icfp.model.per_size/benchmarks@icfp_generated@icfp_gen_13.4.sl_306312641
2213 [3048.2565791784623] icfp
results/greedy:not_icfp.model.per_size/benchmarks@icfp@icfp_105_100.sl_144980149
123 [179.9084085468588] icfp
results/greedy:not_icfp.model.per_size/benchmarks@icfp_generated@icfp_gen_12.10.sl_621987083
1587 [2483.14420809561] icfp
results/greedy:not_icfp.model.per_size/benchmarks@icfp_generated@icfp_gen_9.9.sl_166253546
3171 [6686.8380636131815] icfp
results/greedy:not_icfp.model.per_size/benchmarks@icfp_generated@icfp_gen_1.10.sl_811868374
971 [1596.9259430401219] icfp
results/greedy:not_icfp.model.per_size/benchmarks@icfp@icfp_39_100.sl_752186447
92 [185.2515513145968] icfp
results/greedy:not_icfp.model.per_size/benchmarks@icfp_generated@icfp_gen_14.14.sl_024012121
results/greedy:not_icfp.model.per_size/benchmarks@icfp_generated@icfp_gen_13.10.sl_359589054
187 [194.5312271201664] icfp
results/greedy:not_icfp.model.per_size/benchmarks@icfp_generated@icfp_gen_8.5.sl_024790396
1611 [2238.799480391896] icfp
results/greedy:not_icfp.model.per_size/benchmarks@icfp_generated@icfp_gen_9.7.sl_522324096
287 [201.7122742068316] icfp
results/greedy:not_icfp.model.per_size/benchmarks@icfp_generated@icfp_gen_13.7.sl_800181327
549 [630.2951242340483] icfp
results/greedy:not_icfp.model.per_size/benchmarks@icfp_generated@icfp_gen_6.5.sl_621150928
366 [429.6042699548238] icfp
results/greedy:not_icfp.model.per_size/benchmarks@icfp_generated@icfp_gen_4.9.sl_989527886
1566 [2873.1715462425914] icfp
results/greedy:not_icfp.model.per_size/benchmarks@icfp_generated@icfp_gen_7.17.sl_021361213
189 [334.75365623531906] icfp
results/greedy:not_icfp.model.per_size/benchmarks@icfp@icfp_7_10.sl_875330798
116 [643.7717028555295] icfp
results/greedy:not_icfp.model.per_size/benchmarks@icfp_generated@icfp_gen_9.11.sl_726687619
808 [1182.6473579895612] icfp
results/greedy:not_icfp.model.per_size/benchmarks@icfp@icfp_113_1000.sl_537029070
102 [111.28675981839554] icfp
results/greedy:not_icfp.model.per_size/benchmarks@icfp_generated@icfp_gen_7.8.sl_734366818
results/greedy:not_icfp.model.per_size/benchmarks@icfp@icfp_105_1000.sl_243011713
64 [123.5854255590436] icfp
results/greedy:not_icfp.model.per_size/benchmarks@icfp_generated@icfp_gen_3.6.sl_529348690
1783 [2400.574000988888] icfp
results/greedy:not_icfp.model.per_size/benchmarks@icfp_generated@icfp_gen_7.7.sl_114305737
1111 [1629.5383608227773] icfp
results/greedy:not_icfp.model.per_size/benchmarks@icfp_generated@icfp_gen_2.13.sl_950979921
747 [2600.160480226906] icfp
results/greedy:not_icfp.model.per_size/benchmarks@icfp_generated@icfp_gen_4.15.sl_659201444
192 [120.59709063109146] icfp
results/greedy:not_icfp.model.per_size/benchmarks@icfp_generated@icfp_gen_5.12.sl_922861062
results/greedy:not_icfp.model.per_size/benchmarks@icfp_generated@icfp_gen_11.14.sl_476420829
668 [970.4274977872036] icfp
results/greedy:not_icfp.model.per_size/benchmarks@icfp_generated@icfp_gen_4.1.sl_133260512
3050 [1092.3517551469756] icfp
results/greedy:not_icfp.model.per_size/benchmarks@icfp_generated@icfp_gen_1.15.sl_970316608
1100 [1602.6833029966456] icfp
results/greedy:not_icfp.model.per_size/benchmarks@icfp_generated@icfp_gen_13.17.sl_996355542
555 [584.5492484943388] icfp
results/greedy:not_icfp.model.per_size/benchmarks@icfp_generated@icfp_gen_5.5.sl_664117798
2589 [3500.417430016746] icfp
results/greedy:not_icfp.model.per_size/benchmarks@icfp_generated@icfp_gen_2.10.sl_620154543
780 [1503.4448406568415] icfp
results/greedy:not_icfp.model.per_size/benchmarks@icfp_generated@icfp_gen_5.6.sl_990994764
613 [930.2908907233199] icfp
results/greedy:not_icfp.model.per_size/benchmarks@icfp_generated@icfp_gen_9.1.sl_447383180
989 [1021.6895432304295] icfp
results/greedy:not_icfp.model.per_size/benchmarks@icfp_generated@icfp_gen_6.10.sl_775616755
3249 [6075.27191418463] icfp
results/greedy:not_icfp.model.per_size/benchmarks@icfp_generated@icfp_gen_1.16.sl_825371059
1626 [1181.8292795445977] icfp
results/greedy:not_icfp.model.per_size/benchmarks@icfp_generated@icfp_gen_14.9.sl_891155660
results/greedy:not_icfp.model.per_size/benchmarks@icfp_generated@icfp_gen_8.11.sl_014612470
3249 [5678.7144024805975] icfp
results/greedy:not_icfp.model.per_size/benchmarks@icfp_generated@icfp_gen_8.19.sl_180125326
3110 [2985.6811622605924] icfp
results/greedy:not_icfp.model.per_size/benchmarks@icfp_generated@icfp_gen_11.17.sl_592334622
skip, forbidden
results/greedy:not_icfp.model.per_size/benchmarks@icfp_generated@icfp_gen_1.14.sl_436369374
skip, forbidden
results/greedy:not_icfp.model.per_size/benchmarks@icfp_generated@icfp_gen_2.20.sl_970091078
1598 [2056.0517089384525] icfp
results/greedy:not_icfp.model.per_size/benchmarks@icfp_generated@icfp_gen_4.4.sl_681307564
1443 [1333.9533884802793] icfp
results/greedy:not_icfp.model.per_size/benchmarks@icfp@icfp_54_1000.sl_260824988
148 [112.90637495674675] icfp
results/greedy:not_icfp.model.per_size/benchmarks@icfp@icfp_104_10.sl_833736696
126 [178.6914734320271] icfp
results/greedy:not_icfp.model.per_size/benchmarks@icfp_generated@icfp_gen_11.11.sl_117487059
1291 [2287.1002487943924] icfp
results/greedy:not_icfp.model.per_size/benchmarks@icfp_generated@icfp_gen_6.20.sl_265371401
4 [2.1074358993444715] icfp
results/greedy:not_icfp.model.per_size/benchmarks@icfp_generated@icfp_gen_14.16.sl_995149882
937 [1039.8431208429167] icfp
results/greedy:not_icfp.model.per_size/benchmarks@icfp@icfp_99_100.sl_651085258
513 [528.2884044969372] icfp
results/greedy:not_icfp.model.per_size/benchmarks@icfp_generated@icfp_gen_5.10.sl_187215255
252 [629.8206976012546] icfp
results/greedy:not_icfp.model.per_size/benchmarks@icfp_generated@icfp_gen_9.16.sl_965540575
639 [513.7041053903238] icfp
results/greedy:not_icfp.model.per_size/benchmarks@icfp_generated@icfp_gen_13.12.sl_594452456
157 [331.7068210679791] icfp
results/greedy:not_icfp.model.per_size/benchmarks@icfp_generated@icfp_gen_7.18.sl_351929228
821 [2414.1594537125325] icfp
results/greedy:not_icfp.model.per_size/benchmarks@icfp_generated@icfp_gen_2.4.sl_938579813
2291 [3759.9718340073123] icfp
results/greedy:not_icfp.model.per_size/benchmarks@icfp_generated@icfp_gen_7.13.sl_474600455
1095 [1830.5353345837946] icfp
results/greedy:not_icfp.model.per_size/benchmarks@icfp_generated@icfp_gen_5.9.sl_829840408
1413 [2364.5171422562844] icfp
results/greedy:not_icfp.model.per_size/benchmarks@icfp_generated@icfp_gen_14.18.sl_118458163
1607 [2605.2420360552255] icfp
results/greedy:not_icfp.model.per_size/benchmarks@icfp_generated@icfp_gen_10.7.sl_334417829
2445 [1058.2062601914124] icfp
results/greedy:not_icfp.model.per_size/benchmarks@icfp_generated@icfp_gen_4.2.sl_917759673
659 [2116.368470877464] icfp
results/greedy:not_icfp.model.per_size/benchmarks@icfp_generated@icfp_gen_10.14.sl_587247060
2712 [2982.6269188852257] icfp
results/greedy:not_icfp.model.per_size/benchmarks@icfp_generated@icfp_gen_2.16.sl_334893304
976 [675.2099146091093] icfp
results/greedy:not_icfp.model.per_size/benchmarks@icfp_generated@icfp_gen_3.2.sl_252362397
103 [518.7083873526385] icfp
results/greedy:not_icfp.model.per_size/benchmarks@icfp_generated@icfp_gen_13.2.sl_522471146
174 [1022.0025548097467] icfp
results/greedy:not_icfp.model.per_size/benchmarks@icfp@icfp_82_100.sl_818107050
1027 [1434.9427380667591] icfp
results/greedy:not_icfp.model.per_size/benchmarks@icfp@icfp_135_100.sl_686867291
766 [484.67083121439435] icfp
results/greedy:not_icfp.model.per_size/benchmarks@icfp_generated@icfp_gen_1.9.sl_573272217
5737 [6176.054948578109] icfp
results/greedy:not_icfp.model.per_size/benchmarks@icfp_generated@icfp_gen_6.1.sl_992624477
3632 [647.7465254669177] icfp
results/greedy:not_icfp.model.per_size/benchmarks@icfp_generated@icfp_gen_6.17.sl_618068798
3016 [1409.5742107947842] icfp
results/greedy:not_icfp.model.per_size/benchmarks@icfp_generated@icfp_gen_6.16.sl_539250765
321 [419.53787482766086] icfp
results/greedy:not_icfp.model.per_size/benchmarks@icfp@icfp_144_1000.sl_633562899
1862 [2193.80490039856] icfp
results/greedy:not_icfp.model.per_size/benchmarks@icfp_generated@icfp_gen_6.9.sl_818406060
10946 [7684.110202623547] icfp
results/greedy:not_icfp.model.per_size/benchmarks@icfp_generated@icfp_gen_11.8.sl_787405846
280 [1077.6310996460754] icfp
results/greedy:not_icfp.model.per_size/benchmarks@icfp_generated@icfp_gen_14.8.sl_107879158
129 [147.34277871181337] icfp
results/greedy:not_icfp.model.per_size/benchmarks@icfp_generated@icfp_gen_13.3.sl_179519045
2520 [3794.698106773059] icfp
results/greedy:not_icfp.model.per_size/benchmarks@icfp_generated@icfp_gen_8.2.sl_997765937
610 [953.0937745069668] icfp
results/greedy:not_icfp.model.per_size/benchmarks@icfp_generated@icfp_gen_4.11.sl_213396886
skip, forbidden
results/greedy:not_icfp.model.per_size/benchmarks@icfp_generated@icfp_gen_10.20.sl_945810010
10976 [7546.4760607926155] icfp
results/greedy:not_icfp.model.per_size/benchmarks@icfp_generated@icfp_gen_9.14.sl_980426138
242 [428.0852172763551] icfp
results/greedy:not_icfp.model.per_size/benchmarks@icfp_generated@icfp_gen_3.16.sl_753540514
2645 [3785.2965302128337] icfp
results/greedy:not_icfp.model.per_size/benchmarks@icfp_generated@icfp_gen_10.5.sl_298175091
2667 [1738.626264773181] icfp
results/greedy:not_icfp.model.per_size/benchmarks@icfp_generated@icfp_gen_7.5.sl_677043978
421 [856.7062481790872] icfp
results/greedy:not_icfp.model.per_size/benchmarks@icfp_generated@icfp_gen_5.16.sl_424368708
1256 [734.3958581568594] icfp
results/greedy:not_icfp.model.per_size/benchmarks@icfp_generated@icfp_gen_9.10.sl_069629196
354 [1294.494410467566] icfp
results/greedy:not_icfp.model.per_size/benchmarks@icfp_generated@icfp_gen_8.13.sl_345793713
353 [519.1450498764992] icfp
results/greedy:not_icfp.model.per_size/benchmarks@icfp_generated@icfp_gen_14.6.sl_629705476
899 [2099.2382566453684] icfp
results/greedy:not_icfp.model.per_size/benchmarks@icfp_generated@icfp_gen_11.5.sl_796590224
404 [831.291356992127] icfp
results/greedy:not_icfp.model.per_size/benchmarks@icfp_generated@icfp_gen_5.11.sl_921641990
1359 [2420.1494453570604] icfp
results/greedy:not_icfp.model.per_size/benchmarks@icfp_generated@icfp_gen_8.17.sl_479146693
169 [242.26438932682157] icfp
results/greedy:not_icfp.model.per_size/benchmarks@icfp@icfp_96_10.sl_201169494
1007 [2191.0442283945304] icfp
results/greedy:not_icfp.model.per_size/benchmarks@icfp_generated@icfp_gen_15.2.sl_230862522
1672 [3278.658539469878] icfp
results/greedy:not_icfp.model.per_size/benchmarks@icfp@icfp_45_1000.sl_195271857
32 [45.393841073607675] icfp
results/greedy:not_icfp.model.per_size/benchmarks@icfp_generated@icfp_gen_10.9.sl_856235247
425 [543.1093030806628] icfp
results/greedy:not_icfp.model.per_size/benchmarks@icfp@icfp_114_100.sl_279178804
413 [745.8105757312521] icfp
results/greedy:not_icfp.model.per_size/benchmarks@icfp_generated@icfp_gen_14.20.sl_779809426
1038 [1978.656078221973] icfp
results/greedy:not_icfp.model.per_size/benchmarks@icfp_generated@icfp_gen_3.14.sl_485798708
534 [526.8783696119541] icfp
results/greedy:not_icfp.model.per_size/benchmarks@icfp_generated@icfp_gen_12.16.sl_835160571
320 [706.4464763921868] icfp
results/greedy:not_icfp.model.per_size/benchmarks@icfp_generated@icfp_gen_15.11.sl_151617677
510 [461.2949390387083] icfp
results/greedy:not_icfp.model.per_size/benchmarks@icfp@icfp_25_1000.sl_577739189
750 [2113.602258893391] icfp
results/greedy:not_icfp.model.per_size/benchmarks@icfp_generated@icfp_gen_14.2.sl_143672715
299 [755.2757080447792] icfp
results/greedy:not_icfp.model.per_size/benchmarks@icfp_generated@icfp_gen_14.10.sl_091558676
2524 [6102.439393907673] icfp
results/greedy:not_icfp.model.per_size/benchmarks@icfp_generated@icfp_gen_14.1.sl_306417788
1936 [1465.2186955673476] icfp
results/greedy:not_icfp.model.per_size/benchmarks@icfp_generated@icfp_gen_13.5.sl_050743334
2269 [4545.9469561529295] icfp
results/greedy:not_icfp.model.per_size/benchmarks@icfp_generated@icfp_gen_14.12.sl_037382790
50 [66.05225506621119] icfp
results/greedy:not_icfp.model.per_size/benchmarks@icfp_generated@icfp_gen_15.12.sl_275647165
1332 [2615.8813933638876] icfp
results/greedy:not_icfp.model.per_size/benchmarks@icfp_generated@icfp_gen_13.11.sl_938750167
1882 [3614.8534428653466] icfp
results/greedy:not_icfp.model.per_size/benchmarks@icfp_generated@icfp_gen_14.11.sl_818745440
2178 [2546.593682109126] icfp
results/greedy:not_icfp.model.per_size/benchmarks@icfp_generated@icfp_gen_12.3.sl_929824283
2187 [2159.6729317541412] icfp
results/greedy:not_icfp.model.per_size/benchmarks@icfp_generated@icfp_gen_5.2.sl_698496599
1147 [738.5891984191219] icfp
results/greedy:not_icfp.model.per_size/benchmarks@icfp_generated@icfp_gen_5.1.sl_984442507
skip, forbidden
results/greedy:not_icfp.model.per_size/benchmarks@icfp_generated@icfp_gen_8.9.sl_275151484
1061 [2112.6994439202203] icfp
results/greedy:not_icfp.model.per_size/benchmarks@icfp@icfp_9_1000.sl_318354826
6386 [7212.483005506481] icfp
results/greedy:not_icfp.model.per_size/benchmarks@icfp_generated@icfp_gen_1.3.sl_791279939
97 [456.1083652419557] icfp
results/greedy:not_icfp.model.per_size/benchmarks@icfp_generated@icfp_gen_14.5.sl_032015386
1612 [2290.901706282299] icfp
results/greedy:not_icfp.model.per_size/benchmarks@icfp_generated@icfp_gen_7.15.sl_788564451
835 [635.6574555078683] icfp
results/greedy:not_icfp.model.per_size/benchmarks@icfp_generated@icfp_gen_10.3.sl_517504749
1139 [1879.8156088655905] icfp
results/greedy:not_icfp.model.per_size/benchmarks@icfp_generated@icfp_gen_8.10.sl_306093711
1862 [3274.3705487420084] icfp
results/greedy:not_icfp.model.per_size/benchmarks@icfp_generated@icfp_gen_14.3.sl_362151652
2770 [2871.587255948558] icfp
results/greedy:not_icfp.model.per_size/benchmarks@icfp_generated@icfp_gen_2.14.sl_613586275
655 [477.2997613751572] icfp
results/greedy:not_icfp.model.per_size/benchmarks@icfp_generated@icfp_gen_10.16.sl_974792370
1561 [4197.85950884471] icfp
results/greedy:not_icfp.model.per_size/benchmarks@icfp_generated@icfp_gen_10.18.sl_036809976
480 [965.1473553961067] icfp
results/greedy:not_icfp.model.per_size/benchmarks@icfp@icfp_147_1000.sl_311906333
294 [305.4179194705285] icfp
results/greedy:not_icfp.model.per_size/benchmarks@icfp@icfp_95_100.sl_481738132
skip, forbidden
results/greedy:not_icfp.model.per_size/benchmarks@icfp_generated@icfp_gen_15.18.sl_914107928
1061 [861.1566219436312] icfp
results/greedy:not_icfp.model.per_size/benchmarks@icfp_generated@icfp_gen_8.15.sl_196492677
skip, forbidden
results/greedy:not_icfp.model.per_size/benchmarks@icfp_generated@icfp_gen_15.8.sl_425947368
skip, forbidden
results/greedy:not_icfp.model.per_size/benchmarks@icfp_generated@icfp_gen_5.18.sl_779531352
1061 [2200.401582573527] icfp
results/greedy:not_icfp.model.per_size/benchmarks@icfp_generated@icfp_gen_15.20.sl_947889961
1270 [2790.608242601109] icfp
results/greedy:not_icfp.model.per_size/benchmarks@icfp_generated@icfp_gen_6.6.sl_375708220
1492 [4567.256198697803] icfp
results/greedy:not_icfp.model.per_size/benchmarks@icfp_generated@icfp_gen_2.18.sl_678613867
787 [1583.724310518733] icfp
results/greedy:not_icfp.model.per_size/benchmarks@icfp_generated@icfp_gen_11.1.sl_726190086
1730 [2051.091607056243] icfp
results/greedy:not_icfp.model.per_size/benchmarks@icfp_generated@icfp_gen_6.7.sl_520424051
1716 [1160.7011611522958] icfp
results/greedy:not_icfp.model.per_size/benchmarks@icfp_generated@icfp_gen_13.13.sl_456424302
2899 [4878.377226524902] icfp
results/greedy:not_icfp.model.per_size/benchmarks@icfp_generated@icfp_gen_9.5.sl_164709785
246 [353.3373859841795] icfp
results/greedy:not_icfp.model.per_size/benchmarks@icfp_generated@icfp_gen_2.1.sl_085144311
skip, forbidden
results/greedy:not_icfp.model.per_size/benchmarks@icfp@icfp_125_10.sl_764707912
356 [1188.0976146585706] icfp
results/greedy:not_icfp.model.per_size/benchmarks@icfp_generated@icfp_gen_14.7.sl_210835300
1424 [2548.0140648031847] icfp
results/greedy:not_icfp.model.per_size/benchmarks@icfp_generated@icfp_gen_1.18.sl_588487769
2680 [4350.515679190679] icfp
results/greedy:not_icfp.model.per_size/benchmarks@icfp_generated@icfp_gen_7.20.sl_441910331
1338 [3449.555807064879] icfp
results/greedy:not_icfp.model.per_size/benchmarks@icfp_generated@icfp_gen_11.19.sl_782881025
1266 [1876.0678678482275] icfp
results/greedy:not_icfp.model.per_size/benchmarks@icfp_generated@icfp_gen_12.2.sl_753755236
203 [708.86861519127] icfp
results/greedy:not_icfp.model.per_size/benchmarks@icfp@icfp_118_10.sl_547088719
347 [583.70105392792] icfp
results/greedy:not_icfp.model.per_size/benchmarks@icfp@icfp_38_10.sl_446447010
302 [246.87490088395498] icfp
results/greedy:not_icfp.model.per_size/benchmarks@icfp_generated@icfp_gen_15.9.sl_957608245
1390 [3413.222527218782] icfp
results/greedy:not_icfp.model.per_size/benchmarks@icfp_generated@icfp_gen_12.15.sl_224902239
1238 [1149.5648388222642] icfp
results/greedy:not_icfp.model.per_size/benchmarks@icfp@icfp_32_10.sl_133959138
441 [318.8613479158369] icfp
results/greedy:not_icfp.model.per_size/benchmarks@icfp_generated@icfp_gen_11.9.sl_691232361
1480 [1816.1411389338757] icfp
results/greedy:not_icfp.model.per_size/benchmarks@icfp_generated@icfp_gen_4.3.sl_083242124
475 [389.3043516630583] icfp
results/greedy:not_icfp.model.per_size/benchmarks@icfp_generated@icfp_gen_8.16.sl_157029022
796 [644.6998126427827] icfp
results/greedy:not_icfp.model.per_size/benchmarks@icfp_generated@icfp_gen_10.2.sl_872172927
59 [861.7656538471431] icfp
results/greedy:not_icfp.model.per_size/benchmarks@icfp_generated@icfp_gen_1.11.sl_502895968
284 [323.22450582226816] icfp
results/greedy:not_icfp.model.per_size/benchmarks@icfp_generated@icfp_gen_1.17.sl_139937429
1857 [5106.24443467527] icfp
results/greedy:not_icfp.model.per_size/benchmarks@icfp_generated@icfp_gen_3.10.sl_307161945
skip, forbidden
results/greedy:not_icfp.model.per_size/benchmarks@icfp_generated@icfp_gen_2.8.sl_407465583
110 [107.0970486295835] icfp
results/greedy:not_icfp.model.per_size/benchmarks@icfp_generated@icfp_gen_9.13.sl_387229001
191 [152.56856407381775] icfp
results/greedy:not_icfp.model.per_size/benchmarks@icfp_generated@icfp_gen_1.5.sl_862406258
160 [338.786825787048] icfp
results/greedy:not_icfp.model.per_size/benchmarks@icfp_generated@icfp_gen_4.20.sl_017085789
3476 [3751.895130594821] icfp
results/greedy:not_icfp.model.per_size/benchmarks@icfp_generated@icfp_gen_2.6.sl_709353742
2351 [4055.974475753138] icfp
results/greedy:not_icfp.model.per_size/benchmarks@icfp_generated@icfp_gen_10.11.sl_245537353
1843 [2895.180923909539] icfp
results/greedy:not_icfp.model.per_size/benchmarks@icfp_generated@icfp_gen_9.17.sl_960073543
1327 [2085.2585541640883] icfp
results/greedy:not_icfp.model.per_size/benchmarks@icfp_generated@icfp_gen_5.13.sl_403502333
1989 [2493.148852593131] icfp
results/greedy:not_icfp.model.per_size/benchmarks@icfp_generated@icfp_gen_13.1.sl_931034260
3876 [1402.695312571477] icfp
results/greedy:not_icfp.model.per_size/benchmarks@icfp_generated@icfp_gen_5.14.sl_009459789
2707 [2588.2049412385277] icfp
results/greedy:not_icfp.model.per_size/benchmarks@icfp@icfp_94_1000.sl_984959171
65 [138.04059009776347] icfp
results/greedy:not_icfp.model.per_size/benchmarks@icfp_generated@icfp_gen_4.17.sl_393631930
results/greedy:not_icfp.model.per_size/benchmarks@icfp_generated@icfp_gen_10.19.sl_142751673
888 [1459.4347850325908] icfp
results/greedy:not_icfp.model.per_size/benchmarks@icfp_generated@icfp_gen_12.20.sl_874077546
779 [1300.8771527416816] icfp
results/greedy:not_icfp.model.per_size/benchmarks@icfp_generated@icfp_gen_12.4.sl_179786316
1885 [1486.4156811718453] icfp
results/greedy:not_icfp.model.per_size/benchmarks@icfp_generated@icfp_gen_6.13.sl_299726559
147 [241.7248176237208] icfp
results/greedy:not_icfp.model.per_size/benchmarks@icfp@icfp_68_1000.sl_692822723
skip, forbidden
results/greedy:not_icfp.model.per_size/benchmarks@icfp_generated@icfp_gen_1.20.sl_332569720
2051 [1770.3282090557968] icfp
results/greedy:not_icfp.model.per_size/benchmarks@icfp_generated@icfp_gen_6.3.sl_436677366
2292 [3323.9765971591514] icfp
results/greedy:not_icfp.model.per_size/benchmarks@icfp_generated@icfp_gen_12.18.sl_456064387
644 [683.6696255475738] icfp
results/greedy:not_icfp.model.per_size/benchmarks@icfp_generated@icfp_gen_8.1.sl_304057066
results/greedy:not_icfp.model.per_size/benchmarks@icfp_generated@icfp_gen_7.11.sl_422753235
909 [1516.2919287581944] icfp
results/greedy:not_icfp.model.per_size/benchmarks@icfp_generated@icfp_gen_9.4.sl_467231385
2434 [3042.8793888919063] icfp
results/greedy:not_icfp.model.per_size/benchmarks@icfp_generated@icfp_gen_10.8.sl_997243985
2362 [1656.8965058653393] icfp
results/greedy:not_icfp.model.per_size/benchmarks@icfp_generated@icfp_gen_2.2.sl_784151827
231 [682.1200303633649] icfp
results/greedy:not_icfp.model.per_size/benchmarks@icfp_generated@icfp_gen_2.9.sl_262016956
165 [178.56578966741853] icfp
results/greedy:not_icfp.model.per_size/benchmarks@icfp_generated@icfp_gen_15.3.sl_618085542
2893 [3641.6933003977506] icfp
results/greedy:not_icfp.model.per_size/benchmarks@icfp_generated@icfp_gen_9.19.sl_635811449
1373 [3009.3922734559055] icfp
results/greedy:not_icfp.model.per_size/benchmarks@icfp_generated@icfp_gen_12.7.sl_851062898
764 [535.3572838170829] icfp
results/greedy:not_icfp.model.per_size/benchmarks@icfp_generated@icfp_gen_3.17.sl_360864867
1066 [1543.2758349165063] icfp
results/greedy:not_icfp.model.per_size/benchmarks@icfp@icfp_87_10.sl_672097120
184 [132.14093500790423] icfp
results/greedy:not_icfp.model.per_size/benchmarks@icfp_generated@icfp_gen_2.12.sl_573675476
524 [362.03351800639354] icfp
results/greedy:not_icfp.model.per_size/benchmarks@icfp_generated@icfp_gen_14.15.sl_006138519
2395 [2902.2893071113704] icfp
results/greedy:not_icfp.model.per_size/benchmarks@icfp_generated@icfp_gen_2.7.sl_098599154
1443 [2177.630679112316] icfp
results/greedy:not_icfp.model.per_size/benchmarks@icfp_generated@icfp_gen_8.6.sl_603003114
1214 [2487.5776878101983] icfp
results/greedy:not_icfp.model.per_size/benchmarks@icfp@icfp_103_10.sl_202836324
1010 [1113.923790542598] icfp
results/greedy:not_icfp.model.per_size/benchmarks@icfp_generated@icfp_gen_5.3.sl_516034820
results/greedy:not_icfp.model.per_size/benchmarks@icfp_generated@icfp_gen_2.15.sl_960358453
1977 [2765.5846231228866] icfp
results/greedy:not_icfp.model.per_size/benchmarks@icfp_generated@icfp_gen_7.4.sl_687255740
2103 [4338.6295527818165] icfp
results/greedy:not_icfp.model.per_size/benchmarks@icfp_generated@icfp_gen_13.9.sl_881948632
725 [1260.3843722563856] icfp
results/greedy:not_icfp.model.per_size/benchmarks@icfp_generated@icfp_gen_8.7.sl_546335096
336 [335.0877677921212] icfp
results/greedy:not_icfp.model.per_size/benchmarks@icfp_generated@icfp_gen_12.12.sl_370222928
283 [192.1848386164767] icfp
results/greedy:not_icfp.model.per_size/benchmarks@icfp_generated@icfp_gen_8.3.sl_024769303
2071 [2271.181605964104] icfp
results/greedy:not_icfp.model.per_size/benchmarks@icfp_generated@icfp_gen_3.9.sl_278657033
97 [109.5205301831707] icfp
results/greedy:not_icfp.model.per_size/benchmarks@icfp@icfp_82_10.sl_858938329
934 [1431.3924559422403] icfp
results/greedy:not_icfp.model.per_size/benchmarks@icfp_generated@icfp_gen_10.15.sl_159020458
1540 [2219.0095052769675] icfp
results/greedy:not_icfp.model.per_size/benchmarks@icfp_generated@icfp_gen_11.13.sl_945321968
749 [1381.5332488497559] icfp
results/greedy:not_icfp.model.per_size/benchmarks@icfp_generated@icfp_gen_3.1.sl_829297310
318 [841.3687464479405] icfp
results/greedy:not_icfp.model.per_size/benchmarks@icfp_generated@icfp_gen_10.4.sl_877183448
skip, forbidden
results/greedy:not_icfp.model.per_size/benchmarks@icfp_generated@icfp_gen_9.20.sl_612039195
874 [960.285901222634] icfp
results/greedy:not_icfp.model.per_size/benchmarks@icfp_generated@icfp_gen_4.10.sl_970092412
80 [207.56175169392904] icfp
results/greedy:not_icfp.model.per_size/benchmarks@icfp_generated@icfp_gen_6.12.sl_522415673
47 [50.80457812783813] icfp
results/greedy:not_icfp.model.per_size/benchmarks@icfp_generated@icfp_gen_8.4.sl_888257020
1953 [2067.4913647170733] icfp
results/greedy:not_icfp.model.per_size/benchmarks@icfp_generated@icfp_gen_9.2.sl_353897663
1186 [1292.5473392485803] icfp
results/greedy:not_icfp.model.per_size/benchmarks@icfp_generated@icfp_gen_1.1.sl_000458776
543 [1360.7901423457877] icfp
results/greedy:not_icfp.model.per_size/benchmarks@icfp@icfp_134_1000.sl_096591993
1593 [1992.006407783717] icfp
results/greedy:not_icfp.model.per_size/benchmarks@icfp_generated@icfp_gen_3.4.sl_326545299
9 [10.771247708052407] icfp
results/greedy:not_icfp.model.per_size/benchmarks@icfp_generated@icfp_gen_12.1.sl_909575400
1815 [1245.7067616626757] icfp
results/greedy:not_icfp.model.per_size/benchmarks@icfp_generated@icfp_gen_8.14.sl_252438225
1875 [2179.1261527225265] icfp
results/greedy:not_icfp.model.per_size/benchmarks@icfp_generated@icfp_gen_6.14.sl_036599816
719 [1589.930572698794] icfp
results/greedy:not_icfp.model.per_size/benchmarks@icfp_generated@icfp_gen_3.3.sl_545809369
3070 [4257.125674809206] icfp
results/greedy:not_icfp.model.per_size/benchmarks@icfp@icfp_143_1000.sl_953480989
1046 [1238.7991859951042] icfp
results/greedy:not_icfp.model.per_size/benchmarks@icfp_generated@icfp_gen_5.7.sl_842778740
535 [385.441934718822] icfp
results/greedy:not_icfp.model.per_size/benchmarks@icfp_generated@icfp_gen_13.8.sl_442203076
1955 [2253.0312837711504] icfp
results/greedy:not_icfp.model.per_size/benchmarks@icfp_generated@icfp_gen_12.8.sl_510341393
494 [894.9727696358377] icfp
results/greedy:not_icfp.model.per_size/benchmarks@icfp_generated@icfp_gen_2.11.sl_412790838
2769 [7357.756546928355] icfp
results/greedy:not_icfp.model.per_size/benchmarks@icfp_generated@icfp_gen_7.6.sl_196486667
1876 [2456.1728377908316] icfp
results/greedy:not_icfp.model.per_size/benchmarks@icfp_generated@icfp_gen_3.12.sl_393419301
115 [218.01466399783476] icfp
results/greedy:not_icfp.model.per_size/benchmarks@icfp@icfp_94_100.sl_348191507
129 [146.82766018456016] icfp
results/greedy:not_icfp.model.per_size/benchmarks@icfp_generated@icfp_gen_13.20.sl_218672829
3350 [6008.092100851606] icfp
results/greedy:not_icfp.model.per_size/benchmarks@icfp_generated@icfp_gen_9.8.sl_802703625
166 [151.2059312107659] icfp
results/greedy:not_icfp.model.per_size/benchmarks@icfp_generated@icfp_gen_6.18.sl_430302951
325 [619.5108378370196] icfp
results/greedy:not_icfp.model.per_size/benchmarks@icfp_generated@icfp_gen_3.13.sl_969034083
590 [835.3914934739823] icfp
results/greedy:not_icfp.model.per_size/benchmarks@icfp@icfp_73_10.sl_313599282
162 [189.6285740160743] icfp
results/greedy:not_icfp.model.per_size/benchmarks@icfp@icfp_7_1000.sl_394372401
1604 [1531.6235989822203] icfp
results/greedy:not_icfp.model.per_size/benchmarks@icfp_generated@icfp_gen_11.4.sl_153496824
3034 [2535.164008878313] icfp
results/greedy:not_icfp.model.per_size/benchmarks@icfp_generated@icfp_gen_4.12.sl_638571702
443 [404.9134573930352] icfp
results/greedy:not_icfp.model.per_size/benchmarks@icfp_generated@icfp_gen_10.10.sl_849256403
3879 [5730.4340473611965] icfp
results/greedy:not_icfp.model.per_size/benchmarks@icfp_generated@icfp_gen_13.14.sl_223101348
545 [471.20089170738044] icfp
results/greedy:not_icfp.model.per_size/benchmarks@icfp@icfp_30_10.sl_843695691
1258 [794.7202782878016] icfp
results/greedy:not_icfp.model.per_size/benchmarks@icfp_generated@icfp_gen_13.19.sl_132293518
264 [712.4218465522466] icfp
results/greedy:not_icfp.model.per_size/benchmarks@icfp_generated@icfp_gen_10.6.sl_142081409
results/greedy:not_icfp.model.per_size/benchmarks@icfp_generated@icfp_gen_5.4.sl_609476857
1637 [2808.086876138438] icfp
results/greedy:not_icfp.model.per_size/benchmarks@icfp_generated@icfp_gen_6.2.sl_814397940
1209 [57.48216038344478] icfp
results/greedy:not_icfp.model.per_size/benchmarks@icfp_generated@icfp_gen_15.7.sl_159292578
2418 [1500.631778404841] icfp
results/greedy:not_icfp.model.per_size/benchmarks@icfp_generated@icfp_gen_8.8.sl_643201064
2103 [2432.9599810128325] icfp
results/greedy:not_icfp.model.per_size/benchmarks@icfp@icfp_93_1000.sl_820441423
269 [318.2657785451151] icfp
results/greedy:not_icfp.model.per_size/benchmarks@icfp_generated@icfp_gen_6.15.sl_191362452
77 [198.5689883166617] icfp
results/greedy:not_icfp.model.per_size/benchmarks@icfp_generated@icfp_gen_4.13.sl_107292656
2614 [2210.6571707026364] icfp
results/greedy:not_icfp.model.per_size/benchmarks@icfp_generated@icfp_gen_15.5.sl_974744175
1043 [1842.2881815106728] icfp
Global stats:
A: 1.342315937401141
G: 1.381589433895328
icfp
A: 0.5995963927268182
G: 1.381589433895328
