434
56
results/greedy:not_hackers.model.global/benchmarks_custom@hackers_delight@hd-20-d5-prog.sl_101394701
results/greedy:not_hackers.model.global/benchmarks_custom@hackers_delight@hd-18-d1-prog.sl_799819752
results/greedy:not_hackers.model.global/benchmarks_custom@hackers_delight@hd-17-d1-prog.sl_411080164
635 [1114.0652110548606] hackers
results/greedy:not_hackers.model.global/benchmarks_custom@hackers_delight@hd-06-d1-prog.sl_974262052
130 [122.91422729565919] hackers
results/greedy:not_hackers.model.global/benchmarks_custom@hackers_delight@hd-10-d5-prog.sl_371180655
results/greedy:not_hackers.model.global/benchmarks_custom@hackers_delight@hd-05-d0-prog.sl_876409786
11 [21.653271657906107] hackers
results/greedy:not_hackers.model.global/benchmarks_custom@hackers_delight@hd-08-d0-prog.sl_078329949
32 [45.23060597654513] hackers
results/greedy:not_hackers.model.global/benchmarks_custom@hackers_delight@hd-07-d5-prog.sl_563281456
505 [1511.1628940765868] hackers
results/greedy:not_hackers.model.global/benchmarks_custom@hackers_delight@hd-15-d5-prog.sl_408025265
results/greedy:not_hackers.model.global/benchmarks_custom@hackers_delight@hd-14-d5-prog.sl_424627716
results/greedy:not_hackers.model.global/benchmarks_custom@hackers_delight@hd-15-d1-prog.sl_704791279
results/greedy:not_hackers.model.global/benchmarks_custom@hackers_delight@hd-11-d5-prog.sl_338333846
results/greedy:not_hackers.model.global/benchmarks_custom@hackers_delight@hd-03-d5-prog.sl_971193223
37 [60.27314960825695] hackers
results/greedy:not_hackers.model.global/benchmarks_custom@hackers_delight@hd-20-d0-prog.sl_646605436
results/greedy:not_hackers.model.global/benchmarks_custom@hackers_delight@hd-04-d0-prog.sl_601377877
15 [19.953082427327114] hackers
results/greedy:not_hackers.model.global/benchmarks_custom@hackers_delight@hd-11-d1-prog.sl_613909966
results/greedy:not_hackers.model.global/benchmarks_custom@hackers_delight@hd-19-d1-prog.sl_095162627
results/greedy:not_hackers.model.global/benchmarks_custom@hackers_delight@hd-10-d0-prog.sl_313484122
results/greedy:not_hackers.model.global/benchmarks_custom@hackers_delight@hd-04-d1-prog.sl_414435973
103 [98.7977462356773] hackers
results/greedy:not_hackers.model.global/benchmarks_custom@hackers_delight@hd-12-d5-prog.sl_028452464
results/greedy:not_hackers.model.global/benchmarks_custom@hackers_delight@hd-18-d0-prog.sl_024962766
results/greedy:not_hackers.model.global/benchmarks_custom@hackers_delight@hd-20-d1-prog.sl_399664941
results/greedy:not_hackers.model.global/benchmarks_custom@hackers_delight@hd-15-d0-prog.sl_299881461
results/greedy:not_hackers.model.global/benchmarks_custom@hackers_delight@hd-17-d5-prog.sl_460824615
results/greedy:not_hackers.model.global/benchmarks_custom@hackers_delight@hd-14-d0-prog.sl_548736432
3307 [2724.2825119388294] hackers
results/greedy:not_hackers.model.global/benchmarks_custom@hackers_delight@hd-10-d1-prog.sl_304373998
results/greedy:not_hackers.model.global/benchmarks_custom@hackers_delight@hd-07-d1-prog.sl_416844479
100 [146.4133796165058] hackers
results/greedy:not_hackers.model.global/benchmarks_custom@hackers_delight@hd-13-d5-prog.sl_649068394
39 [52.46432976960532] hackers
results/greedy:not_hackers.model.global/benchmarks_custom@hackers_delight@hd-05-d5-prog.sl_249832322
179 [234.67997826022807] hackers
results/greedy:not_hackers.model.global/benchmarks_custom@hackers_delight@hd-11-d0-prog.sl_701961969
results/greedy:not_hackers.model.global/benchmarks_custom@hackers_delight@hd-03-d0-prog.sl_189823612
4 [4.0] hackers
results/greedy:not_hackers.model.global/benchmarks_custom@hackers_delight@hd-12-d1-prog.sl_683186723
results/greedy:not_hackers.model.global/benchmarks_custom@hackers_delight@hd-19-d0-prog.sl_518253805
results/greedy:not_hackers.model.global/benchmarks_custom@hackers_delight@hd-17-d0-prog.sl_076637921
195 [499.52382162294134] hackers
results/greedy:not_hackers.model.global/benchmarks_custom@hackers_delight@hd-06-d0-prog.sl_275106681
37 [33.17461030320567] hackers
results/greedy:not_hackers.model.global/benchmarks_custom@hackers_delight@hd-08-d1-prog.sl_263488712
67 [57.09119641632274] hackers
results/greedy:not_hackers.model.global/benchmarks_custom@hackers_delight@hd-18-d5-prog.sl_454091090
results/greedy:not_hackers.model.global/benchmarks_custom@hackers_delight@hd-13-d0-prog.sl_452737928
25 [38.1421594887902] hackers
results/greedy:not_hackers.model.global/benchmarks_custom@hackers_delight@hd-04-d5-prog.sl_562778461
122 [274.92290551369945] hackers
results/greedy:not_hackers.model.global/benchmarks_custom@hackers_delight@hd-02-d0-prog.sl_211696113
8 [13.547914852947054] hackers
results/greedy:not_hackers.model.global/benchmarks_custom@hackers_delight@hd-01-d1-prog.sl_713108747
39 [41.28883857823398] hackers
results/greedy:not_hackers.model.global/benchmarks_custom@hackers_delight@hd-13-d1-prog.sl_102126455
37 [38.11576419738886] hackers
results/greedy:not_hackers.model.global/benchmarks_custom@hackers_delight@hd-14-d1-prog.sl_085819337
skip, forbidden
results/greedy:not_hackers.model.global/benchmarks_custom@hackers_delight@hd-08-d5-prog.sl_190626458
136 [170.24495194290353] hackers
results/greedy:not_hackers.model.global/benchmarks_custom@hackers_delight@hd-19-d5-prog.sl_643438903
results/greedy:not_hackers.model.global/benchmarks_custom@hackers_delight@hd-01-d5-prog.sl_148949048
156 [187.58614999401073] hackers
results/greedy:not_hackers.model.global/benchmarks_custom@hackers_delight@hd-07-d0-prog.sl_176807241
48 [53.41618705792747] hackers
results/greedy:not_hackers.model.global/benchmarks_custom@hackers_delight@hd-09-d1-prog.sl_934777648
73 [54.000118146207946] hackers
results/greedy:not_hackers.model.global/benchmarks_custom@hackers_delight@hd-03-d1-prog.sl_375929842
24 [26.429835057556687] hackers
results/greedy:not_hackers.model.global/benchmarks_custom@hackers_delight@hd-05-d1-prog.sl_028488738
60 [55.25165502314504] hackers
results/greedy:not_hackers.model.global/benchmarks_custom@hackers_delight@hd-02-d1-prog.sl_244968630
26 [52.80565213622834] hackers
results/greedy:not_hackers.model.global/benchmarks_custom@hackers_delight@hd-09-d0-prog.sl_674698908
114 [116.38870651406666] hackers
results/greedy:not_hackers.model.global/benchmarks_custom@hackers_delight@hd-12-d0-prog.sl_677222596
results/greedy:not_hackers.model.global/benchmarks_custom@hackers_delight@hd-09-d5-prog.sl_467758370
102 [51.4230498104616] hackers
results/greedy:not_hackers.model.global/benchmarks_custom@hackers_delight@hd-02-d5-prog.sl_100806880
162 [223.61049007923873] hackers
results/greedy:not_hackers.model.global/benchmarks_custom@hackers_delight@hd-06-d5-prog.sl_337660239
290 [341.583880406398] hackers
Global stats:
A: 1.2444174648078121
G: 1.2598071456212259
hackers
A: 0.6292978385652745
G: 1.2598071456212259
