434
350
results/greedy:not_icfp.model.global/benchmarks@icfp@icfp_147_1000.sl_722939229
165 [305.4179194705285] icfp
results/greedy:not_icfp.model.global/benchmarks@icfp_generated@icfp_gen_1.14.sl_620232000
skip, forbidden
results/greedy:not_icfp.model.global/benchmarks@icfp_generated@icfp_gen_2.8.sl_636127333
93 [107.0970486295835] icfp
results/greedy:not_icfp.model.global/benchmarks@icfp@icfp_96_1000.sl_560761263
1199 [3129.7245548151095] icfp
results/greedy:not_icfp.model.global/benchmarks@icfp_generated@icfp_gen_10.16.sl_255861185
1687 [4197.85950884471] icfp
results/greedy:not_icfp.model.global/benchmarks@icfp_generated@icfp_gen_7.13.sl_298372379
1301 [1830.5353345837946] icfp
results/greedy:not_icfp.model.global/benchmarks@icfp_generated@icfp_gen_6.2.sl_040904239
1448 [57.48216038344478] icfp
results/greedy:not_icfp.model.global/benchmarks@icfp_generated@icfp_gen_7.1.sl_005139665
results/greedy:not_icfp.model.global/benchmarks@icfp@icfp_143_1000.sl_091820748
1049 [1238.7991859951042] icfp
results/greedy:not_icfp.model.global/benchmarks@icfp_generated@icfp_gen_13.16.sl_624578161
3108 [5242.8029623797775] icfp
results/greedy:not_icfp.model.global/benchmarks@icfp_generated@icfp_gen_10.15.sl_704923833
1791 [2219.0095052769675] icfp
results/greedy:not_icfp.model.global/benchmarks@icfp@icfp_150_10.sl_699402161
644 [785.1040492524327] icfp
results/greedy:not_icfp.model.global/benchmarks@icfp_generated@icfp_gen_5.5.sl_040127178
2977 [3500.417430016746] icfp
results/greedy:not_icfp.model.global/benchmarks@icfp_generated@icfp_gen_1.4.sl_014582818
781 [1861.3201650969986] icfp
results/greedy:not_icfp.model.global/benchmarks@icfp_generated@icfp_gen_6.8.sl_792631276
3113 [2152.1320575557615] icfp
results/greedy:not_icfp.model.global/benchmarks@icfp_generated@icfp_gen_12.3.sl_715659285
1721 [2159.6729317541412] icfp
results/greedy:not_icfp.model.global/benchmarks@icfp_generated@icfp_gen_13.19.sl_670304838
321 [712.4218465522466] icfp
results/greedy:not_icfp.model.global/benchmarks@icfp_generated@icfp_gen_8.16.sl_052765811
758 [644.6998126427827] icfp
results/greedy:not_icfp.model.global/benchmarks@icfp@icfp_32_10.sl_037944174
361 [318.8613479158369] icfp
results/greedy:not_icfp.model.global/benchmarks@icfp_generated@icfp_gen_8.12.sl_543207723
312 [365.4244338230893] icfp
results/greedy:not_icfp.model.global/benchmarks@icfp_generated@icfp_gen_12.20.sl_222183250
532 [1300.8771527416816] icfp
results/greedy:not_icfp.model.global/benchmarks@icfp_generated@icfp_gen_14.6.sl_067971448
1051 [2099.2382566453684] icfp
results/greedy:not_icfp.model.global/benchmarks@icfp@icfp_105_100.sl_495624745
175 [179.9084085468588] icfp
results/greedy:not_icfp.model.global/benchmarks@icfp_generated@icfp_gen_14.8.sl_971949971
181 [147.34277871181337] icfp
results/greedy:not_icfp.model.global/benchmarks@icfp_generated@icfp_gen_14.10.sl_057739659
4722 [6102.439393907673] icfp
results/greedy:not_icfp.model.global/benchmarks@icfp@icfp_103_10.sl_799756884
578 [1113.923790542598] icfp
results/greedy:not_icfp.model.global/benchmarks@icfp_generated@icfp_gen_3.18.sl_355097930
3556 [5495.445833077082] icfp
results/greedy:not_icfp.model.global/benchmarks@icfp_generated@icfp_gen_15.7.sl_583284751
1015 [1500.631778404841] icfp
results/greedy:not_icfp.model.global/benchmarks@icfp_generated@icfp_gen_15.11.sl_643129661
857 [461.2949390387083] icfp
results/greedy:not_icfp.model.global/benchmarks@icfp_generated@icfp_gen_10.19.sl_081365207
1300 [1459.4347850325908] icfp
results/greedy:not_icfp.model.global/benchmarks@icfp_generated@icfp_gen_7.4.sl_589655862
2204 [4338.6295527818165] icfp
results/greedy:not_icfp.model.global/benchmarks@icfp_generated@icfp_gen_13.1.sl_839560132
2479 [1402.695312571477] icfp
results/greedy:not_icfp.model.global/benchmarks@icfp_generated@icfp_gen_2.1.sl_635129021
results/greedy:not_icfp.model.global/benchmarks@icfp_generated@icfp_gen_4.8.sl_767088275
2976 [3596.140436804101] icfp
results/greedy:not_icfp.model.global/benchmarks@icfp_generated@icfp_gen_10.1.sl_541283879
446 [1431.0191642601528] icfp
results/greedy:not_icfp.model.global/benchmarks@icfp_generated@icfp_gen_12.11.sl_772313809
277 [789.1937054828956] icfp
results/greedy:not_icfp.model.global/benchmarks@icfp_generated@icfp_gen_3.8.sl_439850928
719 [945.0504273306686] icfp
results/greedy:not_icfp.model.global/benchmarks@icfp_generated@icfp_gen_11.18.sl_578915076
2518 [1224.460952140912] icfp
results/greedy:not_icfp.model.global/benchmarks@icfp_generated@icfp_gen_11.20.sl_251575707
4531 [4266.28976128922] icfp
results/greedy:not_icfp.model.global/benchmarks@icfp@icfp_28_10.sl_662439579
11 [8.349451898962183] icfp
results/greedy:not_icfp.model.global/benchmarks@icfp_generated@icfp_gen_11.16.sl_558002453
2569 [3353.78286932107] icfp
results/greedy:not_icfp.model.global/benchmarks@icfp_generated@icfp_gen_10.5.sl_392536404
2901 [1738.626264773181] icfp
results/greedy:not_icfp.model.global/benchmarks@icfp_generated@icfp_gen_6.19.sl_014537459
1027 [2547.1706604629494] icfp
results/greedy:not_icfp.model.global/benchmarks@icfp_generated@icfp_gen_12.18.sl_261716401
851 [683.6696255475738] icfp
results/greedy:not_icfp.model.global/benchmarks@icfp_generated@icfp_gen_5.9.sl_635308222
1431 [2364.5171422562844] icfp
results/greedy:not_icfp.model.global/benchmarks@icfp_generated@icfp_gen_1.16.sl_572437350
939 [1181.8292795445977] icfp
results/greedy:not_icfp.model.global/benchmarks@icfp_generated@icfp_gen_14.3.sl_304658594
4815 [2871.587255948558] icfp
results/greedy:not_icfp.model.global/benchmarks@icfp_generated@icfp_gen_5.11.sl_245654218
1196 [2420.1494453570604] icfp
results/greedy:not_icfp.model.global/benchmarks@icfp_generated@icfp_gen_6.20.sl_927492096
4 [2.1074358993444715] icfp
results/greedy:not_icfp.model.global/benchmarks@icfp_generated@icfp_gen_6.10.sl_580741487
4249 [6075.27191418463] icfp
results/greedy:not_icfp.model.global/benchmarks@icfp_generated@icfp_gen_1.8.sl_680800253
1413 [2291.8209945083813] icfp
results/greedy:not_icfp.model.global/benchmarks@icfp_generated@icfp_gen_11.3.sl_913677073
2438 [3837.34465516066] icfp
results/greedy:not_icfp.model.global/benchmarks@icfp_generated@icfp_gen_15.13.sl_314891347
663 [499.21421305815727] icfp
results/greedy:not_icfp.model.global/benchmarks@icfp_generated@icfp_gen_13.20.sl_058493037
4836 [6008.092100851606] icfp
results/greedy:not_icfp.model.global/benchmarks@icfp_generated@icfp_gen_2.12.sl_816667803
419 [362.03351800639354] icfp
results/greedy:not_icfp.model.global/benchmarks@icfp_generated@icfp_gen_6.16.sl_367306105
384 [419.53787482766086] icfp
results/greedy:not_icfp.model.global/benchmarks@icfp@icfp_125_10.sl_752266173
426 [1188.0976146585706] icfp
results/greedy:not_icfp.model.global/benchmarks@icfp_generated@icfp_gen_10.9.sl_883880240
369 [543.1093030806628] icfp
results/greedy:not_icfp.model.global/benchmarks@icfp_generated@icfp_gen_8.9.sl_407618708
1238 [2112.6994439202203] icfp
results/greedy:not_icfp.model.global/benchmarks@icfp@icfp_51_10.sl_406416606
161 [270.39977652179624] icfp
results/greedy:not_icfp.model.global/benchmarks@icfp_generated@icfp_gen_3.1.sl_919378364
593 [841.3687464479405] icfp
results/greedy:not_icfp.model.global/benchmarks@icfp_generated@icfp_gen_2.17.sl_210546879
4795 [3766.9671610622895] icfp
results/greedy:not_icfp.model.global/benchmarks@icfp@icfp_38_10.sl_245342776
182 [246.87490088395498] icfp
results/greedy:not_icfp.model.global/benchmarks@icfp_generated@icfp_gen_13.10.sl_802577176
234 [194.5312271201664] icfp
results/greedy:not_icfp.model.global/benchmarks@icfp_generated@icfp_gen_9.11.sl_792849644
600 [1182.6473579895612] icfp
results/greedy:not_icfp.model.global/benchmarks@icfp_generated@icfp_gen_6.14.sl_552693853
1831 [1589.930572698794] icfp
results/greedy:not_icfp.model.global/benchmarks@icfp_generated@icfp_gen_9.4.sl_261468010
2393 [3042.8793888919063] icfp
results/greedy:not_icfp.model.global/benchmarks@icfp_generated@icfp_gen_1.6.sl_192479139
1878 [2816.877066013322] icfp
results/greedy:not_icfp.model.global/benchmarks@icfp_generated@icfp_gen_15.6.sl_002127637
2459 [2801.0921728546336] icfp
results/greedy:not_icfp.model.global/benchmarks@icfp_generated@icfp_gen_14.7.sl_775770679
1601 [2548.0140648031847] icfp
results/greedy:not_icfp.model.global/benchmarks@icfp_generated@icfp_gen_9.5.sl_495470576
262 [353.3373859841795] icfp
results/greedy:not_icfp.model.global/benchmarks@icfp_generated@icfp_gen_1.20.sl_870449155
1265 [1770.3282090557968] icfp
results/greedy:not_icfp.model.global/benchmarks@icfp_generated@icfp_gen_3.4.sl_498404552
9 [10.771247708052407] icfp
results/greedy:not_icfp.model.global/benchmarks@icfp_generated@icfp_gen_5.19.sl_583354641
441 [528.2884044969372] icfp
results/greedy:not_icfp.model.global/benchmarks@icfp_generated@icfp_gen_10.8.sl_029431810
2672 [1656.8965058653393] icfp
results/greedy:not_icfp.model.global/benchmarks@icfp@icfp_64_10.sl_280479669
337 [405.19995128394834] icfp
results/greedy:not_icfp.model.global/benchmarks@icfp_generated@icfp_gen_2.9.sl_753576858
212 [178.56578966741853] icfp
results/greedy:not_icfp.model.global/benchmarks@icfp_generated@icfp_gen_11.13.sl_209879276
845 [1381.5332488497559] icfp
results/greedy:not_icfp.model.global/benchmarks@icfp_generated@icfp_gen_2.3.sl_806238095
368 [1210.2278446294042] icfp
results/greedy:not_icfp.model.global/benchmarks@icfp@icfp_93_1000.sl_731161903
306 [318.2657785451151] icfp
results/greedy:not_icfp.model.global/benchmarks@icfp_generated@icfp_gen_12.17.sl_541986360
1130 [777.0505380905744] icfp
results/greedy:not_icfp.model.global/benchmarks@icfp_generated@icfp_gen_1.13.sl_171648819
3925 [3057.3204101485708] icfp
results/greedy:not_icfp.model.global/benchmarks@icfp_generated@icfp_gen_9.18.sl_763865392
2122 [1849.4377606477306] icfp
results/greedy:not_icfp.model.global/benchmarks@icfp@icfp_68_1000.sl_133359617
skip, forbidden
results/greedy:not_icfp.model.global/benchmarks@icfp_generated@icfp_gen_4.7.sl_716079648
14480 [9196.765556001545] icfp
results/greedy:not_icfp.model.global/benchmarks@icfp_generated@icfp_gen_3.13.sl_690199113
649 [835.3914934739823] icfp
results/greedy:not_icfp.model.global/benchmarks@icfp_generated@icfp_gen_6.7.sl_721409036
1407 [1160.7011611522958] icfp
results/greedy:not_icfp.model.global/benchmarks@icfp_generated@icfp_gen_5.2.sl_729477673
1699 [738.5891984191219] icfp
results/greedy:not_icfp.model.global/benchmarks@icfp_generated@icfp_gen_10.17.sl_859372121
671 [772.594971819657] icfp
results/greedy:not_icfp.model.global/benchmarks@icfp_generated@icfp_gen_12.14.sl_697757780
1420 [2369.350685993117] icfp
results/greedy:not_icfp.model.global/benchmarks@icfp_generated@icfp_gen_11.12.sl_556823738
1690 [2239.9431158895504] icfp
results/greedy:not_icfp.model.global/benchmarks@icfp_generated@icfp_gen_11.4.sl_757784579
2757 [2535.164008878313] icfp
results/greedy:not_icfp.model.global/benchmarks@icfp_generated@icfp_gen_1.18.sl_037510161
3084 [4350.515679190679] icfp
results/greedy:not_icfp.model.global/benchmarks@icfp_generated@icfp_gen_15.5.sl_031819239
1230 [1842.2881815106728] icfp
results/greedy:not_icfp.model.global/benchmarks@icfp_generated@icfp_gen_11.9.sl_684279354
1373 [1816.1411389338757] icfp
results/greedy:not_icfp.model.global/benchmarks@icfp_generated@icfp_gen_14.17.sl_917373083
103 [138.79666306605156] icfp
results/greedy:not_icfp.model.global/benchmarks@icfp_generated@icfp_gen_13.12.sl_500025737
209 [331.7068210679791] icfp
results/greedy:not_icfp.model.global/benchmarks@icfp_generated@icfp_gen_8.10.sl_830645871
3234 [3274.3705487420084] icfp
results/greedy:not_icfp.model.global/benchmarks@icfp_generated@icfp_gen_13.14.sl_644783660
654 [471.20089170738044] icfp
results/greedy:not_icfp.model.global/benchmarks@icfp_generated@icfp_gen_2.13.sl_063833350
910 [2600.160480226906] icfp
results/greedy:not_icfp.model.global/benchmarks@icfp_generated@icfp_gen_11.19.sl_806691947
1385 [1876.0678678482275] icfp
results/greedy:not_icfp.model.global/benchmarks@icfp_generated@icfp_gen_3.14.sl_002323187
512 [526.8783696119541] icfp
results/greedy:not_icfp.model.global/benchmarks@icfp_generated@icfp_gen_11.2.sl_201933836
1546 [3890.531203695999] icfp
results/greedy:not_icfp.model.global/benchmarks@icfp_generated@icfp_gen_14.11.sl_786180984
3928 [2546.593682109126] icfp
results/greedy:not_icfp.model.global/benchmarks@icfp_generated@icfp_gen_8.19.sl_422609207
1893 [2985.6811622605924] icfp
results/greedy:not_icfp.model.global/benchmarks@icfp_generated@icfp_gen_12.6.sl_306503846
2231 [3232.444104924365] icfp
results/greedy:not_icfp.model.global/benchmarks@icfp_generated@icfp_gen_7.9.sl_354931758
810 [1296.481359478948] icfp
results/greedy:not_icfp.model.global/benchmarks@icfp_generated@icfp_gen_2.6.sl_336008447
1912 [4055.974475753138] icfp
results/greedy:not_icfp.model.global/benchmarks@icfp@icfp_9_1000.sl_081633337
7221 [7212.483005506481] icfp
results/greedy:not_icfp.model.global/benchmarks@icfp_generated@icfp_gen_12.9.sl_741446498
998 [2577.724603313127] icfp
results/greedy:not_icfp.model.global/benchmarks@icfp@icfp_134_1000.sl_180462593
1753 [1992.006407783717] icfp
results/greedy:not_icfp.model.global/benchmarks@icfp_generated@icfp_gen_9.13.sl_838839288
127 [152.56856407381775] icfp
results/greedy:not_icfp.model.global/benchmarks@icfp_generated@icfp_gen_15.12.sl_376134646
1472 [2615.8813933638876] icfp
results/greedy:not_icfp.model.global/benchmarks@icfp_generated@icfp_gen_14.13.sl_751742054
1715 [2800.4790204320734] icfp
results/greedy:not_icfp.model.global/benchmarks@icfp_generated@icfp_gen_15.17.sl_670420980
5347 [6288.64468498417] icfp
results/greedy:not_icfp.model.global/benchmarks@icfp_generated@icfp_gen_12.15.sl_667126794
1213 [1149.5648388222642] icfp
results/greedy:not_icfp.model.global/benchmarks@icfp_generated@icfp_gen_15.19.sl_797971092
1446 [1846.1240327150201] icfp
results/greedy:not_icfp.model.global/benchmarks@icfp_generated@icfp_gen_9.14.sl_197317974
270 [428.0852172763551] icfp
results/greedy:not_icfp.model.global/benchmarks@icfp_generated@icfp_gen_2.20.sl_854461220
1526 [2056.0517089384525] icfp
results/greedy:not_icfp.model.global/benchmarks@icfp_generated@icfp_gen_11.14.sl_019014074
671 [970.4274977872036] icfp
results/greedy:not_icfp.model.global/benchmarks@icfp_generated@icfp_gen_1.15.sl_560887480
1169 [1602.6833029966456] icfp
results/greedy:not_icfp.model.global/benchmarks@icfp_generated@icfp_gen_9.10.sl_864324916
1523 [1294.494410467566] icfp
results/greedy:not_icfp.model.global/benchmarks@icfp_generated@icfp_gen_13.9.sl_663627260
714 [1260.3843722563856] icfp
results/greedy:not_icfp.model.global/benchmarks@icfp_generated@icfp_gen_9.7.sl_361018128
205 [201.7122742068316] icfp
results/greedy:not_icfp.model.global/benchmarks@icfp_generated@icfp_gen_11.5.sl_503005453
584 [831.291356992127] icfp
results/greedy:not_icfp.model.global/benchmarks@icfp@icfp_54_1000.sl_826105743
154 [112.90637495674675] icfp
results/greedy:not_icfp.model.global/benchmarks@icfp_generated@icfp_gen_9.2.sl_190194441
1378 [1292.5473392485803] icfp
results/greedy:not_icfp.model.global/benchmarks@icfp@icfp_96_10.sl_478498649
851 [2191.0442283945304] icfp
results/greedy:not_icfp.model.global/benchmarks@icfp_generated@icfp_gen_9.17.sl_327332029
1314 [2085.2585541640883] icfp
results/greedy:not_icfp.model.global/benchmarks@icfp_generated@icfp_gen_11.7.sl_803669598
1067 [1215.4834011475618] icfp
results/greedy:not_icfp.model.global/benchmarks@icfp_generated@icfp_gen_7.19.sl_022077617
401 [251.8346894670327] icfp
results/greedy:not_icfp.model.global/benchmarks@icfp_generated@icfp_gen_5.18.sl_130800081
1269 [2200.401582573527] icfp
results/greedy:not_icfp.model.global/benchmarks@icfp@icfp_94_1000.sl_910791735
90 [138.04059009776347] icfp
results/greedy:not_icfp.model.global/benchmarks@icfp_generated@icfp_gen_4.17.sl_408458144
results/greedy:not_icfp.model.global/benchmarks@icfp_generated@icfp_gen_13.15.sl_568528734
1488 [2220.1375492810294] icfp
results/greedy:not_icfp.model.global/benchmarks@icfp_generated@icfp_gen_7.8.sl_988392846
results/greedy:not_icfp.model.global/benchmarks@icfp_generated@icfp_gen_8.5.sl_331056040
1890 [2238.799480391896] icfp
results/greedy:not_icfp.model.global/benchmarks@icfp_generated@icfp_gen_13.6.sl_619388931
252 [907.0991905007509] icfp
results/greedy:not_icfp.model.global/benchmarks@icfp_generated@icfp_gen_1.19.sl_861029833
234 [282.45220615381237] icfp
results/greedy:not_icfp.model.global/benchmarks@icfp_generated@icfp_gen_5.13.sl_635384371
2332 [2493.148852593131] icfp
results/greedy:not_icfp.model.global/benchmarks@icfp_generated@icfp_gen_10.11.sl_723381254
2144 [2895.180923909539] icfp
results/greedy:not_icfp.model.global/benchmarks@icfp_generated@icfp_gen_2.5.sl_238191039
457 [654.8574575413656] icfp
results/greedy:not_icfp.model.global/benchmarks@icfp@icfp_14_1000.sl_238130723
skip, forbidden
results/greedy:not_icfp.model.global/benchmarks@icfp@icfp_118_10.sl_363567268
414 [583.70105392792] icfp
results/greedy:not_icfp.model.global/benchmarks@icfp_generated@icfp_gen_4.19.sl_423602960
4785 [5842.507568261379] icfp
results/greedy:not_icfp.model.global/benchmarks@icfp_generated@icfp_gen_13.3.sl_520756368
2905 [3794.698106773059] icfp
results/greedy:not_icfp.model.global/benchmarks@icfp@icfp_69_10.sl_773687655
195 [202.31643910642077] icfp
results/greedy:not_icfp.model.global/benchmarks@icfp_generated@icfp_gen_14.5.sl_298976661
1878 [2290.901706282299] icfp
results/greedy:not_icfp.model.global/benchmarks@icfp_generated@icfp_gen_9.20.sl_857329699
877 [960.285901222634] icfp
results/greedy:not_icfp.model.global/benchmarks@icfp_generated@icfp_gen_15.16.sl_547512798
611 [836.2936386925628] icfp
results/greedy:not_icfp.model.global/benchmarks@icfp_generated@icfp_gen_6.3.sl_465964509
1638 [3323.9765971591514] icfp
results/greedy:not_icfp.model.global/benchmarks@icfp_generated@icfp_gen_9.19.sl_212107456
1634 [3009.3922734559055] icfp
results/greedy:not_icfp.model.global/benchmarks@icfp_generated@icfp_gen_6.5.sl_497025662
432 [429.6042699548238] icfp
results/greedy:not_icfp.model.global/benchmarks@icfp_generated@icfp_gen_7.14.sl_016100086
1517 [1613.7132196508082] icfp
results/greedy:not_icfp.model.global/benchmarks@icfp_generated@icfp_gen_14.1.sl_213344959
2491 [1465.2186955673476] icfp
results/greedy:not_icfp.model.global/benchmarks@icfp_generated@icfp_gen_8.6.sl_419120895
1423 [2487.5776878101983] icfp
results/greedy:not_icfp.model.global/benchmarks@icfp_generated@icfp_gen_12.19.sl_152031359
2947 [2653.5428877004083] icfp
results/greedy:not_icfp.model.global/benchmarks@icfp_generated@icfp_gen_9.15.sl_761762937
1743 [1168.467575370147] icfp
results/greedy:not_icfp.model.global/benchmarks@icfp@icfp_144_1000.sl_206669192
2019 [2193.80490039856] icfp
results/greedy:not_icfp.model.global/benchmarks@icfp_generated@icfp_gen_13.5.sl_195157349
2570 [4545.9469561529295] icfp
results/greedy:not_icfp.model.global/benchmarks@icfp_generated@icfp_gen_3.19.sl_167305785
473 [590.2669984759151] icfp
results/greedy:not_icfp.model.global/benchmarks@icfp_generated@icfp_gen_7.7.sl_572099115
2227 [1629.5383608227773] icfp
results/greedy:not_icfp.model.global/benchmarks@icfp_generated@icfp_gen_3.7.sl_545644892
1832 [2132.8445637700984] icfp
results/greedy:not_icfp.model.global/benchmarks@icfp_generated@icfp_gen_15.1.sl_765810020
465 [1304.407938086629] icfp
results/greedy:not_icfp.model.global/benchmarks@icfp_generated@icfp_gen_12.2.sl_636064116
221 [708.86861519127] icfp
results/greedy:not_icfp.model.global/benchmarks@icfp_generated@icfp_gen_7.16.sl_188593665
681 [822.8528886265965] icfp
results/greedy:not_icfp.model.global/benchmarks@icfp_generated@icfp_gen_9.16.sl_179369242
686 [513.7041053903238] icfp
results/greedy:not_icfp.model.global/benchmarks@icfp_generated@icfp_gen_3.3.sl_064551067
1541 [4257.125674809206] icfp
results/greedy:not_icfp.model.global/benchmarks@icfp_generated@icfp_gen_5.7.sl_260497890
476 [385.441934718822] icfp
results/greedy:not_icfp.model.global/benchmarks@icfp_generated@icfp_gen_3.9.sl_740073266
120 [109.5205301831707] icfp
results/greedy:not_icfp.model.global/benchmarks@icfp_generated@icfp_gen_7.2.sl_016749997
494 [1393.0457771797317] icfp
results/greedy:not_icfp.model.global/benchmarks@icfp_generated@icfp_gen_7.15.sl_516509799
676 [635.6574555078683] icfp
results/greedy:not_icfp.model.global/benchmarks@icfp_generated@icfp_gen_3.2.sl_265563106
130 [518.7083873526385] icfp
results/greedy:not_icfp.model.global/benchmarks@icfp_generated@icfp_gen_8.4.sl_247249525
2164 [2067.4913647170733] icfp
results/greedy:not_icfp.model.global/benchmarks@icfp_generated@icfp_gen_5.6.sl_576106863
2053 [930.2908907233199] icfp
results/greedy:not_icfp.model.global/benchmarks@icfp_generated@icfp_gen_2.14.sl_574128307
376 [477.2997613751572] icfp
results/greedy:not_icfp.model.global/benchmarks@icfp_generated@icfp_gen_8.13.sl_495696759
420 [519.1450498764992] icfp
results/greedy:not_icfp.model.global/benchmarks@icfp_generated@icfp_gen_12.7.sl_084450953
817 [535.3572838170829] icfp
results/greedy:not_icfp.model.global/benchmarks@icfp_generated@icfp_gen_8.2.sl_673214957
648 [953.0937745069668] icfp
results/greedy:not_icfp.model.global/benchmarks@icfp_generated@icfp_gen_1.17.sl_901804456
2162 [5106.24443467527] icfp
results/greedy:not_icfp.model.global/benchmarks@icfp_generated@icfp_gen_2.19.sl_008214702
159 [312.47317666080465] icfp
results/greedy:not_icfp.model.global/benchmarks@icfp@icfp_87_10.sl_174760478
107 [132.14093500790423] icfp
results/greedy:not_icfp.model.global/benchmarks@icfp_generated@icfp_gen_8.1.sl_603209171
results/greedy:not_icfp.model.global/benchmarks@icfp_generated@icfp_gen_6.13.sl_055847485
205 [241.7248176237208] icfp
results/greedy:not_icfp.model.global/benchmarks@icfp_generated@icfp_gen_12.8.sl_530965547
558 [894.9727696358377] icfp
results/greedy:not_icfp.model.global/benchmarks@icfp_generated@icfp_gen_2.16.sl_552512210
1099 [675.2099146091093] icfp
results/greedy:not_icfp.model.global/benchmarks@icfp@icfp_114_100.sl_003025550
377 [745.8105757312521] icfp
results/greedy:not_icfp.model.global/benchmarks@icfp_generated@icfp_gen_1.12.sl_749387542
504 [728.9327002817902] icfp
results/greedy:not_icfp.model.global/benchmarks@icfp_generated@icfp_gen_15.2.sl_060680486
2105 [3278.658539469878] icfp
results/greedy:not_icfp.model.global/benchmarks@icfp_generated@icfp_gen_3.6.sl_484403126
2311 [2400.574000988888] icfp
results/greedy:not_icfp.model.global/benchmarks@icfp_generated@icfp_gen_3.17.sl_034494394
1116 [1543.2758349165063] icfp
results/greedy:not_icfp.model.global/benchmarks@icfp_generated@icfp_gen_7.5.sl_299857813
520 [856.7062481790872] icfp
results/greedy:not_icfp.model.global/benchmarks@icfp_generated@icfp_gen_12.10.sl_082457782
1843 [2483.14420809561] icfp
results/greedy:not_icfp.model.global/benchmarks@icfp_generated@icfp_gen_6.11.sl_871994422
171 [102.3920446474144] icfp
results/greedy:not_icfp.model.global/benchmarks@icfp@icfp_139_10.sl_192686539
121 [109.58871790084316] icfp
results/greedy:not_icfp.model.global/benchmarks@icfp_generated@icfp_gen_4.16.sl_519701285
684 [1849.9615156558355] icfp
results/greedy:not_icfp.model.global/benchmarks@icfp_generated@icfp_gen_10.2.sl_584890896
58 [861.7656538471431] icfp
results/greedy:not_icfp.model.global/benchmarks@icfp_generated@icfp_gen_4.12.sl_587612430
357 [404.9134573930352] icfp
results/greedy:not_icfp.model.global/benchmarks@icfp_generated@icfp_gen_14.20.sl_519587513
1333 [1978.656078221973] icfp
results/greedy:not_icfp.model.global/benchmarks@icfp_generated@icfp_gen_14.15.sl_002493910
1884 [2902.2893071113704] icfp
results/greedy:not_icfp.model.global/benchmarks@icfp_generated@icfp_gen_7.12.sl_991608754
844 [681.946584738567] icfp
results/greedy:not_icfp.model.global/benchmarks@icfp_generated@icfp_gen_3.10.sl_748110985
skip, forbidden
results/greedy:not_icfp.model.global/benchmarks@icfp_generated@icfp_gen_12.13.sl_513845147
6894 [9188.517891995565] icfp
results/greedy:not_icfp.model.global/benchmarks@icfp_generated@icfp_gen_7.20.sl_982447778
1134 [3449.555807064879] icfp
results/greedy:not_icfp.model.global/benchmarks@icfp_generated@icfp_gen_5.20.sl_704482188
161 [242.0484178504282] icfp
results/greedy:not_icfp.model.global/benchmarks@icfp_generated@icfp_gen_11.6.sl_559819280
5 [7.659949856983717] icfp
results/greedy:not_icfp.model.global/benchmarks@icfp_generated@icfp_gen_4.10.sl_835035494
102 [207.56175169392904] icfp
results/greedy:not_icfp.model.global/benchmarks@icfp_generated@icfp_gen_13.13.sl_955212196
3958 [4878.377226524902] icfp
results/greedy:not_icfp.model.global/benchmarks@icfp_generated@icfp_gen_3.12.sl_436523652
179 [218.01466399783476] icfp
results/greedy:not_icfp.model.global/benchmarks@icfp_generated@icfp_gen_12.1.sl_780513332
2238 [1245.7067616626757] icfp
results/greedy:not_icfp.model.global/benchmarks@icfp@icfp_144_100.sl_314490945
2689 [2082.8142273761437] icfp
results/greedy:not_icfp.model.global/benchmarks@icfp_generated@icfp_gen_10.4.sl_270674798
results/greedy:not_icfp.model.global/benchmarks@icfp_generated@icfp_gen_2.15.sl_830989134
2304 [2765.5846231228866] icfp
results/greedy:not_icfp.model.global/benchmarks@icfp_generated@icfp_gen_8.11.sl_331544699
4276 [5678.7144024805975] icfp
results/greedy:not_icfp.model.global/benchmarks@icfp_generated@icfp_gen_7.10.sl_447873828
868 [1125.5825768227733] icfp
results/greedy:not_icfp.model.global/benchmarks@icfp_generated@icfp_gen_1.2.sl_836373904
1177 [1747.9430250508772] icfp
results/greedy:not_icfp.model.global/benchmarks@icfp_generated@icfp_gen_14.19.sl_719105886
2470 [4689.942844612569] icfp
results/greedy:not_icfp.model.global/benchmarks@icfp_generated@icfp_gen_15.14.sl_631429894
2929 [3776.044802197855] icfp
results/greedy:not_icfp.model.global/benchmarks@icfp_generated@icfp_gen_10.3.sl_376250077
1254 [1879.8156088655905] icfp
results/greedy:not_icfp.model.global/benchmarks@icfp_generated@icfp_gen_12.16.sl_362477417
373 [706.4464763921868] icfp
results/greedy:not_icfp.model.global/benchmarks@icfp_generated@icfp_gen_11.10.sl_185339561
1613 [2403.1223591579005] icfp
results/greedy:not_icfp.model.global/benchmarks@icfp_generated@icfp_gen_1.9.sl_006243214
6274 [6176.054948578109] icfp
results/greedy:not_icfp.model.global/benchmarks@icfp_generated@icfp_gen_4.5.sl_265478378
978 [1033.1470357049996] icfp
results/greedy:not_icfp.model.global/benchmarks@icfp_generated@icfp_gen_15.3.sl_079300486
3245 [3641.6933003977506] icfp
results/greedy:not_icfp.model.global/benchmarks@icfp_generated@icfp_gen_10.18.sl_697735203
587 [965.1473553961067] icfp
results/greedy:not_icfp.model.global/benchmarks@icfp_generated@icfp_gen_9.3.sl_780851707
1933 [2647.3328638607645] icfp
results/greedy:not_icfp.model.global/benchmarks@icfp_generated@icfp_gen_1.5.sl_009730703
212 [338.786825787048] icfp
results/greedy:not_icfp.model.global/benchmarks@icfp_generated@icfp_gen_5.4.sl_489789203
1823 [2808.086876138438] icfp
results/greedy:not_icfp.model.global/benchmarks@icfp_generated@icfp_gen_11.11.sl_320079818
1492 [2287.1002487943924] icfp
results/greedy:not_icfp.model.global/benchmarks@icfp_generated@icfp_gen_1.1.sl_140642413
584 [1360.7901423457877] icfp
results/greedy:not_icfp.model.global/benchmarks@icfp_generated@icfp_gen_6.1.sl_104587741
4208 [647.7465254669177] icfp
results/greedy:not_icfp.model.global/benchmarks@icfp_generated@icfp_gen_4.3.sl_264951847
299 [389.3043516630583] icfp
results/greedy:not_icfp.model.global/benchmarks@icfp_generated@icfp_gen_11.15.sl_263040748
1327 [1819.4923872405238] icfp
results/greedy:not_icfp.model.global/benchmarks@icfp_generated@icfp_gen_15.9.sl_942844961
2180 [3413.222527218782] icfp
results/greedy:not_icfp.model.global/benchmarks@icfp_generated@icfp_gen_4.4.sl_469500738
1058 [1333.9533884802793] icfp
results/greedy:not_icfp.model.global/benchmarks@icfp_generated@icfp_gen_13.7.sl_966526462
592 [630.2951242340483] icfp
results/greedy:not_icfp.model.global/benchmarks@icfp@icfp_135_100.sl_361065314
582 [484.67083121439435] icfp
results/greedy:not_icfp.model.global/benchmarks@icfp_generated@icfp_gen_11.8.sl_120216867
979 [1077.6310996460754] icfp
results/greedy:not_icfp.model.global/benchmarks@icfp_generated@icfp_gen_2.7.sl_596653052
1761 [2177.630679112316] icfp
results/greedy:not_icfp.model.global/benchmarks@icfp_generated@icfp_gen_7.17.sl_784329049
276 [334.75365623531906] icfp
results/greedy:not_icfp.model.global/benchmarks@icfp@icfp_25_1000.sl_227621556
897 [2113.602258893391] icfp
results/greedy:not_icfp.model.global/benchmarks@icfp_generated@icfp_gen_13.18.sl_276448711
4974 [4681.72754002556] icfp
results/greedy:not_icfp.model.global/benchmarks@icfp_generated@icfp_gen_8.3.sl_670576838
2065 [2271.181605964104] icfp
results/greedy:not_icfp.model.global/benchmarks@icfp_generated@icfp_gen_8.15.sl_224786515
skip, forbidden
results/greedy:not_icfp.model.global/benchmarks@icfp_generated@icfp_gen_3.15.sl_857117831
66 [80.30710977280974] icfp
results/greedy:not_icfp.model.global/benchmarks@icfp@icfp_30_10.sl_264143363
1327 [794.7202782878016] icfp
results/greedy:not_icfp.model.global/benchmarks@icfp_generated@icfp_gen_13.8.sl_724958984
2153 [2253.0312837711504] icfp
results/greedy:not_icfp.model.global/benchmarks@icfp_generated@icfp_gen_9.8.sl_840422950
149 [151.2059312107659] icfp
results/greedy:not_icfp.model.global/benchmarks@icfp_generated@icfp_gen_13.2.sl_440361073
223 [1022.0025548097467] icfp
results/greedy:not_icfp.model.global/benchmarks@icfp_generated@icfp_gen_15.20.sl_779226471
1477 [2790.608242601109] icfp
results/greedy:not_icfp.model.global/benchmarks@icfp@icfp_39_100.sl_737995983
158 [185.2515513145968] icfp
results/greedy:not_icfp.model.global/benchmarks@icfp_generated@icfp_gen_13.17.sl_232271924
636 [584.5492484943388] icfp
results/greedy:not_icfp.model.global/benchmarks@icfp@icfp_94_100.sl_165936125
181 [146.82766018456016] icfp
results/greedy:not_icfp.model.global/benchmarks@icfp_generated@icfp_gen_4.13.sl_100456879
2599 [2210.6571707026364] icfp
results/greedy:not_icfp.model.global/benchmarks@icfp@icfp_113_1000.sl_187088032
94 [111.28675981839554] icfp
results/greedy:not_icfp.model.global/benchmarks@icfp_generated@icfp_gen_13.11.sl_292399110
2214 [3614.8534428653466] icfp
results/greedy:not_icfp.model.global/benchmarks@icfp_generated@icfp_gen_1.11.sl_810056774
275 [323.22450582226816] icfp
results/greedy:not_icfp.model.global/benchmarks@icfp_generated@icfp_gen_6.4.sl_605207114
925 [586.5339299576723] icfp
results/greedy:not_icfp.model.global/benchmarks@icfp_generated@icfp_gen_3.11.sl_332670564
252 [396.24420504164794] icfp
results/greedy:not_icfp.model.global/benchmarks@icfp_generated@icfp_gen_6.18.sl_325870287
348 [619.5108378370196] icfp
results/greedy:not_icfp.model.global/benchmarks@icfp_generated@icfp_gen_12.12.sl_508038332
218 [192.1848386164767] icfp
results/greedy:not_icfp.model.global/benchmarks@icfp_generated@icfp_gen_10.14.sl_810536269
2352 [2982.6269188852257] icfp
results/greedy:not_icfp.model.global/benchmarks@icfp@icfp_73_10.sl_478047200
213 [189.6285740160743] icfp
results/greedy:not_icfp.model.global/benchmarks@icfp_generated@icfp_gen_7.11.sl_126770841
1664 [1516.2919287581944] icfp
results/greedy:not_icfp.model.global/benchmarks@icfp@icfp_7_10.sl_971264687
168 [643.7717028555295] icfp
results/greedy:not_icfp.model.global/benchmarks@icfp_generated@icfp_gen_12.4.sl_921007312
1810 [1486.4156811718453] icfp
results/greedy:not_icfp.model.global/benchmarks@icfp_generated@icfp_gen_4.6.sl_057555461
3396 [3512.81264008622] icfp
results/greedy:not_icfp.model.global/benchmarks@icfp_generated@icfp_gen_7.6.sl_867525179
2198 [2456.1728377908316] icfp
results/greedy:not_icfp.model.global/benchmarks@icfp_generated@icfp_gen_3.5.sl_340101818
367 [272.84989377867316] icfp
results/greedy:not_icfp.model.global/benchmarks@icfp_generated@icfp_gen_7.3.sl_760197422
2349 [2072.3428771987587] icfp
results/greedy:not_icfp.model.global/benchmarks@icfp@icfp_5_1000.sl_780778555
186 [217.59399911661893] icfp
results/greedy:not_icfp.model.global/benchmarks@icfp_generated@icfp_gen_8.20.sl_569466190
1774 [4005.724405549613] icfp
results/greedy:not_icfp.model.global/benchmarks@icfp_generated@icfp_gen_9.12.sl_876462103
765 [1228.5840412709965] icfp
results/greedy:not_icfp.model.global/benchmarks@icfp_generated@icfp_gen_4.20.sl_242136308
2139 [3751.895130594821] icfp
results/greedy:not_icfp.model.global/benchmarks@icfp@icfp_95_100.sl_626731459
results/greedy:not_icfp.model.global/benchmarks@icfp_generated@icfp_gen_4.2.sl_789246635
804 [2116.368470877464] icfp
results/greedy:not_icfp.model.global/benchmarks@icfp_generated@icfp_gen_1.7.sl_721149529
2233 [1221.9007256497507] icfp
results/greedy:not_icfp.model.global/benchmarks@icfp_generated@icfp_gen_15.4.sl_729936018
1293 [2328.2448581632393] icfp
results/greedy:not_icfp.model.global/benchmarks@icfp@icfp_81_1000.sl_780733796
500 [1702.7133700239192] icfp
results/greedy:not_icfp.model.global/benchmarks@icfp_generated@icfp_gen_10.12.sl_992543229
110 [134.39694116348426] icfp
results/greedy:not_icfp.model.global/benchmarks@icfp_generated@icfp_gen_8.7.sl_663194755
207 [335.0877677921212] icfp
results/greedy:not_icfp.model.global/benchmarks@icfp_generated@icfp_gen_14.14.sl_510385026
results/greedy:not_icfp.model.global/benchmarks@icfp_generated@icfp_gen_13.4.sl_415786874
2587 [3048.2565791784623] icfp
results/greedy:not_icfp.model.global/benchmarks@icfp_generated@icfp_gen_2.4.sl_248758070
2530 [3759.9718340073123] icfp
results/greedy:not_icfp.model.global/benchmarks@icfp@icfp_99_100.sl_322513432
441 [528.2884044969372] icfp
results/greedy:not_icfp.model.global/benchmarks@icfp_generated@icfp_gen_10.7.sl_985032024
2862 [1058.2062601914124] icfp
results/greedy:not_icfp.model.global/benchmarks@icfp@icfp_105_1000.sl_011762492
90 [123.5854255590436] icfp
results/greedy:not_icfp.model.global/benchmarks@icfp_generated@icfp_gen_8.14.sl_857140061
2171 [2179.1261527225265] icfp
results/greedy:not_icfp.model.global/benchmarks@icfp_generated@icfp_gen_3.20.sl_171252151
2035 [2583.9441500704634] icfp
results/greedy:not_icfp.model.global/benchmarks@icfp_generated@icfp_gen_6.9.sl_181370058
12680 [7684.110202623547] icfp
results/greedy:not_icfp.model.global/benchmarks@icfp@icfp_82_100.sl_855101343
1214 [1434.9427380667591] icfp
results/greedy:not_icfp.model.global/benchmarks@icfp_generated@icfp_gen_14.9.sl_929228475
results/greedy:not_icfp.model.global/benchmarks@icfp_generated@icfp_gen_2.18.sl_606008659
866 [1583.724310518733] icfp
results/greedy:not_icfp.model.global/benchmarks@icfp_generated@icfp_gen_14.16.sl_615337838
1023 [1039.8431208429167] icfp
results/greedy:not_icfp.model.global/benchmarks@icfp_generated@icfp_gen_4.1.sl_354540919
3518 [1092.3517551469756] icfp
results/greedy:not_icfp.model.global/benchmarks@icfp_generated@icfp_gen_11.17.sl_683232103
skip, forbidden
results/greedy:not_icfp.model.global/benchmarks@icfp_generated@icfp_gen_4.9.sl_724282950
1821 [2873.1715462425914] icfp
results/greedy:not_icfp.model.global/benchmarks@icfp_generated@icfp_gen_10.6.sl_087532223
results/greedy:not_icfp.model.global/benchmarks@icfp_generated@icfp_gen_5.14.sl_925091712
2821 [2588.2049412385277] icfp
results/greedy:not_icfp.model.global/benchmarks@icfp_generated@icfp_gen_5.15.sl_627575530
2202 [2736.2293417416918] icfp
results/greedy:not_icfp.model.global/benchmarks@icfp_generated@icfp_gen_14.2.sl_395498077
242 [755.2757080447792] icfp
results/greedy:not_icfp.model.global/benchmarks@icfp_generated@icfp_gen_6.12.sl_616512590
40 [50.80457812783813] icfp
results/greedy:not_icfp.model.global/benchmarks@icfp_generated@icfp_gen_5.1.sl_560774568
skip, forbidden
results/greedy:not_icfp.model.global/benchmarks@icfp_generated@icfp_gen_6.6.sl_711248090
2499 [4567.256198697803] icfp
results/greedy:not_icfp.model.global/benchmarks@icfp_generated@icfp_gen_8.8.sl_262453541
1326 [2432.9599810128325] icfp
results/greedy:not_icfp.model.global/benchmarks@icfp_generated@icfp_gen_3.16.sl_684918859
2506 [3785.2965302128337] icfp
results/greedy:not_icfp.model.global/benchmarks@icfp_generated@icfp_gen_9.1.sl_975796358
1631 [1021.6895432304295] icfp
results/greedy:not_icfp.model.global/benchmarks@icfp_generated@icfp_gen_4.18.sl_691116579
420 [373.5533067346098] icfp
results/greedy:not_icfp.model.global/benchmarks@icfp_generated@icfp_gen_10.10.sl_015157367
4725 [5730.4340473611965] icfp
results/greedy:not_icfp.model.global/benchmarks@icfp_generated@icfp_gen_2.10.sl_568082419
828 [1503.4448406568415] icfp
results/greedy:not_icfp.model.global/benchmarks@icfp_generated@icfp_gen_5.8.sl_586711887
2834 [3593.753791824967] icfp
results/greedy:not_icfp.model.global/benchmarks@icfp_generated@icfp_gen_14.12.sl_098930133
48 [66.05225506621119] icfp
results/greedy:not_icfp.model.global/benchmarks@icfp_generated@icfp_gen_2.11.sl_657138463
3189 [7357.756546928355] icfp
results/greedy:not_icfp.model.global/benchmarks@icfp_generated@icfp_gen_9.6.sl_884688859
4272 [5461.503254091627] icfp
results/greedy:not_icfp.model.global/benchmarks@icfp_generated@icfp_gen_10.20.sl_051410339
12678 [7546.4760607926155] icfp
results/greedy:not_icfp.model.global/benchmarks@icfp_generated@icfp_gen_8.17.sl_197495086
219 [242.26438932682157] icfp
results/greedy:not_icfp.model.global/benchmarks@icfp_generated@icfp_gen_1.10.sl_821663456
1046 [1596.9259430401219] icfp
results/greedy:not_icfp.model.global/benchmarks@icfp_generated@icfp_gen_15.10.sl_873280534
1818 [1242.5318286395177] icfp
results/greedy:not_icfp.model.global/benchmarks@icfp_generated@icfp_gen_4.11.sl_939298676
skip, forbidden
results/greedy:not_icfp.model.global/benchmarks@icfp@icfp_21_1000.sl_187430056
213 [223.58425073053243] icfp
results/greedy:not_icfp.model.global/benchmarks@icfp_generated@icfp_gen_5.12.sl_018167072
results/greedy:not_icfp.model.global/benchmarks@icfp_generated@icfp_gen_6.15.sl_279920811
114 [198.5689883166617] icfp
results/greedy:not_icfp.model.global/benchmarks@icfp@icfp_118_100.sl_470607171
797 [447.18074452328005] icfp
results/greedy:not_icfp.model.global/benchmarks@icfp_generated@icfp_gen_5.10.sl_231332917
260 [629.8206976012546] icfp
results/greedy:not_icfp.model.global/benchmarks@icfp_generated@icfp_gen_9.9.sl_334118575
3523 [6686.8380636131815] icfp
results/greedy:not_icfp.model.global/benchmarks@icfp_generated@icfp_gen_2.2.sl_886855868
194 [682.1200303633649] icfp
results/greedy:not_icfp.model.global/benchmarks@icfp_generated@icfp_gen_5.17.sl_235473789
1136 [2317.0072346399074] icfp
results/greedy:not_icfp.model.global/benchmarks@icfp_generated@icfp_gen_11.1.sl_894761618
2286 [2051.091607056243] icfp
results/greedy:not_icfp.model.global/benchmarks@icfp_generated@icfp_gen_12.5.sl_989512805
813 [1633.1756313300666] icfp
results/greedy:not_icfp.model.global/benchmarks@icfp_generated@icfp_gen_15.15.sl_728813505
2252 [1664.8870931433237] icfp
results/greedy:not_icfp.model.global/benchmarks@icfp_generated@icfp_gen_15.8.sl_253035743
skip, forbidden
results/greedy:not_icfp.model.global/benchmarks@icfp_generated@icfp_gen_5.3.sl_763506963
skip, forbidden
results/greedy:not_icfp.model.global/benchmarks@icfp_generated@icfp_gen_10.13.sl_639823522
368 [1348.3778955794357] icfp
results/greedy:not_icfp.model.global/benchmarks@icfp_generated@icfp_gen_4.15.sl_775809404
105 [120.59709063109146] icfp
results/greedy:not_icfp.model.global/benchmarks@icfp_generated@icfp_gen_4.14.sl_309162927
729 [612.5029814448142] icfp
results/greedy:not_icfp.model.global/benchmarks@icfp_generated@icfp_gen_14.4.sl_481981137
991 [882.2296529152583] icfp
results/greedy:not_icfp.model.global/benchmarks@icfp@icfp_56_1000.sl_346836543
2693 [3804.5448773666194] icfp
results/greedy:not_icfp.model.global/benchmarks@icfp_generated@icfp_gen_6.17.sl_324321942
2942 [1409.5742107947842] icfp
results/greedy:not_icfp.model.global/benchmarks@icfp@icfp_82_10.sl_183773370
1096 [1431.3924559422403] icfp
results/greedy:not_icfp.model.global/benchmarks@icfp@icfp_45_1000.sl_512111605
32 [45.393841073607675] icfp
results/greedy:not_icfp.model.global/benchmarks@icfp@icfp_72_10.sl_038933035
329 [370.71824639335557] icfp
results/greedy:not_icfp.model.global/benchmarks@icfp_generated@icfp_gen_8.18.sl_769418644
2724 [2645.8773584457713] icfp
results/greedy:not_icfp.model.global/benchmarks@icfp_generated@icfp_gen_5.16.sl_544843278
1457 [734.3958581568594] icfp
results/greedy:not_icfp.model.global/benchmarks@icfp@icfp_45_10.sl_195331063
32 [45.286129042822175] icfp
results/greedy:not_icfp.model.global/benchmarks@icfp_generated@icfp_gen_7.18.sl_991086806
965 [2414.1594537125325] icfp
results/greedy:not_icfp.model.global/benchmarks@icfp@icfp_7_1000.sl_707899509
1881 [1531.6235989822203] icfp
results/greedy:not_icfp.model.global/benchmarks@icfp@icfp_104_10.sl_562882438
178 [178.6914734320271] icfp
results/greedy:not_icfp.model.global/benchmarks@icfp_generated@icfp_gen_15.18.sl_831418451
935 [861.1566219436312] icfp
results/greedy:not_icfp.model.global/benchmarks@icfp_generated@icfp_gen_1.3.sl_210192979
322 [456.1083652419557] icfp
results/greedy:not_icfp.model.global/benchmarks@icfp_generated@icfp_gen_14.18.sl_548654253
1835 [2605.2420360552255] icfp
Global stats:
A: 1.2050047244583808
G: 1.2532979996896683
icfp
A: 0.6817429279388242
G: 1.2532979996896683
