434
14
results/stochastic:not_array.model.global/benchmarks_se@arrays@array_search_15.sl_655040317
478 [442.3188691415842] arrays
results/stochastic:not_array.model.global/benchmarks_se@arrays@array_search_10.sl_587861260
245 [298.0483417222324] arrays
results/stochastic:not_array.model.global/benchmarks_se@arrays@array_search_5.sl_973330727
94 [134.3806932297147] arrays
results/stochastic:not_array.model.global/benchmarks_se@arrays@array_search_8.sl_664699528
178 [226.2104202054027] arrays
results/stochastic:not_array.model.global/benchmarks_se@arrays@array_search_12.sl_213564540
330 [314.97403293525065] arrays
results/stochastic:not_array.model.global/benchmarks_se@arrays@array_search_11.sl_421579583
296 [322.14288813096437] arrays
results/stochastic:not_array.model.global/benchmarks_se@arrays@array_search_4.sl_190805726
62 [134.06644104405711] arrays
results/stochastic:not_array.model.global/benchmarks_se@arrays@array_search_2.sl_528845478
30 [77.47454895927362] arrays
results/stochastic:not_array.model.global/benchmarks_se@arrays@array_search_14.sl_786125524
444 [476.4792596494115] arrays
results/stochastic:not_array.model.global/benchmarks_se@arrays@array_search_9.sl_242437802
207 [474.292327859049] arrays
results/stochastic:not_array.model.global/benchmarks_se@arrays@array_search_6.sl_779348285
129 [181.396351856465] arrays
results/stochastic:not_array.model.global/benchmarks_se@arrays@array_search_7.sl_468246372
140 [210.02021016330366] arrays
results/stochastic:not_array.model.global/benchmarks_se@arrays@array_search_13.sl_575744535
389 [346.7286513153009] arrays
results/stochastic:not_array.model.global/benchmarks_se@arrays@array_search_3.sl_479486903
50 [95.66007110102726] arrays
Global stats:
A: 1.2155576521201292
G: 1.394285319353516
arrays
A: 0.7390135380036512
G: 1.394285319353516
