434
350
results/stochastic:not_icfp.model.per_size/benchmarks@icfp_generated@icfp_gen_12.3.sl_933012025
1564 [2159.6729317541412] icfp
results/stochastic:not_icfp.model.per_size/benchmarks@icfp_generated@icfp_gen_9.5.sl_756320748
236 [353.3373859841795] icfp
results/stochastic:not_icfp.model.per_size/benchmarks@icfp_generated@icfp_gen_6.8.sl_162623774
3104 [2152.1320575557615] icfp
results/stochastic:not_icfp.model.per_size/benchmarks@icfp_generated@icfp_gen_15.11.sl_737357307
467 [461.2949390387083] icfp
results/stochastic:not_icfp.model.per_size/benchmarks@icfp@icfp_105_100.sl_292778002
150 [179.9084085468588] icfp
results/stochastic:not_icfp.model.per_size/benchmarks@icfp_generated@icfp_gen_9.13.sl_269456205
197 [152.56856407381775] icfp
results/stochastic:not_icfp.model.per_size/benchmarks@icfp@icfp_118_100.sl_753853571
647 [447.18074452328005] icfp
results/stochastic:not_icfp.model.per_size/benchmarks@icfp_generated@icfp_gen_7.9.sl_372053135
735 [1296.481359478948] icfp
results/stochastic:not_icfp.model.per_size/benchmarks@icfp_generated@icfp_gen_14.14.sl_279338500
results/stochastic:not_icfp.model.per_size/benchmarks@icfp_generated@icfp_gen_13.11.sl_931552495
2808 [3614.8534428653466] icfp
results/stochastic:not_icfp.model.per_size/benchmarks@icfp_generated@icfp_gen_12.9.sl_431648094
1676 [2577.724603313127] icfp
results/stochastic:not_icfp.model.per_size/benchmarks@icfp_generated@icfp_gen_3.11.sl_619639375
157 [396.24420504164794] icfp
results/stochastic:not_icfp.model.per_size/benchmarks@icfp_generated@icfp_gen_11.6.sl_733633690
5 [7.659949856983717] icfp
results/stochastic:not_icfp.model.per_size/benchmarks@icfp@icfp_54_1000.sl_755616817
144 [112.90637495674675] icfp
results/stochastic:not_icfp.model.per_size/benchmarks@icfp_generated@icfp_gen_11.14.sl_472620944
676 [970.4274977872036] icfp
results/stochastic:not_icfp.model.per_size/benchmarks@icfp_generated@icfp_gen_10.13.sl_528980532
503 [1348.3778955794357] icfp
results/stochastic:not_icfp.model.per_size/benchmarks@icfp_generated@icfp_gen_11.2.sl_293785738
2269 [3890.531203695999] icfp
results/stochastic:not_icfp.model.per_size/benchmarks@icfp@icfp_144_1000.sl_147609412
2942 [2193.80490039856] icfp
results/stochastic:not_icfp.model.per_size/benchmarks@icfp_generated@icfp_gen_4.11.sl_191484836
skip, forbidden
results/stochastic:not_icfp.model.per_size/benchmarks@icfp_generated@icfp_gen_4.6.sl_668066248
1044 [3512.81264008622] icfp
results/stochastic:not_icfp.model.per_size/benchmarks@icfp_generated@icfp_gen_3.8.sl_895679627
924 [945.0504273306686] icfp
results/stochastic:not_icfp.model.per_size/benchmarks@icfp_generated@icfp_gen_7.10.sl_486728564
836 [1125.5825768227733] icfp
results/stochastic:not_icfp.model.per_size/benchmarks@icfp_generated@icfp_gen_4.8.sl_740347097
4358 [3596.140436804101] icfp
results/stochastic:not_icfp.model.per_size/benchmarks@icfp_generated@icfp_gen_13.9.sl_819583001
563 [1260.3843722563856] icfp
results/stochastic:not_icfp.model.per_size/benchmarks@icfp_generated@icfp_gen_10.14.sl_708649367
1824 [2982.6269188852257] icfp
results/stochastic:not_icfp.model.per_size/benchmarks@icfp_generated@icfp_gen_11.19.sl_739115577
1166 [1876.0678678482275] icfp
results/stochastic:not_icfp.model.per_size/benchmarks@icfp_generated@icfp_gen_15.13.sl_012341842
489 [499.21421305815727] icfp
results/stochastic:not_icfp.model.per_size/benchmarks@icfp_generated@icfp_gen_8.2.sl_175089933
601 [953.0937745069668] icfp
results/stochastic:not_icfp.model.per_size/benchmarks@icfp_generated@icfp_gen_15.16.sl_286349686
751 [836.2936386925628] icfp
results/stochastic:not_icfp.model.per_size/benchmarks@icfp@icfp_118_10.sl_642195906
348 [583.70105392792] icfp
results/stochastic:not_icfp.model.per_size/benchmarks@icfp_generated@icfp_gen_4.15.sl_487159082
190 [120.59709063109146] icfp
results/stochastic:not_icfp.model.per_size/benchmarks@icfp@icfp_143_1000.sl_038839947
989 [1238.7991859951042] icfp
results/stochastic:not_icfp.model.per_size/benchmarks@icfp_generated@icfp_gen_6.9.sl_897994515
8531 [7684.110202623547] icfp
results/stochastic:not_icfp.model.per_size/benchmarks@icfp_generated@icfp_gen_6.4.sl_937184674
661 [586.5339299576723] icfp
results/stochastic:not_icfp.model.per_size/benchmarks@icfp_generated@icfp_gen_5.9.sl_252064226
2271 [2364.5171422562844] icfp
results/stochastic:not_icfp.model.per_size/benchmarks@icfp_generated@icfp_gen_2.13.sl_839443201
943 [2600.160480226906] icfp
results/stochastic:not_icfp.model.per_size/benchmarks@icfp_generated@icfp_gen_15.19.sl_924908023
1827 [1846.1240327150201] icfp
results/stochastic:not_icfp.model.per_size/benchmarks@icfp_generated@icfp_gen_4.13.sl_101608352
3185 [2210.6571707026364] icfp
results/stochastic:not_icfp.model.per_size/benchmarks@icfp_generated@icfp_gen_2.20.sl_116104813
2037 [2056.0517089384525] icfp
results/stochastic:not_icfp.model.per_size/benchmarks@icfp_generated@icfp_gen_10.6.sl_767394007
skip, forbidden
results/stochastic:not_icfp.model.per_size/benchmarks@icfp_generated@icfp_gen_5.1.sl_074989876
results/stochastic:not_icfp.model.per_size/benchmarks@icfp_generated@icfp_gen_2.9.sl_859195962
151 [178.56578966741853] icfp
results/stochastic:not_icfp.model.per_size/benchmarks@icfp_generated@icfp_gen_6.14.sl_942018315
960 [1589.930572698794] icfp
results/stochastic:not_icfp.model.per_size/benchmarks@icfp_generated@icfp_gen_1.10.sl_557410832
1117 [1596.9259430401219] icfp
results/stochastic:not_icfp.model.per_size/benchmarks@icfp@icfp_134_1000.sl_917950075
2090 [1992.006407783717] icfp
results/stochastic:not_icfp.model.per_size/benchmarks@icfp_generated@icfp_gen_3.15.sl_062160658
57 [80.30710977280974] icfp
results/stochastic:not_icfp.model.per_size/benchmarks@icfp_generated@icfp_gen_5.3.sl_367623999
results/stochastic:not_icfp.model.per_size/benchmarks@icfp_generated@icfp_gen_12.10.sl_596164681
2543 [2483.14420809561] icfp
results/stochastic:not_icfp.model.per_size/benchmarks@icfp_generated@icfp_gen_12.6.sl_170527791
2940 [3232.444104924365] icfp
results/stochastic:not_icfp.model.per_size/benchmarks@icfp_generated@icfp_gen_12.16.sl_887246654
324 [706.4464763921868] icfp
results/stochastic:not_icfp.model.per_size/benchmarks@icfp@icfp_150_10.sl_757718466
512 [785.1040492524327] icfp
results/stochastic:not_icfp.model.per_size/benchmarks@icfp_generated@icfp_gen_14.15.sl_233317756
2679 [2902.2893071113704] icfp
results/stochastic:not_icfp.model.per_size/benchmarks@icfp_generated@icfp_gen_1.7.sl_592195729
3073 [1221.9007256497507] icfp
results/stochastic:not_icfp.model.per_size/benchmarks@icfp_generated@icfp_gen_12.1.sl_139846158
2218 [1245.7067616626757] icfp
results/stochastic:not_icfp.model.per_size/benchmarks@icfp_generated@icfp_gen_14.12.sl_789064446
50 [66.05225506621119] icfp
results/stochastic:not_icfp.model.per_size/benchmarks@icfp@icfp_82_100.sl_019142100
1617 [1434.9427380667591] icfp
results/stochastic:not_icfp.model.per_size/benchmarks@icfp_generated@icfp_gen_1.4.sl_256129241
606 [1861.3201650969986] icfp
results/stochastic:not_icfp.model.per_size/benchmarks@icfp@icfp_94_1000.sl_583163956
79 [138.04059009776347] icfp
results/stochastic:not_icfp.model.per_size/benchmarks@icfp_generated@icfp_gen_8.17.sl_095563100
145 [242.26438932682157] icfp
results/stochastic:not_icfp.model.per_size/benchmarks@icfp_generated@icfp_gen_7.18.sl_389397161
1306 [2414.1594537125325] icfp
results/stochastic:not_icfp.model.per_size/benchmarks@icfp_generated@icfp_gen_15.2.sl_330807264
1600 [3278.658539469878] icfp
results/stochastic:not_icfp.model.per_size/benchmarks@icfp_generated@icfp_gen_14.10.sl_100208211
3202 [6102.439393907673] icfp
results/stochastic:not_icfp.model.per_size/benchmarks@icfp_generated@icfp_gen_10.20.sl_684558728
8505 [7546.4760607926155] icfp
results/stochastic:not_icfp.model.per_size/benchmarks@icfp_generated@icfp_gen_15.3.sl_793732638
1960 [3641.6933003977506] icfp
results/stochastic:not_icfp.model.per_size/benchmarks@icfp_generated@icfp_gen_5.2.sl_745184571
2213 [738.5891984191219] icfp
results/stochastic:not_icfp.model.per_size/benchmarks@icfp@icfp_94_100.sl_888028040
156 [146.82766018456016] icfp
results/stochastic:not_icfp.model.per_size/benchmarks@icfp_generated@icfp_gen_15.1.sl_435265851
524 [1304.407938086629] icfp
results/stochastic:not_icfp.model.per_size/benchmarks@icfp_generated@icfp_gen_5.7.sl_041519568
523 [385.441934718822] icfp
results/stochastic:not_icfp.model.per_size/benchmarks@icfp_generated@icfp_gen_6.15.sl_292334182
81 [198.5689883166617] icfp
results/stochastic:not_icfp.model.per_size/benchmarks@icfp_generated@icfp_gen_15.14.sl_513306032
2132 [3776.044802197855] icfp
results/stochastic:not_icfp.model.per_size/benchmarks@icfp_generated@icfp_gen_5.12.sl_629895044
results/stochastic:not_icfp.model.per_size/benchmarks@icfp_generated@icfp_gen_9.17.sl_924235550
2198 [2085.2585541640883] icfp
results/stochastic:not_icfp.model.per_size/benchmarks@icfp_generated@icfp_gen_6.16.sl_773915645
351 [419.53787482766086] icfp
results/stochastic:not_icfp.model.per_size/benchmarks@icfp_generated@icfp_gen_8.13.sl_237019343
366 [519.1450498764992] icfp
results/stochastic:not_icfp.model.per_size/benchmarks@icfp_generated@icfp_gen_1.2.sl_306585938
1703 [1747.9430250508772] icfp
results/stochastic:not_icfp.model.per_size/benchmarks@icfp_generated@icfp_gen_14.6.sl_006044064
3444 [2099.2382566453684] icfp
results/stochastic:not_icfp.model.per_size/benchmarks@icfp@icfp_144_100.sl_389715535
3908 [2082.8142273761437] icfp
results/stochastic:not_icfp.model.per_size/benchmarks@icfp_generated@icfp_gen_7.20.sl_820404091
1322 [3449.555807064879] icfp
results/stochastic:not_icfp.model.per_size/benchmarks@icfp@icfp_64_10.sl_601468660
516 [405.19995128394834] icfp
results/stochastic:not_icfp.model.per_size/benchmarks@icfp_generated@icfp_gen_3.10.sl_259548805
skip, forbidden
results/stochastic:not_icfp.model.per_size/benchmarks@icfp_generated@icfp_gen_12.8.sl_874300746
428 [894.9727696358377] icfp
results/stochastic:not_icfp.model.per_size/benchmarks@icfp_generated@icfp_gen_5.18.sl_422188783
2123 [2200.401582573527] icfp
results/stochastic:not_icfp.model.per_size/benchmarks@icfp@icfp_96_1000.sl_535285673
1698 [3129.7245548151095] icfp
results/stochastic:not_icfp.model.per_size/benchmarks@icfp_generated@icfp_gen_14.18.sl_276877881
2501 [2605.2420360552255] icfp
results/stochastic:not_icfp.model.per_size/benchmarks@icfp_generated@icfp_gen_2.3.sl_439391529
779 [1210.2278446294042] icfp
results/stochastic:not_icfp.model.per_size/benchmarks@icfp_generated@icfp_gen_7.7.sl_161881260
1545 [1629.5383608227773] icfp
results/stochastic:not_icfp.model.per_size/benchmarks@icfp_generated@icfp_gen_15.17.sl_526224684
5662 [6288.64468498417] icfp
results/stochastic:not_icfp.model.per_size/benchmarks@icfp_generated@icfp_gen_3.17.sl_714150347
1148 [1543.2758349165063] icfp
results/stochastic:not_icfp.model.per_size/benchmarks@icfp_generated@icfp_gen_13.14.sl_794626759
515 [471.20089170738044] icfp
results/stochastic:not_icfp.model.per_size/benchmarks@icfp_generated@icfp_gen_2.11.sl_528989905
3893 [7357.756546928355] icfp
results/stochastic:not_icfp.model.per_size/benchmarks@icfp_generated@icfp_gen_5.11.sl_341860008
1795 [2420.1494453570604] icfp
results/stochastic:not_icfp.model.per_size/benchmarks@icfp@icfp_45_1000.sl_327525627
27 [45.393841073607675] icfp
results/stochastic:not_icfp.model.per_size/benchmarks@icfp_generated@icfp_gen_14.9.sl_003760722
results/stochastic:not_icfp.model.per_size/benchmarks@icfp_generated@icfp_gen_8.3.sl_757233438
2169 [2271.181605964104] icfp
results/stochastic:not_icfp.model.per_size/benchmarks@icfp_generated@icfp_gen_14.1.sl_483472863
1158 [1465.2186955673476] icfp
results/stochastic:not_icfp.model.per_size/benchmarks@icfp_generated@icfp_gen_9.3.sl_371425607
2623 [2647.3328638607645] icfp
results/stochastic:not_icfp.model.per_size/benchmarks@icfp_generated@icfp_gen_13.3.sl_715156518
3933 [3794.698106773059] icfp
results/stochastic:not_icfp.model.per_size/benchmarks@icfp_generated@icfp_gen_15.4.sl_380963557
1779 [2328.2448581632393] icfp
results/stochastic:not_icfp.model.per_size/benchmarks@icfp@icfp_39_100.sl_080147802
82 [185.2515513145968] icfp
results/stochastic:not_icfp.model.per_size/benchmarks@icfp_generated@icfp_gen_9.8.sl_555186428
158 [151.2059312107659] icfp
results/stochastic:not_icfp.model.per_size/benchmarks@icfp_generated@icfp_gen_3.20.sl_615349674
2216 [2583.9441500704634] icfp
results/stochastic:not_icfp.model.per_size/benchmarks@icfp_generated@icfp_gen_2.15.sl_111885012
2670 [2765.5846231228866] icfp
results/stochastic:not_icfp.model.per_size/benchmarks@icfp_generated@icfp_gen_1.15.sl_594739185
1436 [1602.6833029966456] icfp
results/stochastic:not_icfp.model.per_size/benchmarks@icfp_generated@icfp_gen_3.18.sl_219164402
7404 [5495.445833077082] icfp
results/stochastic:not_icfp.model.per_size/benchmarks@icfp_generated@icfp_gen_5.8.sl_506351540
1758 [3593.753791824967] icfp
results/stochastic:not_icfp.model.per_size/benchmarks@icfp_generated@icfp_gen_9.9.sl_602572203
5451 [6686.8380636131815] icfp
results/stochastic:not_icfp.model.per_size/benchmarks@icfp_generated@icfp_gen_6.2.sl_158364642
1479 [57.48216038344478] icfp
results/stochastic:not_icfp.model.per_size/benchmarks@icfp_generated@icfp_gen_12.19.sl_847904011
3603 [2653.5428877004083] icfp
results/stochastic:not_icfp.model.per_size/benchmarks@icfp@icfp_32_10.sl_775588896
276 [318.8613479158369] icfp
results/stochastic:not_icfp.model.per_size/benchmarks@icfp_generated@icfp_gen_14.7.sl_525484869
1889 [2548.0140648031847] icfp
results/stochastic:not_icfp.model.per_size/benchmarks@icfp_generated@icfp_gen_12.18.sl_688937952
800 [683.6696255475738] icfp
results/stochastic:not_icfp.model.per_size/benchmarks@icfp_generated@icfp_gen_12.17.sl_066200979
777 [777.0505380905744] icfp
results/stochastic:not_icfp.model.per_size/benchmarks@icfp_generated@icfp_gen_4.5.sl_188831509
838 [1033.1470357049996] icfp
results/stochastic:not_icfp.model.per_size/benchmarks@icfp_generated@icfp_gen_1.12.sl_780822503
532 [728.9327002817902] icfp
results/stochastic:not_icfp.model.per_size/benchmarks@icfp_generated@icfp_gen_14.16.sl_382231618
887 [1039.8431208429167] icfp
results/stochastic:not_icfp.model.per_size/benchmarks@icfp_generated@icfp_gen_10.16.sl_308278895
1771 [4197.85950884471] icfp
results/stochastic:not_icfp.model.per_size/benchmarks@icfp_generated@icfp_gen_1.16.sl_580044014
1212 [1181.8292795445977] icfp
results/stochastic:not_icfp.model.per_size/benchmarks@icfp@icfp_72_10.sl_254612987
418 [370.71824639335557] icfp
results/stochastic:not_icfp.model.per_size/benchmarks@icfp_generated@icfp_gen_14.17.sl_922662468
74 [138.79666306605156] icfp
results/stochastic:not_icfp.model.per_size/benchmarks@icfp@icfp_9_1000.sl_802636943
4046 [7212.483005506481] icfp
results/stochastic:not_icfp.model.per_size/benchmarks@icfp_generated@icfp_gen_8.11.sl_126020858
3735 [5678.7144024805975] icfp
results/stochastic:not_icfp.model.per_size/benchmarks@icfp_generated@icfp_gen_10.12.sl_278182669
197 [134.39694116348426] icfp
results/stochastic:not_icfp.model.per_size/benchmarks@icfp_generated@icfp_gen_2.12.sl_081928206
317 [362.03351800639354] icfp
results/stochastic:not_icfp.model.per_size/benchmarks@icfp@icfp_5_1000.sl_250107332
156 [217.59399911661893] icfp
results/stochastic:not_icfp.model.per_size/benchmarks@icfp_generated@icfp_gen_8.20.sl_907239589
3477 [4005.724405549613] icfp
results/stochastic:not_icfp.model.per_size/benchmarks@icfp_generated@icfp_gen_9.2.sl_163812578
1728 [1292.5473392485803] icfp
results/stochastic:not_icfp.model.per_size/benchmarks@icfp_generated@icfp_gen_6.5.sl_118118965
362 [429.6042699548238] icfp
results/stochastic:not_icfp.model.per_size/benchmarks@icfp_generated@icfp_gen_11.12.sl_695790607
2076 [2239.9431158895504] icfp
results/stochastic:not_icfp.model.per_size/benchmarks@icfp@icfp_21_1000.sl_137640881
291 [223.58425073053243] icfp
results/stochastic:not_icfp.model.per_size/benchmarks@icfp_generated@icfp_gen_1.9.sl_820794182
3751 [6176.054948578109] icfp
results/stochastic:not_icfp.model.per_size/benchmarks@icfp_generated@icfp_gen_13.2.sl_352926668
196 [1022.0025548097467] icfp
results/stochastic:not_icfp.model.per_size/benchmarks@icfp_generated@icfp_gen_14.13.sl_417980163
1964 [2800.4790204320734] icfp
results/stochastic:not_icfp.model.per_size/benchmarks@icfp_generated@icfp_gen_7.15.sl_164908985
822 [635.6574555078683] icfp
results/stochastic:not_icfp.model.per_size/benchmarks@icfp_generated@icfp_gen_3.2.sl_313629023
84 [518.7083873526385] icfp
results/stochastic:not_icfp.model.per_size/benchmarks@icfp_generated@icfp_gen_5.13.sl_427635954
2701 [2493.148852593131] icfp
results/stochastic:not_icfp.model.per_size/benchmarks@icfp_generated@icfp_gen_2.6.sl_311724597
1920 [4055.974475753138] icfp
results/stochastic:not_icfp.model.per_size/benchmarks@icfp_generated@icfp_gen_10.18.sl_636936404
454 [965.1473553961067] icfp
results/stochastic:not_icfp.model.per_size/benchmarks@icfp_generated@icfp_gen_15.15.sl_073307384
2922 [1664.8870931433237] icfp
results/stochastic:not_icfp.model.per_size/benchmarks@icfp_generated@icfp_gen_6.13.sl_499260831
122 [241.7248176237208] icfp
results/stochastic:not_icfp.model.per_size/benchmarks@icfp_generated@icfp_gen_10.19.sl_482240024
1211 [1459.4347850325908] icfp
results/stochastic:not_icfp.model.per_size/benchmarks@icfp_generated@icfp_gen_3.16.sl_534198890
3702 [3785.2965302128337] icfp
results/stochastic:not_icfp.model.per_size/benchmarks@icfp_generated@icfp_gen_3.9.sl_312352099
73 [109.5205301831707] icfp
results/stochastic:not_icfp.model.per_size/benchmarks@icfp_generated@icfp_gen_10.15.sl_804835135
2317 [2219.0095052769675] icfp
results/stochastic:not_icfp.model.per_size/benchmarks@icfp_generated@icfp_gen_11.7.sl_530939795
319 [1215.4834011475618] icfp
results/stochastic:not_icfp.model.per_size/benchmarks@icfp_generated@icfp_gen_2.14.sl_863336251
613 [477.2997613751572] icfp
results/stochastic:not_icfp.model.per_size/benchmarks@icfp_generated@icfp_gen_11.8.sl_713004291
276 [1077.6310996460754] icfp
results/stochastic:not_icfp.model.per_size/benchmarks@icfp@icfp_96_10.sl_307972481
1587 [2191.0442283945304] icfp
results/stochastic:not_icfp.model.per_size/benchmarks@icfp_generated@icfp_gen_10.17.sl_389858285
585 [772.594971819657] icfp
results/stochastic:not_icfp.model.per_size/benchmarks@icfp_generated@icfp_gen_12.11.sl_722485053
231 [789.1937054828956] icfp
results/stochastic:not_icfp.model.per_size/benchmarks@icfp_generated@icfp_gen_10.3.sl_280813080
1419 [1879.8156088655905] icfp
results/stochastic:not_icfp.model.per_size/benchmarks@icfp_generated@icfp_gen_9.16.sl_665978682
517 [513.7041053903238] icfp
results/stochastic:not_icfp.model.per_size/benchmarks@icfp_generated@icfp_gen_6.3.sl_546874051
2214 [3323.9765971591514] icfp
results/stochastic:not_icfp.model.per_size/benchmarks@icfp_generated@icfp_gen_13.4.sl_738042671
3234 [3048.2565791784623] icfp
results/stochastic:not_icfp.model.per_size/benchmarks@icfp_generated@icfp_gen_6.1.sl_712921194
7088 [647.7465254669177] icfp
results/stochastic:not_icfp.model.per_size/benchmarks@icfp@icfp_69_10.sl_194833539
175 [202.31643910642077] icfp
results/stochastic:not_icfp.model.per_size/benchmarks@icfp_generated@icfp_gen_4.19.sl_653149950
8289 [5842.507568261379] icfp
results/stochastic:not_icfp.model.per_size/benchmarks@icfp_generated@icfp_gen_12.20.sl_038177482
849 [1300.8771527416816] icfp
results/stochastic:not_icfp.model.per_size/benchmarks@icfp_generated@icfp_gen_3.4.sl_739120025
9 [10.771247708052407] icfp
results/stochastic:not_icfp.model.per_size/benchmarks@icfp_generated@icfp_gen_15.12.sl_028101492
1620 [2615.8813933638876] icfp
results/stochastic:not_icfp.model.per_size/benchmarks@icfp_generated@icfp_gen_1.18.sl_139868836
2561 [4350.515679190679] icfp
results/stochastic:not_icfp.model.per_size/benchmarks@icfp_generated@icfp_gen_6.17.sl_122045552
920 [1409.5742107947842] icfp
results/stochastic:not_icfp.model.per_size/benchmarks@icfp_generated@icfp_gen_7.12.sl_220774182
581 [681.946584738567] icfp
results/stochastic:not_icfp.model.per_size/benchmarks@icfp_generated@icfp_gen_2.1.sl_567531203
skip, forbidden
results/stochastic:not_icfp.model.per_size/benchmarks@icfp@icfp_135_100.sl_665287508
761 [484.67083121439435] icfp
results/stochastic:not_icfp.model.per_size/benchmarks@icfp_generated@icfp_gen_8.14.sl_271577941
2357 [2179.1261527225265] icfp
results/stochastic:not_icfp.model.per_size/benchmarks@icfp_generated@icfp_gen_7.4.sl_556749439
3413 [4338.6295527818165] icfp
results/stochastic:not_icfp.model.per_size/benchmarks@icfp@icfp_147_1000.sl_036645092
536 [305.4179194705285] icfp
results/stochastic:not_icfp.model.per_size/benchmarks@icfp_generated@icfp_gen_14.4.sl_602353150
826 [882.2296529152583] icfp
results/stochastic:not_icfp.model.per_size/benchmarks@icfp_generated@icfp_gen_5.14.sl_511352279
3269 [2588.2049412385277] icfp
results/stochastic:not_icfp.model.per_size/benchmarks@icfp_generated@icfp_gen_12.2.sl_737112736
210 [708.86861519127] icfp
results/stochastic:not_icfp.model.per_size/benchmarks@icfp_generated@icfp_gen_11.20.sl_706187305
3166 [4266.28976128922] icfp
results/stochastic:not_icfp.model.per_size/benchmarks@icfp_generated@icfp_gen_2.5.sl_271880013
561 [654.8574575413656] icfp
results/stochastic:not_icfp.model.per_size/benchmarks@icfp_generated@icfp_gen_11.1.sl_783986491
2371 [2051.091607056243] icfp
results/stochastic:not_icfp.model.per_size/benchmarks@icfp_generated@icfp_gen_3.19.sl_820937216
951 [590.2669984759151] icfp
results/stochastic:not_icfp.model.per_size/benchmarks@icfp_generated@icfp_gen_8.9.sl_281785075
1672 [2112.6994439202203] icfp
results/stochastic:not_icfp.model.per_size/benchmarks@icfp_generated@icfp_gen_9.15.sl_483359156
785 [1168.467575370147] icfp
results/stochastic:not_icfp.model.per_size/benchmarks@icfp_generated@icfp_gen_14.8.sl_708773506
155 [147.34277871181337] icfp
results/stochastic:not_icfp.model.per_size/benchmarks@icfp_generated@icfp_gen_9.10.sl_947095000
585 [1294.494410467566] icfp
results/stochastic:not_icfp.model.per_size/benchmarks@icfp_generated@icfp_gen_10.9.sl_169212356
644 [543.1093030806628] icfp
results/stochastic:not_icfp.model.per_size/benchmarks@icfp_generated@icfp_gen_8.18.sl_675209148
6256 [2645.8773584457713] icfp
results/stochastic:not_icfp.model.per_size/benchmarks@icfp_generated@icfp_gen_4.16.sl_808206176
735 [1849.9615156558355] icfp
results/stochastic:not_icfp.model.per_size/benchmarks@icfp_generated@icfp_gen_7.11.sl_591841446
1112 [1516.2919287581944] icfp
results/stochastic:not_icfp.model.per_size/benchmarks@icfp_generated@icfp_gen_7.1.sl_044088240
skip, forbidden
results/stochastic:not_icfp.model.per_size/benchmarks@icfp@icfp_7_1000.sl_286815920
2570 [1531.6235989822203] icfp
results/stochastic:not_icfp.model.per_size/benchmarks@icfp_generated@icfp_gen_9.20.sl_869414130
1014 [960.285901222634] icfp
results/stochastic:not_icfp.model.per_size/benchmarks@icfp_generated@icfp_gen_13.5.sl_974709360
3190 [4545.9469561529295] icfp
results/stochastic:not_icfp.model.per_size/benchmarks@icfp_generated@icfp_gen_6.11.sl_226154835
165 [102.3920446474144] icfp
results/stochastic:not_icfp.model.per_size/benchmarks@icfp_generated@icfp_gen_3.14.sl_998714057
519 [526.8783696119541] icfp
results/stochastic:not_icfp.model.per_size/benchmarks@icfp_generated@icfp_gen_6.19.sl_569953529
1138 [2547.1706604629494] icfp
results/stochastic:not_icfp.model.per_size/benchmarks@icfp_generated@icfp_gen_15.10.sl_182364400
2050 [1242.5318286395177] icfp
results/stochastic:not_icfp.model.per_size/benchmarks@icfp_generated@icfp_gen_11.4.sl_449257522
3240 [2535.164008878313] icfp
results/stochastic:not_icfp.model.per_size/benchmarks@icfp@icfp_103_10.sl_999681891
1593 [1113.923790542598] icfp
results/stochastic:not_icfp.model.per_size/benchmarks@icfp_generated@icfp_gen_1.3.sl_322261726
84 [456.1083652419557] icfp
results/stochastic:not_icfp.model.per_size/benchmarks@icfp@icfp_105_1000.sl_183210420
78 [123.5854255590436] icfp
results/stochastic:not_icfp.model.per_size/benchmarks@icfp@icfp_51_10.sl_951611314
80 [270.39977652179624] icfp
results/stochastic:not_icfp.model.per_size/benchmarks@icfp@icfp_68_1000.sl_236819105
skip, forbidden
results/stochastic:not_icfp.model.per_size/benchmarks@icfp_generated@icfp_gen_2.10.sl_484660403
682 [1503.4448406568415] icfp
results/stochastic:not_icfp.model.per_size/benchmarks@icfp_generated@icfp_gen_14.11.sl_367339836
2635 [2546.593682109126] icfp
results/stochastic:not_icfp.model.per_size/benchmarks@icfp_generated@icfp_gen_13.15.sl_242020006
1341 [2220.1375492810294] icfp
results/stochastic:not_icfp.model.per_size/benchmarks@icfp_generated@icfp_gen_13.12.sl_536345274
178 [331.7068210679791] icfp
results/stochastic:not_icfp.model.per_size/benchmarks@icfp_generated@icfp_gen_4.12.sl_974513319
447 [404.9134573930352] icfp
results/stochastic:not_icfp.model.per_size/benchmarks@icfp_generated@icfp_gen_1.19.sl_214134608
298 [282.45220615381237] icfp
results/stochastic:not_icfp.model.per_size/benchmarks@icfp_generated@icfp_gen_13.7.sl_390490731
488 [630.2951242340483] icfp
results/stochastic:not_icfp.model.per_size/benchmarks@icfp_generated@icfp_gen_11.10.sl_939429275
2180 [2403.1223591579005] icfp
results/stochastic:not_icfp.model.per_size/benchmarks@icfp_generated@icfp_gen_5.6.sl_984725119
2539 [930.2908907233199] icfp
results/stochastic:not_icfp.model.per_size/benchmarks@icfp_generated@icfp_gen_8.4.sl_604062397
3049 [2067.4913647170733] icfp
results/stochastic:not_icfp.model.per_size/benchmarks@icfp_generated@icfp_gen_3.3.sl_542044162
3715 [4257.125674809206] icfp
results/stochastic:not_icfp.model.per_size/benchmarks@icfp_generated@icfp_gen_1.20.sl_818306022
3201 [1770.3282090557968] icfp
results/stochastic:not_icfp.model.per_size/benchmarks@icfp_generated@icfp_gen_12.12.sl_785896348
291 [192.1848386164767] icfp
results/stochastic:not_icfp.model.per_size/benchmarks@icfp_generated@icfp_gen_1.13.sl_545727212
4929 [3057.3204101485708] icfp
results/stochastic:not_icfp.model.per_size/benchmarks@icfp_generated@icfp_gen_9.19.sl_261870924
1953 [3009.3922734559055] icfp
results/stochastic:not_icfp.model.per_size/benchmarks@icfp_generated@icfp_gen_9.12.sl_991013051
877 [1228.5840412709965] icfp
results/stochastic:not_icfp.model.per_size/benchmarks@icfp_generated@icfp_gen_3.7.sl_632222744
3474 [2132.8445637700984] icfp
results/stochastic:not_icfp.model.per_size/benchmarks@icfp_generated@icfp_gen_5.17.sl_763990866
1142 [2317.0072346399074] icfp
results/stochastic:not_icfp.model.per_size/benchmarks@icfp_generated@icfp_gen_8.5.sl_692603857
2584 [2238.799480391896] icfp
results/stochastic:not_icfp.model.per_size/benchmarks@icfp@icfp_14_1000.sl_340390310
skip, forbidden
results/stochastic:not_icfp.model.per_size/benchmarks@icfp_generated@icfp_gen_7.6.sl_423529121
2550 [2456.1728377908316] icfp
results/stochastic:not_icfp.model.per_size/benchmarks@icfp_generated@icfp_gen_1.17.sl_055585520
2803 [5106.24443467527] icfp
results/stochastic:not_icfp.model.per_size/benchmarks@icfp_generated@icfp_gen_5.4.sl_262685483
2177 [2808.086876138438] icfp
results/stochastic:not_icfp.model.per_size/benchmarks@icfp_generated@icfp_gen_2.4.sl_483747774
3570 [3759.9718340073123] icfp
results/stochastic:not_icfp.model.per_size/benchmarks@icfp_generated@icfp_gen_9.18.sl_984642523
1861 [1849.4377606477306] icfp
results/stochastic:not_icfp.model.per_size/benchmarks@icfp_generated@icfp_gen_2.8.sl_248788268
99 [107.0970486295835] icfp
results/stochastic:not_icfp.model.per_size/benchmarks@icfp_generated@icfp_gen_9.1.sl_900180518
1706 [1021.6895432304295] icfp
results/stochastic:not_icfp.model.per_size/benchmarks@icfp_generated@icfp_gen_15.5.sl_016958966
1645 [1842.2881815106728] icfp
results/stochastic:not_icfp.model.per_size/benchmarks@icfp@icfp_104_10.sl_503079630
153 [178.6914734320271] icfp
results/stochastic:not_icfp.model.per_size/benchmarks@icfp_generated@icfp_gen_5.19.sl_162746686
525 [528.2884044969372] icfp
results/stochastic:not_icfp.model.per_size/benchmarks@icfp_generated@icfp_gen_10.2.sl_660189988
66 [861.7656538471431] icfp
results/stochastic:not_icfp.model.per_size/benchmarks@icfp_generated@icfp_gen_9.7.sl_607720531
290 [201.7122742068316] icfp
results/stochastic:not_icfp.model.per_size/benchmarks@icfp_generated@icfp_gen_7.19.sl_504898144
293 [251.8346894670327] icfp
results/stochastic:not_icfp.model.per_size/benchmarks@icfp_generated@icfp_gen_3.12.sl_777892935
118 [218.01466399783476] icfp
results/stochastic:not_icfp.model.per_size/benchmarks@icfp_generated@icfp_gen_4.2.sl_760403617
845 [2116.368470877464] icfp
results/stochastic:not_icfp.model.per_size/benchmarks@icfp_generated@icfp_gen_2.19.sl_513720571
82 [312.47317666080465] icfp
results/stochastic:not_icfp.model.per_size/benchmarks@icfp_generated@icfp_gen_2.17.sl_512161630
4771 [3766.9671610622895] icfp
results/stochastic:not_icfp.model.per_size/benchmarks@icfp_generated@icfp_gen_15.18.sl_929433318
1028 [861.1566219436312] icfp
results/stochastic:not_icfp.model.per_size/benchmarks@icfp_generated@icfp_gen_9.6.sl_735185334
4389 [5461.503254091627] icfp
results/stochastic:not_icfp.model.per_size/benchmarks@icfp_generated@icfp_gen_4.1.sl_512004684
4672 [1092.3517551469756] icfp
results/stochastic:not_icfp.model.per_size/benchmarks@icfp@icfp_125_10.sl_875464742
561 [1188.0976146585706] icfp
results/stochastic:not_icfp.model.per_size/benchmarks@icfp_generated@icfp_gen_13.20.sl_100423578
6132 [6008.092100851606] icfp
results/stochastic:not_icfp.model.per_size/benchmarks@icfp_generated@icfp_gen_13.13.sl_002653351
3263 [4878.377226524902] icfp
results/stochastic:not_icfp.model.per_size/benchmarks@icfp_generated@icfp_gen_4.17.sl_801010922
skip, forbidden
results/stochastic:not_icfp.model.per_size/benchmarks@icfp@icfp_38_10.sl_420806972
302 [246.87490088395498] icfp
results/stochastic:not_icfp.model.per_size/benchmarks@icfp_generated@icfp_gen_15.20.sl_079934458
1924 [2790.608242601109] icfp
results/stochastic:not_icfp.model.per_size/benchmarks@icfp_generated@icfp_gen_11.17.sl_097210634
results/stochastic:not_icfp.model.per_size/benchmarks@icfp_generated@icfp_gen_10.10.sl_077245133
5041 [5730.4340473611965] icfp
results/stochastic:not_icfp.model.per_size/benchmarks@icfp_generated@icfp_gen_13.10.sl_754134980
235 [194.5312271201664] icfp
results/stochastic:not_icfp.model.per_size/benchmarks@icfp_generated@icfp_gen_3.13.sl_824405657
555 [835.3914934739823] icfp
results/stochastic:not_icfp.model.per_size/benchmarks@icfp_generated@icfp_gen_5.15.sl_554203848
2799 [2736.2293417416918] icfp
results/stochastic:not_icfp.model.per_size/benchmarks@icfp_generated@icfp_gen_3.1.sl_785322726
450 [841.3687464479405] icfp
results/stochastic:not_icfp.model.per_size/benchmarks@icfp_generated@icfp_gen_8.6.sl_088868561
1979 [2487.5776878101983] icfp
results/stochastic:not_icfp.model.per_size/benchmarks@icfp_generated@icfp_gen_8.16.sl_622695561
940 [644.6998126427827] icfp
results/stochastic:not_icfp.model.per_size/benchmarks@icfp_generated@icfp_gen_3.6.sl_698064808
3292 [2400.574000988888] icfp
results/stochastic:not_icfp.model.per_size/benchmarks@icfp_generated@icfp_gen_9.11.sl_906128243
918 [1182.6473579895612] icfp
results/stochastic:not_icfp.model.per_size/benchmarks@icfp@icfp_95_100.sl_588959332
results/stochastic:not_icfp.model.per_size/benchmarks@icfp_generated@icfp_gen_15.8.sl_438311972
skip, forbidden
results/stochastic:not_icfp.model.per_size/benchmarks@icfp_generated@icfp_gen_4.3.sl_692136117
452 [389.3043516630583] icfp
results/stochastic:not_icfp.model.per_size/benchmarks@icfp_generated@icfp_gen_10.8.sl_640704339
3332 [1656.8965058653393] icfp
results/stochastic:not_icfp.model.per_size/benchmarks@icfp_generated@icfp_gen_11.9.sl_782020722
1886 [1816.1411389338757] icfp
results/stochastic:not_icfp.model.per_size/benchmarks@icfp_generated@icfp_gen_4.7.sl_099901855
7074 [9196.765556001545] icfp
results/stochastic:not_icfp.model.per_size/benchmarks@icfp_generated@icfp_gen_8.10.sl_133749177
3406 [3274.3705487420084] icfp
results/stochastic:not_icfp.model.per_size/benchmarks@icfp@icfp_45_10.sl_030501161
27 [45.286129042822175] icfp
results/stochastic:not_icfp.model.per_size/benchmarks@icfp_generated@icfp_gen_6.18.sl_049567757
294 [619.5108378370196] icfp
results/stochastic:not_icfp.model.per_size/benchmarks@icfp_generated@icfp_gen_13.16.sl_384125052
3541 [5242.8029623797775] icfp
results/stochastic:not_icfp.model.per_size/benchmarks@icfp@icfp_87_10.sl_817315453
186 [132.14093500790423] icfp
results/stochastic:not_icfp.model.per_size/benchmarks@icfp_generated@icfp_gen_7.16.sl_871343899
611 [822.8528886265965] icfp
results/stochastic:not_icfp.model.per_size/benchmarks@icfp_generated@icfp_gen_4.10.sl_544521218
84 [207.56175169392904] icfp
results/stochastic:not_icfp.model.per_size/benchmarks@icfp_generated@icfp_gen_14.20.sl_495488615
1663 [1978.656078221973] icfp
results/stochastic:not_icfp.model.per_size/benchmarks@icfp@icfp_7_10.sl_870106805
142 [643.7717028555295] icfp
results/stochastic:not_icfp.model.per_size/benchmarks@icfp_generated@icfp_gen_14.5.sl_445219091
1878 [2290.901706282299] icfp
results/stochastic:not_icfp.model.per_size/benchmarks@icfp_generated@icfp_gen_5.16.sl_742634979
2011 [734.3958581568594] icfp
results/stochastic:not_icfp.model.per_size/benchmarks@icfp@icfp_114_100.sl_183362111
419 [745.8105757312521] icfp
results/stochastic:not_icfp.model.per_size/benchmarks@icfp_generated@icfp_gen_6.7.sl_327944618
1344 [1160.7011611522958] icfp
results/stochastic:not_icfp.model.per_size/benchmarks@icfp_generated@icfp_gen_6.6.sl_257626792
1819 [4567.256198697803] icfp
results/stochastic:not_icfp.model.per_size/benchmarks@icfp_generated@icfp_gen_11.18.sl_091869641
2356 [1224.460952140912] icfp
results/stochastic:not_icfp.model.per_size/benchmarks@icfp_generated@icfp_gen_8.7.sl_881460591
578 [335.0877677921212] icfp
results/stochastic:not_icfp.model.per_size/benchmarks@icfp@icfp_113_1000.sl_348623690
77 [111.28675981839554] icfp
results/stochastic:not_icfp.model.per_size/benchmarks@icfp_generated@icfp_gen_12.4.sl_338636807
1586 [1486.4156811718453] icfp
results/stochastic:not_icfp.model.per_size/benchmarks@icfp_generated@icfp_gen_1.11.sl_594187807
255 [323.22450582226816] icfp
results/stochastic:not_icfp.model.per_size/benchmarks@icfp_generated@icfp_gen_2.16.sl_521244811
914 [675.2099146091093] icfp
results/stochastic:not_icfp.model.per_size/benchmarks@icfp@icfp_139_10.sl_323521360
72 [109.58871790084316] icfp
results/stochastic:not_icfp.model.per_size/benchmarks@icfp_generated@icfp_gen_13.8.sl_398429827
1433 [2253.0312837711504] icfp
results/stochastic:not_icfp.model.per_size/benchmarks@icfp_generated@icfp_gen_7.13.sl_394978131
1616 [1830.5353345837946] icfp
results/stochastic:not_icfp.model.per_size/benchmarks@icfp_generated@icfp_gen_5.20.sl_556182049
461 [242.0484178504282] icfp
results/stochastic:not_icfp.model.per_size/benchmarks@icfp_generated@icfp_gen_8.1.sl_153205958
results/stochastic:not_icfp.model.per_size/benchmarks@icfp_generated@icfp_gen_13.19.sl_728346980
273 [712.4218465522466] icfp
results/stochastic:not_icfp.model.per_size/benchmarks@icfp_generated@icfp_gen_13.17.sl_005393654
558 [584.5492484943388] icfp
results/stochastic:not_icfp.model.per_size/benchmarks@icfp_generated@icfp_gen_11.15.sl_401091980
1632 [1819.4923872405238] icfp
results/stochastic:not_icfp.model.per_size/benchmarks@icfp@icfp_81_1000.sl_756658477
222 [1702.7133700239192] icfp
results/stochastic:not_icfp.model.per_size/benchmarks@icfp_generated@icfp_gen_15.9.sl_279881326
2119 [3413.222527218782] icfp
results/stochastic:not_icfp.model.per_size/benchmarks@icfp_generated@icfp_gen_14.3.sl_370764616
2166 [2871.587255948558] icfp
results/stochastic:not_icfp.model.per_size/benchmarks@icfp_generated@icfp_gen_11.5.sl_015892062
384 [831.291356992127] icfp
results/stochastic:not_icfp.model.per_size/benchmarks@icfp_generated@icfp_gen_4.18.sl_028184291
256 [373.5533067346098] icfp
results/stochastic:not_icfp.model.per_size/benchmarks@icfp_generated@icfp_gen_7.5.sl_217054072
637 [856.7062481790872] icfp
results/stochastic:not_icfp.model.per_size/benchmarks@icfp_generated@icfp_gen_5.5.sl_502472207
3531 [3500.417430016746] icfp
results/stochastic:not_icfp.model.per_size/benchmarks@icfp_generated@icfp_gen_7.17.sl_464708594
170 [334.75365623531906] icfp
results/stochastic:not_icfp.model.per_size/benchmarks@icfp_generated@icfp_gen_6.20.sl_651122924
4 [2.1074358993444715] icfp
results/stochastic:not_icfp.model.per_size/benchmarks@icfp_generated@icfp_gen_13.1.sl_546060831
5139 [1402.695312571477] icfp
results/stochastic:not_icfp.model.per_size/benchmarks@icfp@icfp_99_100.sl_477016972
525 [528.2884044969372] icfp
results/stochastic:not_icfp.model.per_size/benchmarks@icfp_generated@icfp_gen_2.7.sl_416597158
2038 [2177.630679112316] icfp
results/stochastic:not_icfp.model.per_size/benchmarks@icfp@icfp_93_1000.sl_619932934
281 [318.2657785451151] icfp
results/stochastic:not_icfp.model.per_size/benchmarks@icfp_generated@icfp_gen_8.12.sl_062423130
359 [365.4244338230893] icfp
results/stochastic:not_icfp.model.per_size/benchmarks@icfp_generated@icfp_gen_11.11.sl_476368861
1857 [2287.1002487943924] icfp
results/stochastic:not_icfp.model.per_size/benchmarks@icfp_generated@icfp_gen_13.18.sl_339685585
4735 [4681.72754002556] icfp
results/stochastic:not_icfp.model.per_size/benchmarks@icfp_generated@icfp_gen_4.9.sl_507380047
3031 [2873.1715462425914] icfp
results/stochastic:not_icfp.model.per_size/benchmarks@icfp_generated@icfp_gen_9.14.sl_448345306
208 [428.0852172763551] icfp
results/stochastic:not_icfp.model.per_size/benchmarks@icfp_generated@icfp_gen_10.11.sl_875328660
2273 [2895.180923909539] icfp
results/stochastic:not_icfp.model.per_size/benchmarks@icfp@icfp_30_10.sl_919085344
1075 [794.7202782878016] icfp
results/stochastic:not_icfp.model.per_size/benchmarks@icfp_generated@icfp_gen_4.20.sl_478366992
4210 [3751.895130594821] icfp
results/stochastic:not_icfp.model.per_size/benchmarks@icfp_generated@icfp_gen_6.10.sl_183728088
2723 [6075.27191418463] icfp
results/stochastic:not_icfp.model.per_size/benchmarks@icfp_generated@icfp_gen_7.2.sl_381886020
323 [1393.0457771797317] icfp
results/stochastic:not_icfp.model.per_size/benchmarks@icfp_generated@icfp_gen_11.13.sl_758012603
909 [1381.5332488497559] icfp
results/stochastic:not_icfp.model.per_size/benchmarks@icfp_generated@icfp_gen_12.14.sl_757591544
1551 [2369.350685993117] icfp
results/stochastic:not_icfp.model.per_size/benchmarks@icfp_generated@icfp_gen_3.5.sl_555642664
348 [272.84989377867316] icfp
results/stochastic:not_icfp.model.per_size/benchmarks@icfp_generated@icfp_gen_7.8.sl_387156390
results/stochastic:not_icfp.model.per_size/benchmarks@icfp_generated@icfp_gen_1.5.sl_855577303
177 [338.786825787048] icfp
results/stochastic:not_icfp.model.per_size/benchmarks@icfp@icfp_82_10.sl_629611092
1510 [1431.3924559422403] icfp
results/stochastic:not_icfp.model.per_size/benchmarks@icfp_generated@icfp_gen_13.6.sl_856625234
204 [907.0991905007509] icfp
results/stochastic:not_icfp.model.per_size/benchmarks@icfp_generated@icfp_gen_8.15.sl_819856435
skip, forbidden
results/stochastic:not_icfp.model.per_size/benchmarks@icfp_generated@icfp_gen_15.7.sl_121211490
914 [1500.631778404841] icfp
results/stochastic:not_icfp.model.per_size/benchmarks@icfp@icfp_56_1000.sl_473688783
3631 [3804.5448773666194] icfp
results/stochastic:not_icfp.model.per_size/benchmarks@icfp_generated@icfp_gen_12.13.sl_466772245
4250 [9188.517891995565] icfp
results/stochastic:not_icfp.model.per_size/benchmarks@icfp_generated@icfp_gen_11.3.sl_735185089
2092 [3837.34465516066] icfp
results/stochastic:not_icfp.model.per_size/benchmarks@icfp@icfp_73_10.sl_955223099
183 [189.6285740160743] icfp
results/stochastic:not_icfp.model.per_size/benchmarks@icfp@icfp_28_10.sl_114323256
11 [8.349451898962183] icfp
results/stochastic:not_icfp.model.per_size/benchmarks@icfp_generated@icfp_gen_10.7.sl_160502693
491 [1058.2062601914124] icfp
results/stochastic:not_icfp.model.per_size/benchmarks@icfp_generated@icfp_gen_2.18.sl_700204804
1024 [1583.724310518733] icfp
results/stochastic:not_icfp.model.per_size/benchmarks@icfp_generated@icfp_gen_1.6.sl_522369437
2097 [2816.877066013322] icfp
results/stochastic:not_icfp.model.per_size/benchmarks@icfp_generated@icfp_gen_1.8.sl_451962962
1954 [2291.8209945083813] icfp
results/stochastic:not_icfp.model.per_size/benchmarks@icfp_generated@icfp_gen_12.15.sl_840199540
1426 [1149.5648388222642] icfp
results/stochastic:not_icfp.model.per_size/benchmarks@icfp_generated@icfp_gen_15.6.sl_154049115
3295 [2801.0921728546336] icfp
results/stochastic:not_icfp.model.per_size/benchmarks@icfp_generated@icfp_gen_1.1.sl_538290223
443 [1360.7901423457877] icfp
results/stochastic:not_icfp.model.per_size/benchmarks@icfp_generated@icfp_gen_14.2.sl_661828713
272 [755.2757080447792] icfp
results/stochastic:not_icfp.model.per_size/benchmarks@icfp_generated@icfp_gen_8.8.sl_954345959
1062 [2432.9599810128325] icfp
results/stochastic:not_icfp.model.per_size/benchmarks@icfp_generated@icfp_gen_8.19.sl_687901219
2547 [2985.6811622605924] icfp
results/stochastic:not_icfp.model.per_size/benchmarks@icfp_generated@icfp_gen_5.10.sl_979227322
263 [629.8206976012546] icfp
results/stochastic:not_icfp.model.per_size/benchmarks@icfp_generated@icfp_gen_12.7.sl_700313687
781 [535.3572838170829] icfp
results/stochastic:not_icfp.model.per_size/benchmarks@icfp_generated@icfp_gen_10.1.sl_319488571
525 [1431.0191642601528] icfp
results/stochastic:not_icfp.model.per_size/benchmarks@icfp_generated@icfp_gen_4.14.sl_976193170
825 [612.5029814448142] icfp
results/stochastic:not_icfp.model.per_size/benchmarks@icfp_generated@icfp_gen_12.5.sl_884463669
2166 [1633.1756313300666] icfp
results/stochastic:not_icfp.model.per_size/benchmarks@icfp_generated@icfp_gen_7.3.sl_268610841
2890 [2072.3428771987587] icfp
results/stochastic:not_icfp.model.per_size/benchmarks@icfp_generated@icfp_gen_1.14.sl_098728985
skip, forbidden
results/stochastic:not_icfp.model.per_size/benchmarks@icfp_generated@icfp_gen_10.5.sl_940113658
3272 [1738.626264773181] icfp
results/stochastic:not_icfp.model.per_size/benchmarks@icfp_generated@icfp_gen_9.4.sl_404616815
3278 [3042.8793888919063] icfp
results/stochastic:not_icfp.model.per_size/benchmarks@icfp_generated@icfp_gen_2.2.sl_085049056
239 [682.1200303633649] icfp
results/stochastic:not_icfp.model.per_size/benchmarks@icfp_generated@icfp_gen_11.16.sl_854932134
897 [3353.78286932107] icfp
results/stochastic:not_icfp.model.per_size/benchmarks@icfp_generated@icfp_gen_14.19.sl_967807331
1770 [4689.942844612569] icfp
results/stochastic:not_icfp.model.per_size/benchmarks@icfp@icfp_25_1000.sl_846806260
1153 [2113.602258893391] icfp
results/stochastic:not_icfp.model.per_size/benchmarks@icfp_generated@icfp_gen_6.12.sl_635742645
48 [50.80457812783813] icfp
results/stochastic:not_icfp.model.per_size/benchmarks@icfp_generated@icfp_gen_4.4.sl_855176520
704 [1333.9533884802793] icfp
results/stochastic:not_icfp.model.per_size/benchmarks@icfp_generated@icfp_gen_7.14.sl_171471320
1685 [1613.7132196508082] icfp
results/stochastic:not_icfp.model.per_size/benchmarks@icfp_generated@icfp_gen_10.4.sl_864624626
Global stats:
A: 1.1352884007053103
G: 1.2214784476774847
icfp
A: 0.6930095877279298
G: 1.2214784476774847
