434
56
results/stochastic:not_hackers.model.per_size/benchmarks_custom@hackers_delight@hd-12-d5-prog.sl_586838114
results/stochastic:not_hackers.model.per_size/benchmarks_custom@hackers_delight@hd-18-d5-prog.sl_065010470
results/stochastic:not_hackers.model.per_size/benchmarks_custom@hackers_delight@hd-10-d0-prog.sl_344184926
results/stochastic:not_hackers.model.per_size/benchmarks_custom@hackers_delight@hd-03-d5-prog.sl_112243620
41 [60.27314960825695] hackers
results/stochastic:not_hackers.model.per_size/benchmarks_custom@hackers_delight@hd-09-d1-prog.sl_619620988
73 [54.000118146207946] hackers
results/stochastic:not_hackers.model.per_size/benchmarks_custom@hackers_delight@hd-05-d0-prog.sl_934238437
11 [21.653271657906107] hackers
results/stochastic:not_hackers.model.per_size/benchmarks_custom@hackers_delight@hd-12-d0-prog.sl_172408043
results/stochastic:not_hackers.model.per_size/benchmarks_custom@hackers_delight@hd-18-d1-prog.sl_070502410
results/stochastic:not_hackers.model.per_size/benchmarks_custom@hackers_delight@hd-19-d0-prog.sl_019918974
results/stochastic:not_hackers.model.per_size/benchmarks_custom@hackers_delight@hd-15-d1-prog.sl_395358372
results/stochastic:not_hackers.model.per_size/benchmarks_custom@hackers_delight@hd-06-d0-prog.sl_378290657
23 [33.17461030320567] hackers
results/stochastic:not_hackers.model.per_size/benchmarks_custom@hackers_delight@hd-19-d1-prog.sl_057703656
results/stochastic:not_hackers.model.per_size/benchmarks_custom@hackers_delight@hd-13-d1-prog.sl_135916844
34 [38.11576419738886] hackers
results/stochastic:not_hackers.model.per_size/benchmarks_custom@hackers_delight@hd-14-d1-prog.sl_604247041
skip, forbidden
results/stochastic:not_hackers.model.per_size/benchmarks_custom@hackers_delight@hd-15-d5-prog.sl_192460412
results/stochastic:not_hackers.model.per_size/benchmarks_custom@hackers_delight@hd-10-d5-prog.sl_201978515
results/stochastic:not_hackers.model.per_size/benchmarks_custom@hackers_delight@hd-02-d1-prog.sl_740722812
26 [52.80565213622834] hackers
results/stochastic:not_hackers.model.per_size/benchmarks_custom@hackers_delight@hd-11-d5-prog.sl_684676707
results/stochastic:not_hackers.model.per_size/benchmarks_custom@hackers_delight@hd-08-d5-prog.sl_066671835
115 [170.24495194290353] hackers
results/stochastic:not_hackers.model.per_size/benchmarks_custom@hackers_delight@hd-17-d5-prog.sl_234373136
results/stochastic:not_hackers.model.per_size/benchmarks_custom@hackers_delight@hd-05-d5-prog.sl_396311953
134 [234.67997826022807] hackers
results/stochastic:not_hackers.model.per_size/benchmarks_custom@hackers_delight@hd-07-d1-prog.sl_034137666
96 [146.4133796165058] hackers
results/stochastic:not_hackers.model.per_size/benchmarks_custom@hackers_delight@hd-18-d0-prog.sl_814779972
results/stochastic:not_hackers.model.per_size/benchmarks_custom@hackers_delight@hd-17-d0-prog.sl_498931020
429 [499.52382162294134] hackers
results/stochastic:not_hackers.model.per_size/benchmarks_custom@hackers_delight@hd-03-d0-prog.sl_334044629
4 [4.0] hackers
results/stochastic:not_hackers.model.per_size/benchmarks_custom@hackers_delight@hd-11-d0-prog.sl_047093487
results/stochastic:not_hackers.model.per_size/benchmarks_custom@hackers_delight@hd-13-d0-prog.sl_131703444
26 [38.1421594887902] hackers
results/stochastic:not_hackers.model.per_size/benchmarks_custom@hackers_delight@hd-02-d0-prog.sl_186284704
8 [13.547914852947054] hackers
results/stochastic:not_hackers.model.per_size/benchmarks_custom@hackers_delight@hd-09-d5-prog.sl_343889327
96 [51.4230498104616] hackers
results/stochastic:not_hackers.model.per_size/benchmarks_custom@hackers_delight@hd-15-d0-prog.sl_560308948
results/stochastic:not_hackers.model.per_size/benchmarks_custom@hackers_delight@hd-19-d5-prog.sl_431994466
results/stochastic:not_hackers.model.per_size/benchmarks_custom@hackers_delight@hd-06-d1-prog.sl_435207161
73 [122.91422729565919] hackers
results/stochastic:not_hackers.model.per_size/benchmarks_custom@hackers_delight@hd-07-d5-prog.sl_577521038
510 [1511.1628940765868] hackers
results/stochastic:not_hackers.model.per_size/benchmarks_custom@hackers_delight@hd-04-d5-prog.sl_712223295
204 [274.92290551369945] hackers
results/stochastic:not_hackers.model.per_size/benchmarks_custom@hackers_delight@hd-04-d1-prog.sl_273362467
54 [98.7977462356773] hackers
results/stochastic:not_hackers.model.per_size/benchmarks_custom@hackers_delight@hd-07-d0-prog.sl_878281579
48 [53.41618705792747] hackers
results/stochastic:not_hackers.model.per_size/benchmarks_custom@hackers_delight@hd-03-d1-prog.sl_043446695
24 [26.429835057556687] hackers
results/stochastic:not_hackers.model.per_size/benchmarks_custom@hackers_delight@hd-20-d1-prog.sl_681199233
results/stochastic:not_hackers.model.per_size/benchmarks_custom@hackers_delight@hd-05-d1-prog.sl_642074341
52 [55.25165502314504] hackers
results/stochastic:not_hackers.model.per_size/benchmarks_custom@hackers_delight@hd-01-d1-prog.sl_215966913
39 [41.28883857823398] hackers
results/stochastic:not_hackers.model.per_size/benchmarks_custom@hackers_delight@hd-01-d5-prog.sl_994561351
134 [187.58614999401073] hackers
results/stochastic:not_hackers.model.per_size/benchmarks_custom@hackers_delight@hd-02-d5-prog.sl_303818957
95 [223.61049007923873] hackers
results/stochastic:not_hackers.model.per_size/benchmarks_custom@hackers_delight@hd-08-d1-prog.sl_166557864
57 [57.09119641632274] hackers
results/stochastic:not_hackers.model.per_size/benchmarks_custom@hackers_delight@hd-11-d1-prog.sl_255309531
results/stochastic:not_hackers.model.per_size/benchmarks_custom@hackers_delight@hd-20-d5-prog.sl_936937385
results/stochastic:not_hackers.model.per_size/benchmarks_custom@hackers_delight@hd-13-d5-prog.sl_628580018
36 [52.46432976960532] hackers
results/stochastic:not_hackers.model.per_size/benchmarks_custom@hackers_delight@hd-20-d0-prog.sl_814963741
results/stochastic:not_hackers.model.per_size/benchmarks_custom@hackers_delight@hd-08-d0-prog.sl_023786396
32 [45.23060597654513] hackers
results/stochastic:not_hackers.model.per_size/benchmarks_custom@hackers_delight@hd-17-d1-prog.sl_128901908
1135 [1114.0652110548606] hackers
results/stochastic:not_hackers.model.per_size/benchmarks_custom@hackers_delight@hd-12-d1-prog.sl_946159750
results/stochastic:not_hackers.model.per_size/benchmarks_custom@hackers_delight@hd-06-d5-prog.sl_456019815
183 [341.583880406398] hackers
results/stochastic:not_hackers.model.per_size/benchmarks_custom@hackers_delight@hd-04-d0-prog.sl_113179495
16 [19.953082427327114] hackers
results/stochastic:not_hackers.model.per_size/benchmarks_custom@hackers_delight@hd-14-d0-prog.sl_520181154
4294 [2724.2825119388294] hackers
results/stochastic:not_hackers.model.per_size/benchmarks_custom@hackers_delight@hd-14-d5-prog.sl_593037525
results/stochastic:not_hackers.model.per_size/benchmarks_custom@hackers_delight@hd-10-d1-prog.sl_915041971
results/stochastic:not_hackers.model.per_size/benchmarks_custom@hackers_delight@hd-09-d0-prog.sl_338963735
83 [116.38870651406666] hackers
Global stats:
A: 1.0365837843689263
G: 1.3339117036399615
hackers
A: 0.7065429199154022
G: 1.3339117036399615
