434
350
results/stochastic:not_icfp.model.global/benchmarks@icfp_generated@icfp_gen_4.14.sl_136949410
363 [612.5029814448142] icfp
results/stochastic:not_icfp.model.global/benchmarks@icfp_generated@icfp_gen_13.8.sl_543284555
1361 [2253.0312837711504] icfp
results/stochastic:not_icfp.model.global/benchmarks@icfp_generated@icfp_gen_12.7.sl_682048679
816 [535.3572838170829] icfp
results/stochastic:not_icfp.model.global/benchmarks@icfp_generated@icfp_gen_3.6.sl_300786187
3408 [2400.574000988888] icfp
results/stochastic:not_icfp.model.global/benchmarks@icfp_generated@icfp_gen_12.10.sl_351279567
2787 [2483.14420809561] icfp
results/stochastic:not_icfp.model.global/benchmarks@icfp_generated@icfp_gen_1.7.sl_250872842
3329 [1221.9007256497507] icfp
results/stochastic:not_icfp.model.global/benchmarks@icfp@icfp_96_10.sl_429255309
1207 [2191.0442283945304] icfp
results/stochastic:not_icfp.model.global/benchmarks@icfp_generated@icfp_gen_8.9.sl_353214851
1834 [2112.6994439202203] icfp
results/stochastic:not_icfp.model.global/benchmarks@icfp_generated@icfp_gen_1.6.sl_078192401
2100 [2816.877066013322] icfp
results/stochastic:not_icfp.model.global/benchmarks@icfp_generated@icfp_gen_4.17.sl_608838070
results/stochastic:not_icfp.model.global/benchmarks@icfp_generated@icfp_gen_14.18.sl_725045945
2698 [2605.2420360552255] icfp
results/stochastic:not_icfp.model.global/benchmarks@icfp_generated@icfp_gen_13.3.sl_236350901
4220 [3794.698106773059] icfp
results/stochastic:not_icfp.model.global/benchmarks@icfp_generated@icfp_gen_13.2.sl_386114727
219 [1022.0025548097467] icfp
results/stochastic:not_icfp.model.global/benchmarks@icfp_generated@icfp_gen_5.9.sl_324589273
1994 [2364.5171422562844] icfp
results/stochastic:not_icfp.model.global/benchmarks@icfp@icfp_30_10.sl_087774717
1142 [794.7202782878016] icfp
results/stochastic:not_icfp.model.global/benchmarks@icfp@icfp_143_1000.sl_903332675
1090 [1238.7991859951042] icfp
results/stochastic:not_icfp.model.global/benchmarks@icfp_generated@icfp_gen_12.4.sl_147372358
1585 [1486.4156811718453] icfp
results/stochastic:not_icfp.model.global/benchmarks@icfp_generated@icfp_gen_6.2.sl_625811587
1582 [57.48216038344478] icfp
results/stochastic:not_icfp.model.global/benchmarks@icfp_generated@icfp_gen_8.11.sl_175953261
2616 [5678.7144024805975] icfp
results/stochastic:not_icfp.model.global/benchmarks@icfp_generated@icfp_gen_7.16.sl_632182068
780 [822.8528886265965] icfp
results/stochastic:not_icfp.model.global/benchmarks@icfp_generated@icfp_gen_11.4.sl_107347427
3573 [2535.164008878313] icfp
results/stochastic:not_icfp.model.global/benchmarks@icfp@icfp_73_10.sl_810176007
206 [189.6285740160743] icfp
results/stochastic:not_icfp.model.global/benchmarks@icfp@icfp_135_100.sl_339489056
359 [484.67083121439435] icfp
results/stochastic:not_icfp.model.global/benchmarks@icfp_generated@icfp_gen_1.15.sl_713307705
1409 [1602.6833029966456] icfp
results/stochastic:not_icfp.model.global/benchmarks@icfp_generated@icfp_gen_9.6.sl_724213763
4606 [5461.503254091627] icfp
results/stochastic:not_icfp.model.global/benchmarks@icfp_generated@icfp_gen_6.18.sl_247460669
314 [619.5108378370196] icfp
results/stochastic:not_icfp.model.global/benchmarks@icfp_generated@icfp_gen_15.1.sl_042453544
491 [1304.407938086629] icfp
results/stochastic:not_icfp.model.global/benchmarks@icfp_generated@icfp_gen_9.13.sl_310042406
127 [152.56856407381775] icfp
results/stochastic:not_icfp.model.global/benchmarks@icfp_generated@icfp_gen_7.12.sl_448986619
1183 [681.946584738567] icfp
results/stochastic:not_icfp.model.global/benchmarks@icfp_generated@icfp_gen_5.15.sl_879767351
3027 [2736.2293417416918] icfp
results/stochastic:not_icfp.model.global/benchmarks@icfp_generated@icfp_gen_10.12.sl_413880660
85 [134.39694116348426] icfp
results/stochastic:not_icfp.model.global/benchmarks@icfp_generated@icfp_gen_14.5.sl_761169017
2076 [2290.901706282299] icfp
results/stochastic:not_icfp.model.global/benchmarks@icfp@icfp_144_100.sl_167421383
4180 [2082.8142273761437] icfp
results/stochastic:not_icfp.model.global/benchmarks@icfp_generated@icfp_gen_4.11.sl_338193847
skip, forbidden
results/stochastic:not_icfp.model.global/benchmarks@icfp_generated@icfp_gen_10.3.sl_268120753
1403 [1879.8156088655905] icfp
results/stochastic:not_icfp.model.global/benchmarks@icfp_generated@icfp_gen_9.7.sl_116818544
202 [201.7122742068316] icfp
results/stochastic:not_icfp.model.global/benchmarks@icfp_generated@icfp_gen_15.16.sl_657811388
779 [836.2936386925628] icfp
results/stochastic:not_icfp.model.global/benchmarks@icfp_generated@icfp_gen_2.18.sl_878212977
990 [1583.724310518733] icfp
results/stochastic:not_icfp.model.global/benchmarks@icfp_generated@icfp_gen_6.5.sl_579575720
386 [429.6042699548238] icfp
results/stochastic:not_icfp.model.global/benchmarks@icfp_generated@icfp_gen_12.12.sl_841079728
111 [192.1848386164767] icfp
results/stochastic:not_icfp.model.global/benchmarks@icfp_generated@icfp_gen_9.10.sl_220571543
1715 [1294.494410467566] icfp
results/stochastic:not_icfp.model.global/benchmarks@icfp_generated@icfp_gen_8.2.sl_651333914
555 [953.0937745069668] icfp
results/stochastic:not_icfp.model.global/benchmarks@icfp_generated@icfp_gen_14.17.sl_320472387
77 [138.79666306605156] icfp
results/stochastic:not_icfp.model.global/benchmarks@icfp_generated@icfp_gen_11.3.sl_844020074
2309 [3837.34465516066] icfp
results/stochastic:not_icfp.model.global/benchmarks@icfp_generated@icfp_gen_4.15.sl_478081250
98 [120.59709063109146] icfp
results/stochastic:not_icfp.model.global/benchmarks@icfp_generated@icfp_gen_6.14.sl_672338799
2575 [1589.930572698794] icfp
results/stochastic:not_icfp.model.global/benchmarks@icfp@icfp_28_10.sl_212570218
11 [8.349451898962183] icfp
results/stochastic:not_icfp.model.global/benchmarks@icfp_generated@icfp_gen_1.3.sl_491423349
292 [456.1083652419557] icfp
results/stochastic:not_icfp.model.global/benchmarks@icfp_generated@icfp_gen_5.1.sl_852655733
skip, forbidden
results/stochastic:not_icfp.model.global/benchmarks@icfp_generated@icfp_gen_6.3.sl_740243382
3442 [3323.9765971591514] icfp
results/stochastic:not_icfp.model.global/benchmarks@icfp_generated@icfp_gen_10.15.sl_103345368
2499 [2219.0095052769675] icfp
results/stochastic:not_icfp.model.global/benchmarks@icfp_generated@icfp_gen_8.12.sl_268408525
302 [365.4244338230893] icfp
results/stochastic:not_icfp.model.global/benchmarks@icfp_generated@icfp_gen_8.20.sl_251442871
2200 [4005.724405549613] icfp
results/stochastic:not_icfp.model.global/benchmarks@icfp_generated@icfp_gen_9.16.sl_026746010
538 [513.7041053903238] icfp
results/stochastic:not_icfp.model.global/benchmarks@icfp@icfp_82_100.sl_360827335
1762 [1434.9427380667591] icfp
results/stochastic:not_icfp.model.global/benchmarks@icfp_generated@icfp_gen_3.11.sl_787854367
243 [396.24420504164794] icfp
results/stochastic:not_icfp.model.global/benchmarks@icfp_generated@icfp_gen_10.6.sl_768213634
skip, forbidden
results/stochastic:not_icfp.model.global/benchmarks@icfp_generated@icfp_gen_9.18.sl_031513352
1922 [1849.4377606477306] icfp
results/stochastic:not_icfp.model.global/benchmarks@icfp@icfp_93_1000.sl_751228002
301 [318.2657785451151] icfp
results/stochastic:not_icfp.model.global/benchmarks@icfp_generated@icfp_gen_10.18.sl_715359463
448 [965.1473553961067] icfp
results/stochastic:not_icfp.model.global/benchmarks@icfp_generated@icfp_gen_1.8.sl_771640566
2128 [2291.8209945083813] icfp
results/stochastic:not_icfp.model.global/benchmarks@icfp_generated@icfp_gen_15.17.sl_656882722
6003 [6288.64468498417] icfp
results/stochastic:not_icfp.model.global/benchmarks@icfp_generated@icfp_gen_6.15.sl_836577341
88 [198.5689883166617] icfp
results/stochastic:not_icfp.model.global/benchmarks@icfp_generated@icfp_gen_5.17.sl_589305102
1178 [2317.0072346399074] icfp
results/stochastic:not_icfp.model.global/benchmarks@icfp_generated@icfp_gen_5.19.sl_983293338
476 [528.2884044969372] icfp
results/stochastic:not_icfp.model.global/benchmarks@icfp@icfp_118_100.sl_264228386
697 [447.18074452328005] icfp
results/stochastic:not_icfp.model.global/benchmarks@icfp_generated@icfp_gen_4.20.sl_009686057
2892 [3751.895130594821] icfp
results/stochastic:not_icfp.model.global/benchmarks@icfp_generated@icfp_gen_3.18.sl_917973492
6789 [5495.445833077082] icfp
results/stochastic:not_icfp.model.global/benchmarks@icfp_generated@icfp_gen_14.15.sl_876274908
2287 [2902.2893071113704] icfp
results/stochastic:not_icfp.model.global/benchmarks@icfp@icfp_99_100.sl_091157819
476 [528.2884044969372] icfp
results/stochastic:not_icfp.model.global/benchmarks@icfp_generated@icfp_gen_13.9.sl_378264262
602 [1260.3843722563856] icfp
results/stochastic:not_icfp.model.global/benchmarks@icfp_generated@icfp_gen_12.20.sl_076077668
473 [1300.8771527416816] icfp
results/stochastic:not_icfp.model.global/benchmarks@icfp_generated@icfp_gen_4.5.sl_230771927
940 [1033.1470357049996] icfp
results/stochastic:not_icfp.model.global/benchmarks@icfp_generated@icfp_gen_14.10.sl_384871774
5732 [6102.439393907673] icfp
results/stochastic:not_icfp.model.global/benchmarks@icfp_generated@icfp_gen_3.12.sl_654338104
150 [218.01466399783476] icfp
results/stochastic:not_icfp.model.global/benchmarks@icfp_generated@icfp_gen_3.17.sl_728388129
2611 [1543.2758349165063] icfp
results/stochastic:not_icfp.model.global/benchmarks@icfp_generated@icfp_gen_6.7.sl_739009375
945 [1160.7011611522958] icfp
results/stochastic:not_icfp.model.global/benchmarks@icfp@icfp_69_10.sl_713776836
199 [202.31643910642077] icfp
results/stochastic:not_icfp.model.global/benchmarks@icfp_generated@icfp_gen_11.17.sl_791450048
results/stochastic:not_icfp.model.global/benchmarks@icfp_generated@icfp_gen_6.6.sl_736979471
2471 [4567.256198697803] icfp
results/stochastic:not_icfp.model.global/benchmarks@icfp_generated@icfp_gen_4.18.sl_256371857
294 [373.5533067346098] icfp
results/stochastic:not_icfp.model.global/benchmarks@icfp@icfp_94_1000.sl_367784737
91 [138.04059009776347] icfp
results/stochastic:not_icfp.model.global/benchmarks@icfp_generated@icfp_gen_3.20.sl_314417552
816 [2583.9441500704634] icfp
results/stochastic:not_icfp.model.global/benchmarks@icfp_generated@icfp_gen_15.18.sl_754975381
738 [861.1566219436312] icfp
results/stochastic:not_icfp.model.global/benchmarks@icfp_generated@icfp_gen_15.14.sl_576724526
1996 [3776.044802197855] icfp
results/stochastic:not_icfp.model.global/benchmarks@icfp_generated@icfp_gen_6.17.sl_920356093
970 [1409.5742107947842] icfp
results/stochastic:not_icfp.model.global/benchmarks@icfp_generated@icfp_gen_10.17.sl_628202518
631 [772.594971819657] icfp
results/stochastic:not_icfp.model.global/benchmarks@icfp_generated@icfp_gen_6.20.sl_869876033
4 [2.1074358993444715] icfp
results/stochastic:not_icfp.model.global/benchmarks@icfp_generated@icfp_gen_2.10.sl_913961578
708 [1503.4448406568415] icfp
results/stochastic:not_icfp.model.global/benchmarks@icfp@icfp_105_100.sl_651179641
174 [179.9084085468588] icfp
results/stochastic:not_icfp.model.global/benchmarks@icfp@icfp_103_10.sl_028138162
806 [1113.923790542598] icfp
results/stochastic:not_icfp.model.global/benchmarks@icfp_generated@icfp_gen_9.4.sl_643083817
2903 [3042.8793888919063] icfp
results/stochastic:not_icfp.model.global/benchmarks@icfp_generated@icfp_gen_9.19.sl_233046044
2115 [3009.3922734559055] icfp
results/stochastic:not_icfp.model.global/benchmarks@icfp_generated@icfp_gen_15.9.sl_943830617
2765 [3413.222527218782] icfp
results/stochastic:not_icfp.model.global/benchmarks@icfp@icfp_134_1000.sl_582682376
2247 [1992.006407783717] icfp
results/stochastic:not_icfp.model.global/benchmarks@icfp_generated@icfp_gen_2.7.sl_321541096
2212 [2177.630679112316] icfp
results/stochastic:not_icfp.model.global/benchmarks@icfp_generated@icfp_gen_10.8.sl_009215753
3601 [1656.8965058653393] icfp
results/stochastic:not_icfp.model.global/benchmarks@icfp_generated@icfp_gen_10.7.sl_107367031
508 [1058.2062601914124] icfp
results/stochastic:not_icfp.model.global/benchmarks@icfp_generated@icfp_gen_2.2.sl_083528872
194 [682.1200303633649] icfp
results/stochastic:not_icfp.model.global/benchmarks@icfp@icfp_113_1000.sl_376140917
80 [111.28675981839554] icfp
results/stochastic:not_icfp.model.global/benchmarks@icfp_generated@icfp_gen_11.20.sl_706467046
3128 [4266.28976128922] icfp
results/stochastic:not_icfp.model.global/benchmarks@icfp_generated@icfp_gen_11.10.sl_715056665
2365 [2403.1223591579005] icfp
results/stochastic:not_icfp.model.global/benchmarks@icfp_generated@icfp_gen_14.12.sl_561461763
49 [66.05225506621119] icfp
results/stochastic:not_icfp.model.global/benchmarks@icfp_generated@icfp_gen_5.4.sl_333774995
1678 [2808.086876138438] icfp
results/stochastic:not_icfp.model.global/benchmarks@icfp_generated@icfp_gen_1.11.sl_383355739
268 [323.22450582226816] icfp
results/stochastic:not_icfp.model.global/benchmarks@icfp@icfp_118_10.sl_665900807
384 [583.70105392792] icfp
results/stochastic:not_icfp.model.global/benchmarks@icfp_generated@icfp_gen_3.1.sl_264475987
562 [841.3687464479405] icfp
results/stochastic:not_icfp.model.global/benchmarks@icfp_generated@icfp_gen_5.2.sl_991328050
2411 [738.5891984191219] icfp
results/stochastic:not_icfp.model.global/benchmarks@icfp_generated@icfp_gen_10.2.sl_221122628
66 [861.7656538471431] icfp
results/stochastic:not_icfp.model.global/benchmarks@icfp_generated@icfp_gen_10.5.sl_640937529
3463 [1738.626264773181] icfp
results/stochastic:not_icfp.model.global/benchmarks@icfp_generated@icfp_gen_11.14.sl_715791935
689 [970.4274977872036] icfp
results/stochastic:not_icfp.model.global/benchmarks@icfp_generated@icfp_gen_9.1.sl_248291056
2366 [1021.6895432304295] icfp
results/stochastic:not_icfp.model.global/benchmarks@icfp_generated@icfp_gen_3.8.sl_039528528
759 [945.0504273306686] icfp
results/stochastic:not_icfp.model.global/benchmarks@icfp_generated@icfp_gen_12.15.sl_056753813
1513 [1149.5648388222642] icfp
results/stochastic:not_icfp.model.global/benchmarks@icfp_generated@icfp_gen_10.20.sl_064091913
9520 [7546.4760607926155] icfp
results/stochastic:not_icfp.model.global/benchmarks@icfp_generated@icfp_gen_8.7.sl_968921198
213 [335.0877677921212] icfp
results/stochastic:not_icfp.model.global/benchmarks@icfp_generated@icfp_gen_15.20.sl_098819639
2057 [2790.608242601109] icfp
results/stochastic:not_icfp.model.global/benchmarks@icfp_generated@icfp_gen_5.8.sl_711549525
1692 [3593.753791824967] icfp
results/stochastic:not_icfp.model.global/benchmarks@icfp_generated@icfp_gen_7.18.sl_601055889
1431 [2414.1594537125325] icfp
results/stochastic:not_icfp.model.global/benchmarks@icfp_generated@icfp_gen_11.7.sl_115559716
336 [1215.4834011475618] icfp
results/stochastic:not_icfp.model.global/benchmarks@icfp_generated@icfp_gen_2.3.sl_468514919
415 [1210.2278446294042] icfp
results/stochastic:not_icfp.model.global/benchmarks@icfp_generated@icfp_gen_4.4.sl_364536153
1340 [1333.9533884802793] icfp
results/stochastic:not_icfp.model.global/benchmarks@icfp_generated@icfp_gen_9.11.sl_715683624
1056 [1182.6473579895612] icfp
results/stochastic:not_icfp.model.global/benchmarks@icfp_generated@icfp_gen_13.7.sl_009843103
516 [630.2951242340483] icfp
results/stochastic:not_icfp.model.global/benchmarks@icfp_generated@icfp_gen_3.16.sl_532340103
3909 [3785.2965302128337] icfp
results/stochastic:not_icfp.model.global/benchmarks@icfp_generated@icfp_gen_8.8.sl_429609018
1102 [2432.9599810128325] icfp
results/stochastic:not_icfp.model.global/benchmarks@icfp_generated@icfp_gen_1.16.sl_543344041
792 [1181.8292795445977] icfp
results/stochastic:not_icfp.model.global/benchmarks@icfp_generated@icfp_gen_6.1.sl_235879320
1822 [647.7465254669177] icfp
results/stochastic:not_icfp.model.global/benchmarks@icfp_generated@icfp_gen_4.12.sl_804913293
387 [404.9134573930352] icfp
results/stochastic:not_icfp.model.global/benchmarks@icfp_generated@icfp_gen_12.19.sl_324239683
3885 [2653.5428877004083] icfp
results/stochastic:not_icfp.model.global/benchmarks@icfp_generated@icfp_gen_14.7.sl_772523046
2040 [2548.0140648031847] icfp
results/stochastic:not_icfp.model.global/benchmarks@icfp_generated@icfp_gen_9.8.sl_125756031
160 [151.2059312107659] icfp
results/stochastic:not_icfp.model.global/benchmarks@icfp_generated@icfp_gen_7.6.sl_849903912
2679 [2456.1728377908316] icfp
results/stochastic:not_icfp.model.global/benchmarks@icfp_generated@icfp_gen_15.6.sl_272248203
3556 [2801.0921728546336] icfp
results/stochastic:not_icfp.model.global/benchmarks@icfp_generated@icfp_gen_13.17.sl_663905830
591 [584.5492484943388] icfp
results/stochastic:not_icfp.model.global/benchmarks@icfp_generated@icfp_gen_5.6.sl_389638208
2712 [930.2908907233199] icfp
results/stochastic:not_icfp.model.global/benchmarks@icfp_generated@icfp_gen_13.18.sl_789984761
5501 [4681.72754002556] icfp
results/stochastic:not_icfp.model.global/benchmarks@icfp_generated@icfp_gen_1.20.sl_674662207
2005 [1770.3282090557968] icfp
results/stochastic:not_icfp.model.global/benchmarks@icfp_generated@icfp_gen_5.5.sl_500403259
3765 [3500.417430016746] icfp
results/stochastic:not_icfp.model.global/benchmarks@icfp_generated@icfp_gen_6.8.sl_087465539
1586 [2152.1320575557615] icfp
results/stochastic:not_icfp.model.global/benchmarks@icfp_generated@icfp_gen_15.3.sl_062436187
1778 [3641.6933003977506] icfp
results/stochastic:not_icfp.model.global/benchmarks@icfp_generated@icfp_gen_13.20.sl_636317189
6563 [6008.092100851606] icfp
results/stochastic:not_icfp.model.global/benchmarks@icfp_generated@icfp_gen_3.7.sl_320781556
3694 [2132.8445637700984] icfp
results/stochastic:not_icfp.model.global/benchmarks@icfp_generated@icfp_gen_1.13.sl_560259714
5297 [3057.3204101485708] icfp
results/stochastic:not_icfp.model.global/benchmarks@icfp_generated@icfp_gen_11.15.sl_739949088
1840 [1819.4923872405238] icfp
results/stochastic:not_icfp.model.global/benchmarks@icfp_generated@icfp_gen_13.1.sl_436217942
5415 [1402.695312571477] icfp
results/stochastic:not_icfp.model.global/benchmarks@icfp_generated@icfp_gen_13.14.sl_015394939
556 [471.20089170738044] icfp
results/stochastic:not_icfp.model.global/benchmarks@icfp_generated@icfp_gen_6.10.sl_278224350
2441 [6075.27191418463] icfp
results/stochastic:not_icfp.model.global/benchmarks@icfp_generated@icfp_gen_7.20.sl_708625903
1398 [3449.555807064879] icfp
results/stochastic:not_icfp.model.global/benchmarks@icfp_generated@icfp_gen_4.2.sl_774948736
913 [2116.368470877464] icfp
results/stochastic:not_icfp.model.global/benchmarks@icfp@icfp_32_10.sl_450325240
296 [318.8613479158369] icfp
results/stochastic:not_icfp.model.global/benchmarks@icfp_generated@icfp_gen_2.14.sl_254640076
389 [477.2997613751572] icfp
results/stochastic:not_icfp.model.global/benchmarks@icfp@icfp_150_10.sl_269724168
560 [785.1040492524327] icfp
results/stochastic:not_icfp.model.global/benchmarks@icfp_generated@icfp_gen_14.6.sl_131555312
3778 [2099.2382566453684] icfp
results/stochastic:not_icfp.model.global/benchmarks@icfp_generated@icfp_gen_15.10.sl_510919393
2118 [1242.5318286395177] icfp
results/stochastic:not_icfp.model.global/benchmarks@icfp_generated@icfp_gen_12.2.sl_982157179
220 [708.86861519127] icfp
results/stochastic:not_icfp.model.global/benchmarks@icfp_generated@icfp_gen_12.6.sl_672919492
3197 [3232.444104924365] icfp
results/stochastic:not_icfp.model.global/benchmarks@icfp_generated@icfp_gen_5.12.sl_021599351
results/stochastic:not_icfp.model.global/benchmarks@icfp_generated@icfp_gen_13.13.sl_178726048
3314 [4878.377226524902] icfp
results/stochastic:not_icfp.model.global/benchmarks@icfp@icfp_7_10.sl_216680656
166 [643.7717028555295] icfp
results/stochastic:not_icfp.model.global/benchmarks@icfp_generated@icfp_gen_3.9.sl_720927855
78 [109.5205301831707] icfp
results/stochastic:not_icfp.model.global/benchmarks@icfp_generated@icfp_gen_11.11.sl_476492627
2043 [2287.1002487943924] icfp
results/stochastic:not_icfp.model.global/benchmarks@icfp_generated@icfp_gen_2.8.sl_550585120
94 [107.0970486295835] icfp
results/stochastic:not_icfp.model.global/benchmarks@icfp_generated@icfp_gen_3.3.sl_484900261
2268 [4257.125674809206] icfp
results/stochastic:not_icfp.model.global/benchmarks@icfp@icfp_64_10.sl_365318817
344 [405.19995128394834] icfp
results/stochastic:not_icfp.model.global/benchmarks@icfp_generated@icfp_gen_7.7.sl_933083902
1026 [1629.5383608227773] icfp
results/stochastic:not_icfp.model.global/benchmarks@icfp_generated@icfp_gen_13.15.sl_609331612
1467 [2220.1375492810294] icfp
results/stochastic:not_icfp.model.global/benchmarks@icfp_generated@icfp_gen_9.2.sl_232414848
1875 [1292.5473392485803] icfp
results/stochastic:not_icfp.model.global/benchmarks@icfp_generated@icfp_gen_4.8.sl_376515524
6135 [3596.140436804101] icfp
results/stochastic:not_icfp.model.global/benchmarks@icfp_generated@icfp_gen_10.19.sl_162881685
1847 [1459.4347850325908] icfp
results/stochastic:not_icfp.model.global/benchmarks@icfp@icfp_39_100.sl_830163045
127 [185.2515513145968] icfp
results/stochastic:not_icfp.model.global/benchmarks@icfp@icfp_14_1000.sl_351273131
skip, forbidden
results/stochastic:not_icfp.model.global/benchmarks@icfp_generated@icfp_gen_8.5.sl_481974439
2801 [2238.799480391896] icfp
results/stochastic:not_icfp.model.global/benchmarks@icfp_generated@icfp_gen_14.14.sl_703844438
results/stochastic:not_icfp.model.global/benchmarks@icfp_generated@icfp_gen_9.3.sl_689846572
2875 [2647.3328638607645] icfp
results/stochastic:not_icfp.model.global/benchmarks@icfp_generated@icfp_gen_12.14.sl_084507348
1679 [2369.350685993117] icfp
results/stochastic:not_icfp.model.global/benchmarks@icfp_generated@icfp_gen_8.16.sl_385893154
954 [644.6998126427827] icfp
results/stochastic:not_icfp.model.global/benchmarks@icfp_generated@icfp_gen_2.9.sl_659163773
160 [178.56578966741853] icfp
results/stochastic:not_icfp.model.global/benchmarks@icfp_generated@icfp_gen_7.5.sl_940089209
703 [856.7062481790872] icfp
results/stochastic:not_icfp.model.global/benchmarks@icfp_generated@icfp_gen_2.19.sl_476139614
128 [312.47317666080465] icfp
results/stochastic:not_icfp.model.global/benchmarks@icfp_generated@icfp_gen_10.9.sl_160148344
735 [543.1093030806628] icfp
results/stochastic:not_icfp.model.global/benchmarks@icfp@icfp_144_1000.sl_568192354
3133 [2193.80490039856] icfp
results/stochastic:not_icfp.model.global/benchmarks@icfp_generated@icfp_gen_12.5.sl_760614482
1626 [1633.1756313300666] icfp
results/stochastic:not_icfp.model.global/benchmarks@icfp@icfp_45_10.sl_222430846
27 [45.286129042822175] icfp
results/stochastic:not_icfp.model.global/benchmarks@icfp_generated@icfp_gen_5.20.sl_266299774
150 [242.0484178504282] icfp
results/stochastic:not_icfp.model.global/benchmarks@icfp_generated@icfp_gen_15.5.sl_105016278
1790 [1842.2881815106728] icfp
results/stochastic:not_icfp.model.global/benchmarks@icfp_generated@icfp_gen_13.12.sl_096310418
193 [331.7068210679791] icfp
results/stochastic:not_icfp.model.global/benchmarks@icfp_generated@icfp_gen_10.1.sl_129070783
461 [1431.0191642601528] icfp
results/stochastic:not_icfp.model.global/benchmarks@icfp_generated@icfp_gen_7.15.sl_910153706
419 [635.6574555078683] icfp
results/stochastic:not_icfp.model.global/benchmarks@icfp_generated@icfp_gen_12.18.sl_228366885
684 [683.6696255475738] icfp
results/stochastic:not_icfp.model.global/benchmarks@icfp@icfp_125_10.sl_517835355
614 [1188.0976146585706] icfp
results/stochastic:not_icfp.model.global/benchmarks@icfp_generated@icfp_gen_2.20.sl_030661922
3372 [2056.0517089384525] icfp
results/stochastic:not_icfp.model.global/benchmarks@icfp_generated@icfp_gen_3.5.sl_215528401
390 [272.84989377867316] icfp
results/stochastic:not_icfp.model.global/benchmarks@icfp@icfp_95_100.sl_358221268
results/stochastic:not_icfp.model.global/benchmarks@icfp@icfp_87_10.sl_451989976
106 [132.14093500790423] icfp
results/stochastic:not_icfp.model.global/benchmarks@icfp@icfp_9_1000.sl_168557059
4424 [7212.483005506481] icfp
results/stochastic:not_icfp.model.global/benchmarks@icfp@icfp_94_100.sl_408450663
180 [146.82766018456016] icfp
results/stochastic:not_icfp.model.global/benchmarks@icfp_generated@icfp_gen_10.14.sl_307128864
1890 [2982.6269188852257] icfp
results/stochastic:not_icfp.model.global/benchmarks@icfp_generated@icfp_gen_3.15.sl_134074265
56 [80.30710977280974] icfp
results/stochastic:not_icfp.model.global/benchmarks@icfp@icfp_81_1000.sl_779147214
432 [1702.7133700239192] icfp
results/stochastic:not_icfp.model.global/benchmarks@icfp_generated@icfp_gen_2.5.sl_117291094
617 [654.8574575413656] icfp
results/stochastic:not_icfp.model.global/benchmarks@icfp_generated@icfp_gen_2.1.sl_532694038
results/stochastic:not_icfp.model.global/benchmarks@icfp_generated@icfp_gen_1.14.sl_781327891
skip, forbidden
results/stochastic:not_icfp.model.global/benchmarks@icfp_generated@icfp_gen_1.4.sl_742611286
638 [1861.3201650969986] icfp
results/stochastic:not_icfp.model.global/benchmarks@icfp_generated@icfp_gen_14.8.sl_285057216
179 [147.34277871181337] icfp
results/stochastic:not_icfp.model.global/benchmarks@icfp_generated@icfp_gen_8.10.sl_794846308
3691 [3274.3705487420084] icfp
results/stochastic:not_icfp.model.global/benchmarks@icfp_generated@icfp_gen_4.6.sl_454733911
1061 [3512.81264008622] icfp
results/stochastic:not_icfp.model.global/benchmarks@icfp_generated@icfp_gen_14.19.sl_428399620
1787 [4689.942844612569] icfp
results/stochastic:not_icfp.model.global/benchmarks@icfp@icfp_54_1000.sl_968423448
149 [112.90637495674675] icfp
results/stochastic:not_icfp.model.global/benchmarks@icfp_generated@icfp_gen_15.4.sl_384245932
1737 [2328.2448581632393] icfp
results/stochastic:not_icfp.model.global/benchmarks@icfp_generated@icfp_gen_3.13.sl_546220286
605 [835.3914934739823] icfp
results/stochastic:not_icfp.model.global/benchmarks@icfp_generated@icfp_gen_13.11.sl_829921848
2995 [3614.8534428653466] icfp
results/stochastic:not_icfp.model.global/benchmarks@icfp_generated@icfp_gen_1.10.sl_006699070
1097 [1596.9259430401219] icfp
results/stochastic:not_icfp.model.global/benchmarks@icfp_generated@icfp_gen_5.7.sl_238189606
416 [385.441934718822] icfp
results/stochastic:not_icfp.model.global/benchmarks@icfp_generated@icfp_gen_9.20.sl_406028630
687 [960.285901222634] icfp
results/stochastic:not_icfp.model.global/benchmarks@icfp_generated@icfp_gen_12.8.sl_941630373
438 [894.9727696358377] icfp
results/stochastic:not_icfp.model.global/benchmarks@icfp_generated@icfp_gen_3.2.sl_107910409
88 [518.7083873526385] icfp
results/stochastic:not_icfp.model.global/benchmarks@icfp_generated@icfp_gen_11.5.sl_820176286
558 [831.291356992127] icfp
results/stochastic:not_icfp.model.global/benchmarks@icfp_generated@icfp_gen_6.12.sl_859778808
55 [50.80457812783813] icfp
results/stochastic:not_icfp.model.global/benchmarks@icfp_generated@icfp_gen_7.14.sl_134958127
1806 [1613.7132196508082] icfp
results/stochastic:not_icfp.model.global/benchmarks@icfp_generated@icfp_gen_12.1.sl_784571274
2876 [1245.7067616626757] icfp
results/stochastic:not_icfp.model.global/benchmarks@icfp_generated@icfp_gen_11.8.sl_583053720
295 [1077.6310996460754] icfp
results/stochastic:not_icfp.model.global/benchmarks@icfp_generated@icfp_gen_8.4.sl_753110638
3274 [2067.4913647170733] icfp
results/stochastic:not_icfp.model.global/benchmarks@icfp_generated@icfp_gen_15.11.sl_912562284
771 [461.2949390387083] icfp
results/stochastic:not_icfp.model.global/benchmarks@icfp@icfp_38_10.sl_025502187
170 [246.87490088395498] icfp
results/stochastic:not_icfp.model.global/benchmarks@icfp_generated@icfp_gen_9.9.sl_982491374
3510 [6686.8380636131815] icfp
results/stochastic:not_icfp.model.global/benchmarks@icfp_generated@icfp_gen_8.19.sl_303437285
2763 [2985.6811622605924] icfp
results/stochastic:not_icfp.model.global/benchmarks@icfp_generated@icfp_gen_7.9.sl_857150137
629 [1296.481359478948] icfp
results/stochastic:not_icfp.model.global/benchmarks@icfp_generated@icfp_gen_9.14.sl_136954984
228 [428.0852172763551] icfp
results/stochastic:not_icfp.model.global/benchmarks@icfp_generated@icfp_gen_7.3.sl_525645771
3422 [2072.3428771987587] icfp
results/stochastic:not_icfp.model.global/benchmarks@icfp_generated@icfp_gen_9.5.sl_819229323
254 [353.3373859841795] icfp
results/stochastic:not_icfp.model.global/benchmarks@icfp_generated@icfp_gen_14.16.sl_218345327
957 [1039.8431208429167] icfp
results/stochastic:not_icfp.model.global/benchmarks@icfp_generated@icfp_gen_8.18.sl_023075320
4306 [2645.8773584457713] icfp
results/stochastic:not_icfp.model.global/benchmarks@icfp_generated@icfp_gen_11.19.sl_489198002
1260 [1876.0678678482275] icfp
results/stochastic:not_icfp.model.global/benchmarks@icfp_generated@icfp_gen_6.11.sl_836368745
171 [102.3920446474144] icfp
results/stochastic:not_icfp.model.global/benchmarks@icfp_generated@icfp_gen_4.3.sl_378063950
482 [389.3043516630583] icfp
results/stochastic:not_icfp.model.global/benchmarks@icfp@icfp_82_10.sl_319042095
1640 [1431.3924559422403] icfp
results/stochastic:not_icfp.model.global/benchmarks@icfp_generated@icfp_gen_2.4.sl_125187201
3704 [3759.9718340073123] icfp
results/stochastic:not_icfp.model.global/benchmarks@icfp_generated@icfp_gen_11.16.sl_674213593
1121 [3353.78286932107] icfp
results/stochastic:not_icfp.model.global/benchmarks@icfp_generated@icfp_gen_13.19.sl_434206678
289 [712.4218465522466] icfp
results/stochastic:not_icfp.model.global/benchmarks@icfp_generated@icfp_gen_10.11.sl_222362429
2345 [2895.180923909539] icfp
results/stochastic:not_icfp.model.global/benchmarks@icfp@icfp_139_10.sl_983610227
78 [109.58871790084316] icfp
results/stochastic:not_icfp.model.global/benchmarks@icfp@icfp_56_1000.sl_301589644
3910 [3804.5448773666194] icfp
results/stochastic:not_icfp.model.global/benchmarks@icfp_generated@icfp_gen_10.13.sl_713420799
550 [1348.3778955794357] icfp
results/stochastic:not_icfp.model.global/benchmarks@icfp_generated@icfp_gen_13.5.sl_987028455
3377 [4545.9469561529295] icfp
results/stochastic:not_icfp.model.global/benchmarks@icfp_generated@icfp_gen_9.17.sl_951292444
1876 [2085.2585541640883] icfp
results/stochastic:not_icfp.model.global/benchmarks@icfp_generated@icfp_gen_14.13.sl_392113065
1728 [2800.4790204320734] icfp
results/stochastic:not_icfp.model.global/benchmarks@icfp_generated@icfp_gen_12.16.sl_247530118
345 [706.4464763921868] icfp
results/stochastic:not_icfp.model.global/benchmarks@icfp_generated@icfp_gen_10.10.sl_491406434
5233 [5730.4340473611965] icfp
results/stochastic:not_icfp.model.global/benchmarks@icfp_generated@icfp_gen_1.12.sl_162082684
412 [728.9327002817902] icfp
results/stochastic:not_icfp.model.global/benchmarks@icfp_generated@icfp_gen_11.2.sl_616407242
2334 [3890.531203695999] icfp
results/stochastic:not_icfp.model.global/benchmarks@icfp_generated@icfp_gen_12.3.sl_258648249
1604 [2159.6729317541412] icfp
results/stochastic:not_icfp.model.global/benchmarks@icfp@icfp_104_10.sl_565044161
177 [178.6914734320271] icfp
results/stochastic:not_icfp.model.global/benchmarks@icfp_generated@icfp_gen_3.10.sl_104745901
skip, forbidden
results/stochastic:not_icfp.model.global/benchmarks@icfp_generated@icfp_gen_12.9.sl_375920617
1679 [2577.724603313127] icfp
results/stochastic:not_icfp.model.global/benchmarks@icfp_generated@icfp_gen_7.4.sl_556559556
3283 [4338.6295527818165] icfp
results/stochastic:not_icfp.model.global/benchmarks@icfp@icfp_105_1000.sl_163007659
90 [123.5854255590436] icfp
results/stochastic:not_icfp.model.global/benchmarks@icfp_generated@icfp_gen_13.16.sl_169070634
3813 [5242.8029623797775] icfp
results/stochastic:not_icfp.model.global/benchmarks@icfp_generated@icfp_gen_2.12.sl_789589128
339 [362.03351800639354] icfp
results/stochastic:not_icfp.model.global/benchmarks@icfp_generated@icfp_gen_11.13.sl_357761638
967 [1381.5332488497559] icfp
results/stochastic:not_icfp.model.global/benchmarks@icfp_generated@icfp_gen_9.15.sl_422916370
1190 [1168.467575370147] icfp
results/stochastic:not_icfp.model.global/benchmarks@icfp_generated@icfp_gen_14.3.sl_016549462
5194 [2871.587255948558] icfp
results/stochastic:not_icfp.model.global/benchmarks@icfp_generated@icfp_gen_15.2.sl_303267425
1575 [3278.658539469878] icfp
results/stochastic:not_icfp.model.global/benchmarks@icfp@icfp_114_100.sl_591289412
378 [745.8105757312521] icfp
results/stochastic:not_icfp.model.global/benchmarks@icfp_generated@icfp_gen_3.14.sl_452246241
496 [526.8783696119541] icfp
results/stochastic:not_icfp.model.global/benchmarks@icfp_generated@icfp_gen_5.11.sl_052966969
1859 [2420.1494453570604] icfp
results/stochastic:not_icfp.model.global/benchmarks@icfp@icfp_96_1000.sl_059328916
1734 [3129.7245548151095] icfp
results/stochastic:not_icfp.model.global/benchmarks@icfp_generated@icfp_gen_15.13.sl_328200113
503 [499.21421305815727] icfp
results/stochastic:not_icfp.model.global/benchmarks@icfp_generated@icfp_gen_7.2.sl_889023395
311 [1393.0457771797317] icfp
results/stochastic:not_icfp.model.global/benchmarks@icfp_generated@icfp_gen_7.17.sl_169483196
181 [334.75365623531906] icfp
results/stochastic:not_icfp.model.global/benchmarks@icfp_generated@icfp_gen_4.13.sl_570361079
3452 [2210.6571707026364] icfp
results/stochastic:not_icfp.model.global/benchmarks@icfp_generated@icfp_gen_5.16.sl_786413656
2189 [734.3958581568594] icfp
results/stochastic:not_icfp.model.global/benchmarks@icfp_generated@icfp_gen_7.11.sl_204112783
1145 [1516.2919287581944] icfp
results/stochastic:not_icfp.model.global/benchmarks@icfp_generated@icfp_gen_11.1.sl_166846716
2518 [2051.091607056243] icfp
results/stochastic:not_icfp.model.global/benchmarks@icfp_generated@icfp_gen_2.11.sl_110367841
4145 [7357.756546928355] icfp
results/stochastic:not_icfp.model.global/benchmarks@icfp_generated@icfp_gen_2.15.sl_699385944
2891 [2765.5846231228866] icfp
results/stochastic:not_icfp.model.global/benchmarks@icfp_generated@icfp_gen_8.14.sl_025318636
2549 [2179.1261527225265] icfp
results/stochastic:not_icfp.model.global/benchmarks@icfp_generated@icfp_gen_10.4.sl_142371000
skip, forbidden
results/stochastic:not_icfp.model.global/benchmarks@icfp_generated@icfp_gen_8.15.sl_269489243
skip, forbidden
results/stochastic:not_icfp.model.global/benchmarks@icfp_generated@icfp_gen_5.14.sl_050516388
1575 [2588.2049412385277] icfp
results/stochastic:not_icfp.model.global/benchmarks@icfp_generated@icfp_gen_14.4.sl_536742863
911 [882.2296529152583] icfp
results/stochastic:not_icfp.model.global/benchmarks@icfp_generated@icfp_gen_3.19.sl_677129187
599 [590.2669984759151] icfp
results/stochastic:not_icfp.model.global/benchmarks@icfp_generated@icfp_gen_6.9.sl_143002843
9548 [7684.110202623547] icfp
results/stochastic:not_icfp.model.global/benchmarks@icfp_generated@icfp_gen_1.18.sl_993913756
2642 [4350.515679190679] icfp
results/stochastic:not_icfp.model.global/benchmarks@icfp_generated@icfp_gen_11.9.sl_746544096
1701 [1816.1411389338757] icfp
results/stochastic:not_icfp.model.global/benchmarks@icfp_generated@icfp_gen_15.8.sl_974515046
skip, forbidden
results/stochastic:not_icfp.model.global/benchmarks@icfp@icfp_68_1000.sl_506999901
skip, forbidden
results/stochastic:not_icfp.model.global/benchmarks@icfp_generated@icfp_gen_4.1.sl_356353797
5029 [1092.3517551469756] icfp
results/stochastic:not_icfp.model.global/benchmarks@icfp_generated@icfp_gen_2.6.sl_073168127
2335 [4055.974475753138] icfp
results/stochastic:not_icfp.model.global/benchmarks@icfp_generated@icfp_gen_3.4.sl_355734842
9 [10.771247708052407] icfp
results/stochastic:not_icfp.model.global/benchmarks@icfp_generated@icfp_gen_5.10.sl_451857393
179 [629.8206976012546] icfp
results/stochastic:not_icfp.model.global/benchmarks@icfp_generated@icfp_gen_6.16.sl_524161741
383 [419.53787482766086] icfp
results/stochastic:not_icfp.model.global/benchmarks@icfp_generated@icfp_gen_14.9.sl_197471639
results/stochastic:not_icfp.model.global/benchmarks@icfp_generated@icfp_gen_1.19.sl_307063160
222 [282.45220615381237] icfp
results/stochastic:not_icfp.model.global/benchmarks@icfp_generated@icfp_gen_8.3.sl_468906046
2272 [2271.181605964104] icfp
results/stochastic:not_icfp.model.global/benchmarks@icfp_generated@icfp_gen_13.4.sl_208849139
3276 [3048.2565791784623] icfp
results/stochastic:not_icfp.model.global/benchmarks@icfp_generated@icfp_gen_5.3.sl_593321271
skip, forbidden
results/stochastic:not_icfp.model.global/benchmarks@icfp_generated@icfp_gen_6.13.sl_132222226
125 [241.7248176237208] icfp
results/stochastic:not_icfp.model.global/benchmarks@icfp_generated@icfp_gen_10.16.sl_812350697
1872 [4197.85950884471] icfp
results/stochastic:not_icfp.model.global/benchmarks@icfp_generated@icfp_gen_5.18.sl_555013364
2208 [2200.401582573527] icfp
results/stochastic:not_icfp.model.global/benchmarks@icfp_generated@icfp_gen_7.1.sl_028881477
results/stochastic:not_icfp.model.global/benchmarks@icfp_generated@icfp_gen_12.17.sl_288158732
778 [777.0505380905744] icfp
results/stochastic:not_icfp.model.global/benchmarks@icfp_generated@icfp_gen_4.10.sl_731118451
92 [207.56175169392904] icfp
results/stochastic:not_icfp.model.global/benchmarks@icfp_generated@icfp_gen_11.12.sl_455702077
2258 [2239.9431158895504] icfp
results/stochastic:not_icfp.model.global/benchmarks@icfp_generated@icfp_gen_7.10.sl_823432388
725 [1125.5825768227733] icfp
results/stochastic:not_icfp.model.global/benchmarks@icfp_generated@icfp_gen_6.19.sl_101470524
3908 [2547.1706604629494] icfp
results/stochastic:not_icfp.model.global/benchmarks@icfp_generated@icfp_gen_15.19.sl_135692523
2026 [1846.1240327150201] icfp
results/stochastic:not_icfp.model.global/benchmarks@icfp_generated@icfp_gen_12.13.sl_202840436
4514 [9188.517891995565] icfp
results/stochastic:not_icfp.model.global/benchmarks@icfp_generated@icfp_gen_5.13.sl_069704293
2901 [2493.148852593131] icfp
results/stochastic:not_icfp.model.global/benchmarks@icfp_generated@icfp_gen_13.10.sl_724976045
280 [194.5312271201664] icfp
results/stochastic:not_icfp.model.global/benchmarks@icfp@icfp_25_1000.sl_056454672
1253 [2113.602258893391] icfp
results/stochastic:not_icfp.model.global/benchmarks@icfp@icfp_5_1000.sl_592272293
180 [217.59399911661893] icfp
results/stochastic:not_icfp.model.global/benchmarks@icfp_generated@icfp_gen_1.9.sl_346088416
4013 [6176.054948578109] icfp
results/stochastic:not_icfp.model.global/benchmarks@icfp@icfp_21_1000.sl_268093230
211 [223.58425073053243] icfp
results/stochastic:not_icfp.model.global/benchmarks@icfp_generated@icfp_gen_2.13.sl_789721086
947 [2600.160480226906] icfp
results/stochastic:not_icfp.model.global/benchmarks@icfp_generated@icfp_gen_12.11.sl_086307507
266 [789.1937054828956] icfp
results/stochastic:not_icfp.model.global/benchmarks@icfp_generated@icfp_gen_6.4.sl_630132072
719 [586.5339299576723] icfp
results/stochastic:not_icfp.model.global/benchmarks@icfp_generated@icfp_gen_1.2.sl_171869215
1890 [1747.9430250508772] icfp
results/stochastic:not_icfp.model.global/benchmarks@icfp@icfp_51_10.sl_211485071
134 [270.39977652179624] icfp
results/stochastic:not_icfp.model.global/benchmarks@icfp@icfp_147_1000.sl_759604333
171 [305.4179194705285] icfp
results/stochastic:not_icfp.model.global/benchmarks@icfp_generated@icfp_gen_4.7.sl_349608870
7214 [9196.765556001545] icfp
results/stochastic:not_icfp.model.global/benchmarks@icfp@icfp_72_10.sl_036626140
361 [370.71824639335557] icfp
results/stochastic:not_icfp.model.global/benchmarks@icfp_generated@icfp_gen_14.2.sl_814801051
169 [755.2757080447792] icfp
results/stochastic:not_icfp.model.global/benchmarks@icfp_generated@icfp_gen_14.11.sl_934668487
4620 [2546.593682109126] icfp
results/stochastic:not_icfp.model.global/benchmarks@icfp_generated@icfp_gen_9.12.sl_246497399
931 [1228.5840412709965] icfp
results/stochastic:not_icfp.model.global/benchmarks@icfp_generated@icfp_gen_7.19.sl_393335769
324 [251.8346894670327] icfp
results/stochastic:not_icfp.model.global/benchmarks@icfp_generated@icfp_gen_8.13.sl_291338766
434 [519.1450498764992] icfp
results/stochastic:not_icfp.model.global/benchmarks@icfp_generated@icfp_gen_15.12.sl_142232465
1696 [2615.8813933638876] icfp
results/stochastic:not_icfp.model.global/benchmarks@icfp_generated@icfp_gen_8.17.sl_161282424
150 [242.26438932682157] icfp
results/stochastic:not_icfp.model.global/benchmarks@icfp_generated@icfp_gen_1.1.sl_984717896
455 [1360.7901423457877] icfp
results/stochastic:not_icfp.model.global/benchmarks@icfp_generated@icfp_gen_11.6.sl_725625579
5 [7.659949856983717] icfp
results/stochastic:not_icfp.model.global/benchmarks@icfp@icfp_45_1000.sl_743741688
27 [45.393841073607675] icfp
results/stochastic:not_icfp.model.global/benchmarks@icfp_generated@icfp_gen_8.6.sl_507764938
2148 [2487.5776878101983] icfp
results/stochastic:not_icfp.model.global/benchmarks@icfp_generated@icfp_gen_13.6.sl_162990629
239 [907.0991905007509] icfp
results/stochastic:not_icfp.model.global/benchmarks@icfp_generated@icfp_gen_4.16.sl_127318831
760 [1849.9615156558355] icfp
results/stochastic:not_icfp.model.global/benchmarks@icfp_generated@icfp_gen_2.16.sl_650957079
979 [675.2099146091093] icfp
results/stochastic:not_icfp.model.global/benchmarks@icfp_generated@icfp_gen_11.18.sl_654343546
3298 [1224.460952140912] icfp
results/stochastic:not_icfp.model.global/benchmarks@icfp_generated@icfp_gen_7.8.sl_297850220
results/stochastic:not_icfp.model.global/benchmarks@icfp@icfp_7_1000.sl_501582954
2799 [1531.6235989822203] icfp
results/stochastic:not_icfp.model.global/benchmarks@icfp_generated@icfp_gen_2.17.sl_818193047
2857 [3766.9671610622895] icfp
results/stochastic:not_icfp.model.global/benchmarks@icfp_generated@icfp_gen_7.13.sl_722697749
1737 [1830.5353345837946] icfp
results/stochastic:not_icfp.model.global/benchmarks@icfp_generated@icfp_gen_4.19.sl_615437364
4200 [5842.507568261379] icfp
results/stochastic:not_icfp.model.global/benchmarks@icfp_generated@icfp_gen_14.20.sl_635719962
1873 [1978.656078221973] icfp
results/stochastic:not_icfp.model.global/benchmarks@icfp_generated@icfp_gen_8.1.sl_499980202
results/stochastic:not_icfp.model.global/benchmarks@icfp_generated@icfp_gen_15.7.sl_909283734
904 [1500.631778404841] icfp
results/stochastic:not_icfp.model.global/benchmarks@icfp_generated@icfp_gen_4.9.sl_566424751
3277 [2873.1715462425914] icfp
results/stochastic:not_icfp.model.global/benchmarks@icfp_generated@icfp_gen_15.15.sl_522853841
2614 [1664.8870931433237] icfp
results/stochastic:not_icfp.model.global/benchmarks@icfp_generated@icfp_gen_14.1.sl_634736424
1643 [1465.2186955673476] icfp
results/stochastic:not_icfp.model.global/benchmarks@icfp_generated@icfp_gen_1.5.sl_928116028
201 [338.786825787048] icfp
results/stochastic:not_icfp.model.global/benchmarks@icfp_generated@icfp_gen_1.17.sl_407689261
3016 [5106.24443467527] icfp
Global stats:
A: 1.110558505223386
G: 1.2124353250803142
icfp
A: 0.7096355392268431
G: 1.2124353250803142
