434
56
results/stochastic:not_hackers.model.global/benchmarks_custom@hackers_delight@hd-08-d1-prog.sl_377758956
55 [57.09119641632274] hackers
results/stochastic:not_hackers.model.global/benchmarks_custom@hackers_delight@hd-17-d0-prog.sl_331561669
277 [499.52382162294134] hackers
results/stochastic:not_hackers.model.global/benchmarks_custom@hackers_delight@hd-07-d5-prog.sl_364383550
525 [1511.1628940765868] hackers
results/stochastic:not_hackers.model.global/benchmarks_custom@hackers_delight@hd-11-d5-prog.sl_338438027
results/stochastic:not_hackers.model.global/benchmarks_custom@hackers_delight@hd-05-d5-prog.sl_350182035
133 [234.67997826022807] hackers
results/stochastic:not_hackers.model.global/benchmarks_custom@hackers_delight@hd-03-d1-prog.sl_601118729
24 [26.429835057556687] hackers
results/stochastic:not_hackers.model.global/benchmarks_custom@hackers_delight@hd-15-d5-prog.sl_125976157
results/stochastic:not_hackers.model.global/benchmarks_custom@hackers_delight@hd-15-d1-prog.sl_983170459
skip, forbidden
results/stochastic:not_hackers.model.global/benchmarks_custom@hackers_delight@hd-08-d5-prog.sl_545349409
120 [170.24495194290353] hackers
results/stochastic:not_hackers.model.global/benchmarks_custom@hackers_delight@hd-07-d1-prog.sl_676018368
99 [146.4133796165058] hackers
results/stochastic:not_hackers.model.global/benchmarks_custom@hackers_delight@hd-18-d0-prog.sl_146132272
results/stochastic:not_hackers.model.global/benchmarks_custom@hackers_delight@hd-13-d1-prog.sl_602081251
34 [38.11576419738886] hackers
results/stochastic:not_hackers.model.global/benchmarks_custom@hackers_delight@hd-02-d5-prog.sl_212685052
96 [223.61049007923873] hackers
results/stochastic:not_hackers.model.global/benchmarks_custom@hackers_delight@hd-10-d5-prog.sl_017057481
results/stochastic:not_hackers.model.global/benchmarks_custom@hackers_delight@hd-10-d0-prog.sl_307187543
results/stochastic:not_hackers.model.global/benchmarks_custom@hackers_delight@hd-11-d1-prog.sl_188396041
results/stochastic:not_hackers.model.global/benchmarks_custom@hackers_delight@hd-11-d0-prog.sl_692753616
results/stochastic:not_hackers.model.global/benchmarks_custom@hackers_delight@hd-02-d1-prog.sl_028256421
27 [52.80565213622834] hackers
results/stochastic:not_hackers.model.global/benchmarks_custom@hackers_delight@hd-10-d1-prog.sl_550831974
results/stochastic:not_hackers.model.global/benchmarks_custom@hackers_delight@hd-05-d1-prog.sl_454747643
52 [55.25165502314504] hackers
results/stochastic:not_hackers.model.global/benchmarks_custom@hackers_delight@hd-06-d5-prog.sl_666790890
191 [341.583880406398] hackers
results/stochastic:not_hackers.model.global/benchmarks_custom@hackers_delight@hd-06-d0-prog.sl_704852899
23 [33.17461030320567] hackers
results/stochastic:not_hackers.model.global/benchmarks_custom@hackers_delight@hd-04-d1-prog.sl_620818839
55 [98.7977462356773] hackers
results/stochastic:not_hackers.model.global/benchmarks_custom@hackers_delight@hd-12-d5-prog.sl_023749754
results/stochastic:not_hackers.model.global/benchmarks_custom@hackers_delight@hd-04-d0-prog.sl_987775523
17 [19.953082427327114] hackers
results/stochastic:not_hackers.model.global/benchmarks_custom@hackers_delight@hd-05-d0-prog.sl_110596980
12 [21.653271657906107] hackers
results/stochastic:not_hackers.model.global/benchmarks_custom@hackers_delight@hd-19-d1-prog.sl_000595549
results/stochastic:not_hackers.model.global/benchmarks_custom@hackers_delight@hd-17-d5-prog.sl_354663044
results/stochastic:not_hackers.model.global/benchmarks_custom@hackers_delight@hd-19-d5-prog.sl_355691098
results/stochastic:not_hackers.model.global/benchmarks_custom@hackers_delight@hd-20-d5-prog.sl_402791868
results/stochastic:not_hackers.model.global/benchmarks_custom@hackers_delight@hd-12-d0-prog.sl_678097077
results/stochastic:not_hackers.model.global/benchmarks_custom@hackers_delight@hd-12-d1-prog.sl_479198226
results/stochastic:not_hackers.model.global/benchmarks_custom@hackers_delight@hd-17-d1-prog.sl_049315260
859 [1114.0652110548606] hackers
results/stochastic:not_hackers.model.global/benchmarks_custom@hackers_delight@hd-20-d1-prog.sl_215083104
results/stochastic:not_hackers.model.global/benchmarks_custom@hackers_delight@hd-04-d5-prog.sl_238053370
204 [274.92290551369945] hackers
results/stochastic:not_hackers.model.global/benchmarks_custom@hackers_delight@hd-19-d0-prog.sl_552417751
results/stochastic:not_hackers.model.global/benchmarks_custom@hackers_delight@hd-20-d0-prog.sl_602985577
results/stochastic:not_hackers.model.global/benchmarks_custom@hackers_delight@hd-18-d5-prog.sl_982204354
results/stochastic:not_hackers.model.global/benchmarks_custom@hackers_delight@hd-09-d1-prog.sl_491751377
73 [54.000118146207946] hackers
results/stochastic:not_hackers.model.global/benchmarks_custom@hackers_delight@hd-01-d5-prog.sl_843107018
139 [187.58614999401073] hackers
results/stochastic:not_hackers.model.global/benchmarks_custom@hackers_delight@hd-14-d1-prog.sl_066922957
skip, forbidden
results/stochastic:not_hackers.model.global/benchmarks_custom@hackers_delight@hd-03-d5-prog.sl_257029863
41 [60.27314960825695] hackers
results/stochastic:not_hackers.model.global/benchmarks_custom@hackers_delight@hd-13-d5-prog.sl_950908547
36 [52.46432976960532] hackers
results/stochastic:not_hackers.model.global/benchmarks_custom@hackers_delight@hd-13-d0-prog.sl_321914645
26 [38.1421594887902] hackers
results/stochastic:not_hackers.model.global/benchmarks_custom@hackers_delight@hd-02-d0-prog.sl_165560679
8 [13.547914852947054] hackers
results/stochastic:not_hackers.model.global/benchmarks_custom@hackers_delight@hd-07-d0-prog.sl_324188738
51 [53.41618705792747] hackers
results/stochastic:not_hackers.model.global/benchmarks_custom@hackers_delight@hd-14-d0-prog.sl_469191744
3323 [2724.2825119388294] hackers
results/stochastic:not_hackers.model.global/benchmarks_custom@hackers_delight@hd-09-d0-prog.sl_359400762
72 [116.38870651406666] hackers
results/stochastic:not_hackers.model.global/benchmarks_custom@hackers_delight@hd-06-d1-prog.sl_220772038
74 [122.91422729565919] hackers
results/stochastic:not_hackers.model.global/benchmarks_custom@hackers_delight@hd-03-d0-prog.sl_683664418
4 [4.0] hackers
results/stochastic:not_hackers.model.global/benchmarks_custom@hackers_delight@hd-01-d1-prog.sl_271427215
40 [41.28883857823398] hackers
results/stochastic:not_hackers.model.global/benchmarks_custom@hackers_delight@hd-14-d5-prog.sl_148109886
results/stochastic:not_hackers.model.global/benchmarks_custom@hackers_delight@hd-15-d0-prog.sl_273988086
results/stochastic:not_hackers.model.global/benchmarks_custom@hackers_delight@hd-09-d5-prog.sl_673147334
96 [51.4230498104616] hackers
results/stochastic:not_hackers.model.global/benchmarks_custom@hackers_delight@hd-18-d1-prog.sl_002697244
results/stochastic:not_hackers.model.global/benchmarks_custom@hackers_delight@hd-08-d0-prog.sl_658043957
34 [45.23060597654513] hackers
Global stats:
A: 1.2440525329999501
G: 1.3592299689312628
hackers
A: 0.6524585872151281
G: 1.3592299689312628
